Creation of the Evaluator...
Creation of the Evaluator done with 7 worker(s)
Starting the search...
Running on GPU  1
Running on GPU  2
Running on GPU  3
Running on GPU  4
Running on GPU  6
Running on GPU  7
Running on GPU  5
Files already downloaded and verified
Files already downloaded and verified
Files already downloaded and verified
Files already downloaded and verified
Files already downloaded and verified
Files already downloaded and verified
Files already downloaded and verified
Files already downloaded and verified
Files already downloaded and verified
Files already downloaded and verified
Files already downloaded and verified
Files already downloaded and verified
Files already downloaded and verified
Files already downloaded and verified
The accuracy of the model of worker 0 on epoch 0 is 10.66%
The accuracy of the model of worker 0 on epoch 0 is 10.66%
The accuracy of the model of worker 0 on epoch 0 is 10.66%
The accuracy of the model of worker 0 on epoch 0 is 10.66%
The accuracy of the model of worker 0 on epoch 0 is 10.66%
The accuracy of the model of worker 0 on epoch 0 is 10.66%
The accuracy of the model of worker 0 on epoch 0 is 10.66%
The accuracy of the model of worker 0 on epoch 1 is 40.0%
The accuracy of the model of worker 0 on epoch 1 is 10.42%
The accuracy of the model of worker 0 on epoch 1 is 13.8%
The accuracy of the model of worker 0 on epoch 1 is 19.7%
The accuracy of the model of worker 0 on epoch 1 is 10.08%
The accuracy of the model of worker 0 on epoch 1 is 20.66%
The accuracy of the model of worker 0 on epoch 1 is 24.32%
[08/03 10:52:50] __main__ INFO: Epoch: 11, GradMatch subset selection finished, takes 18.6215. 
[08/03 10:52:50] __main__ INFO: Epoch: 11, GradMatch subset selection finished, takes 18.4343. 
[08/03 10:52:50] __main__ INFO: Epoch: 11, GradMatch subset selection finished, takes 18.6364. 
[08/03 10:52:50] __main__ INFO: Epoch: 11, GradMatch subset selection finished, takes 18.4356. 
[08/03 10:52:50] __main__ INFO: Epoch: 11, GradMatch subset selection finished, takes 18.9357. 
[08/03 10:52:50] __main__ INFO: Epoch: 11, GradMatch subset selection finished, takes 19.0742. 
[08/03 10:52:50] __main__ INFO: Epoch: 11, GradMatch subset selection finished, takes 18.8490. 
The accuracy of the model of worker 0 on epoch 11 is 10.14%
The accuracy of the model of worker 0 on epoch 11 is 39.58%
The accuracy of the model of worker 0 on epoch 11 is 29.160000000000004%
The accuracy of the model of worker 0 on epoch 11 is 57.52%
The accuracy of the model of worker 0 on epoch 11 is 64.2%
The accuracy of the model of worker 0 on epoch 11 is 43.059999999999995%
The accuracy of the model of worker 0 on epoch 11 is 7.24%
[08/03 10:53:43] __main__ INFO: Epoch: 21, GradMatch subset selection finished, takes 16.1980. 
[08/03 10:53:44] __main__ INFO: Epoch: 21, GradMatch subset selection finished, takes 16.3238. 
[08/03 10:53:44] __main__ INFO: Epoch: 21, GradMatch subset selection finished, takes 16.5606. 
[08/03 10:53:44] __main__ INFO: Epoch: 21, GradMatch subset selection finished, takes 16.3461. 
[08/03 10:53:44] __main__ INFO: Epoch: 21, GradMatch subset selection finished, takes 16.3213. 
[08/03 10:53:46] __main__ INFO: Epoch: 21, GradMatch subset selection finished, takes 16.8004. 
[08/03 10:53:46] __main__ INFO: Epoch: 21, GradMatch subset selection finished, takes 16.8714. 
The accuracy of the model of worker 0 on epoch 21 is 10.280000000000001%
The accuracy of the model of worker 0 on epoch 21 is 67.04%
The accuracy of the model of worker 0 on epoch 21 is 44.879999999999995%
The accuracy of the model of worker 0 on epoch 21 is 71.72%
The accuracy of the model of worker 0 on epoch 21 is 52.18000000000001%
The accuracy of the model of worker 0 on epoch 21 is 58.34%
The accuracy of the model of worker 0 on epoch 21 is 18.6%
[08/03 10:54:38] __main__ INFO: Epoch: 31, GradMatch subset selection finished, takes 16.5979. 
[08/03 10:54:38] __main__ INFO: Epoch: 31, GradMatch subset selection finished, takes 16.1702. 
[08/03 10:54:38] __main__ INFO: Epoch: 31, GradMatch subset selection finished, takes 16.1404. 
[08/03 10:54:38] __main__ INFO: Epoch: 31, GradMatch subset selection finished, takes 16.2353. 
[08/03 10:54:39] __main__ INFO: Epoch: 31, GradMatch subset selection finished, takes 16.2606. 
[08/03 10:54:41] __main__ INFO: Epoch: 31, GradMatch subset selection finished, takes 16.7027. 
[08/03 10:54:42] __main__ INFO: Epoch: 31, GradMatch subset selection finished, takes 16.8295. 
The accuracy of the model of worker 0 on epoch 31 is 74.44%
The accuracy of the model of worker 0 on epoch 31 is 9.32%
The accuracy of the model of worker 0 on epoch 31 is 19.0%
The accuracy of the model of worker 0 on epoch 31 is 73.02%
The accuracy of the model of worker 0 on epoch 31 is 54.94%
The accuracy of the model of worker 0 on epoch 31 is 58.440000000000005%
The accuracy of the model of worker 0 on epoch 31 is 41.72%
[08/03 10:55:31] __main__ INFO: Epoch: 41, GradMatch subset selection finished, takes 16.4816. 
[08/03 10:55:32] __main__ INFO: Epoch: 41, GradMatch subset selection finished, takes 16.1149. 
[08/03 10:55:32] __main__ INFO: Epoch: 41, GradMatch subset selection finished, takes 16.0827. 
[08/03 10:55:32] __main__ INFO: Epoch: 41, GradMatch subset selection finished, takes 16.0972. 
[08/03 10:55:33] __main__ INFO: Epoch: 41, GradMatch subset selection finished, takes 16.1769. 
[08/03 10:55:36] __main__ INFO: Epoch: 41, GradMatch subset selection finished, takes 16.6583. 
The accuracy of the model of worker 0 on epoch 41 is 75.3%
The accuracy of the model of worker 0 on epoch 41 is 11.78%
The accuracy of the model of worker 0 on epoch 41 is 23.78%
The accuracy of the model of worker 0 on epoch 41 is 64.74%
The accuracy of the model of worker 0 on epoch 41 is 61.86000000000001%
[08/03 10:55:38] __main__ INFO: Epoch: 41, GradMatch subset selection finished, takes 16.7680. 
The accuracy of the model of worker 0 on epoch 41 is 51.66%
The accuracy of the model of worker 0 on epoch 41 is 21.26%
The accuracy of the model of worker 0 on epoch 50 is 76.96%
The accuracy of the model of worker 0 on epoch 50 is 10.639999999999999%
The accuracy of the model of worker 0 on epoch 50 is 63.62%
The accuracy of the model of worker 0 on epoch 50 is 18.38%
The accuracy of the model of worker 0 on epoch 50 is 63.839999999999996%
Running on GPU  2
Running on GPU  1
Running on GPU  3
Running on GPU  5
Running on GPU  7
Files already downloaded and verified
Files already downloaded and verified
Files already downloaded and verified
Files already downloaded and verified
Files already downloaded and verified
Files already downloaded and verified
Files already downloaded and verified
Files already downloaded and verified
Files already downloaded and verified
Files already downloaded and verified
The accuracy of the model of worker 0 on epoch 50 is 58.14%
Running on GPU  4
Files already downloaded and verified
Files already downloaded and verified
The accuracy of the model of worker 0 on epoch 0 is 10.66%
The accuracy of the model of worker 0 on epoch 0 is 10.66%
The accuracy of the model of worker 0 on epoch 0 is 10.66%
The accuracy of the model of worker 0 on epoch 0 is 10.66%
The accuracy of the model of worker 0 on epoch 0 is 10.66%
The accuracy of the model of worker 0 on epoch 50 is 10.24%
Running on GPU  6
The accuracy of the model of worker 0 on epoch 0 is 10.66%
Files already downloaded and verified
Files already downloaded and verified
The accuracy of the model of worker 0 on epoch 0 is 10.66%
The accuracy of the model of worker 0 on epoch 1 is 35.74%
The accuracy of the model of worker 0 on epoch 1 is 12.3%
The accuracy of the model of worker 0 on epoch 1 is 11.62%
The accuracy of the model of worker 0 on epoch 1 is 37.1%
The accuracy of the model of worker 0 on epoch 1 is 10.08%
The accuracy of the model of worker 0 on epoch 1 is 33.379999999999995%
The accuracy of the model of worker 0 on epoch 1 is 38.1%
[08/03 10:57:12] __main__ INFO: Epoch: 11, GradMatch subset selection finished, takes 16.0254. 
[08/03 10:57:12] __main__ INFO: Epoch: 11, GradMatch subset selection finished, takes 16.1104. 
[08/03 10:57:12] __main__ INFO: Epoch: 11, GradMatch subset selection finished, takes 16.1909. 
[08/03 10:57:13] __main__ INFO: Epoch: 11, GradMatch subset selection finished, takes 16.2381. 
[08/03 10:57:13] __main__ INFO: Epoch: 11, GradMatch subset selection finished, takes 16.7983. 
[08/03 10:57:14] __main__ INFO: Epoch: 11, GradMatch subset selection finished, takes 16.2037. 
The accuracy of the model of worker 0 on epoch 11 is 67.46%
The accuracy of the model of worker 0 on epoch 11 is 11.18%
The accuracy of the model of worker 0 on epoch 11 is 10.14%
The accuracy of the model of worker 0 on epoch 11 is 62.239999999999995%
[08/03 10:57:18] __main__ INFO: Epoch: 11, GradMatch subset selection finished, takes 16.6423. 
The accuracy of the model of worker 0 on epoch 11 is 22.2%
The accuracy of the model of worker 0 on epoch 11 is 66.94%
The accuracy of the model of worker 0 on epoch 11 is 60.940000000000005%
[08/03 10:58:05] __main__ INFO: Epoch: 21, GradMatch subset selection finished, takes 15.9637. 
[08/03 10:58:06] __main__ INFO: Epoch: 21, GradMatch subset selection finished, takes 16.0887. 
[08/03 10:58:06] __main__ INFO: Epoch: 21, GradMatch subset selection finished, takes 16.0917. 
[08/03 10:58:07] __main__ INFO: Epoch: 21, GradMatch subset selection finished, takes 16.2725. 
[08/03 10:58:08] __main__ INFO: Epoch: 21, GradMatch subset selection finished, takes 16.1870. 
[08/03 10:58:09] __main__ INFO: Epoch: 21, GradMatch subset selection finished, takes 16.8311. 
The accuracy of the model of worker 0 on epoch 21 is 64.38000000000001%
The accuracy of the model of worker 0 on epoch 21 is 9.76%
The accuracy of the model of worker 0 on epoch 21 is 13.88%
The accuracy of the model of worker 0 on epoch 21 is 68.76%
The accuracy of the model of worker 0 on epoch 21 is 64.66%
[08/03 10:58:14] __main__ INFO: Epoch: 21, GradMatch subset selection finished, takes 16.6367. 
The accuracy of the model of worker 0 on epoch 21 is 21.54%
The accuracy of the model of worker 0 on epoch 21 is 61.1%
[08/03 10:58:59] __main__ INFO: Epoch: 31, GradMatch subset selection finished, takes 16.0855. 
[08/03 10:59:00] __main__ INFO: Epoch: 31, GradMatch subset selection finished, takes 16.0750. 
[08/03 10:59:01] __main__ INFO: Epoch: 31, GradMatch subset selection finished, takes 16.0581. 
[08/03 10:59:02] __main__ INFO: Epoch: 31, GradMatch subset selection finished, takes 16.2165. 
[08/03 10:59:03] __main__ INFO: Epoch: 31, GradMatch subset selection finished, takes 16.1092. 
[08/03 10:59:04] __main__ INFO: Epoch: 31, GradMatch subset selection finished, takes 16.8111. 
The accuracy of the model of worker 0 on epoch 31 is 76.7%
The accuracy of the model of worker 0 on epoch 31 is 26.82%
The accuracy of the model of worker 0 on epoch 31 is 29.28%
The accuracy of the model of worker 0 on epoch 31 is 75.88000000000001%
The accuracy of the model of worker 0 on epoch 31 is 63.839999999999996%
The accuracy of the model of worker 0 on epoch 31 is 36.38%
[08/03 10:59:10] __main__ INFO: Epoch: 31, GradMatch subset selection finished, takes 16.6779. 
The accuracy of the model of worker 0 on epoch 31 is 71.1%
[08/03 10:59:52] __main__ INFO: Epoch: 41, GradMatch subset selection finished, takes 16.0370. 
[08/03 10:59:54] __main__ INFO: Epoch: 41, GradMatch subset selection finished, takes 16.0840. 
[08/03 10:59:55] __main__ INFO: Epoch: 41, GradMatch subset selection finished, takes 16.2347. 
[08/03 10:59:57] __main__ INFO: Epoch: 41, GradMatch subset selection finished, takes 16.6567. 
[08/03 10:59:58] __main__ INFO: Epoch: 41, GradMatch subset selection finished, takes 16.4091. 
The accuracy of the model of worker 0 on epoch 41 is 76.46%
[08/03 10:59:59] __main__ INFO: Epoch: 41, GradMatch subset selection finished, takes 16.8617. 
The accuracy of the model of worker 0 on epoch 41 is 9.76%
The accuracy of the model of worker 0 on epoch 41 is 42.18%
The accuracy of the model of worker 0 on epoch 41 is 81.17999999999999%
The accuracy of the model of worker 0 on epoch 41 is 74.7%
The accuracy of the model of worker 0 on epoch 41 is 47.9%
[08/03 11:00:06] __main__ INFO: Epoch: 41, GradMatch subset selection finished, takes 16.8108. 
The accuracy of the model of worker 0 on epoch 41 is 72.66%
The accuracy of the model of worker 0 on epoch 50 is 78.60000000000001%
Running on GPU  1
Files already downloaded and verified
Files already downloaded and verified
The accuracy of the model of worker 0 on epoch 50 is 13.780000000000001%
Running on GPU  5
Files already downloaded and verified
The accuracy of the model of worker 0 on epoch 0 is 10.66%
Files already downloaded and verified
The accuracy of the model of worker 0 on epoch 50 is 40.36%
Running on GPU  3
Files already downloaded and verified
The accuracy of the model of worker 0 on epoch 50 is 81.6%
Files already downloaded and verified
Running on GPU  7
The accuracy of the model of worker 0 on epoch 0 is 10.66%
Files already downloaded and verified
The accuracy of the model of worker 0 on epoch 50 is 72.32%
Running on GPU  4
Files already downloaded and verified
Files already downloaded and verified
The accuracy of the model of worker 0 on epoch 50 is 51.1%
The accuracy of the model of worker 0 on epoch 0 is 10.66%
Files already downloaded and verified
Running on GPU  2
Files already downloaded and verified
The accuracy of the model of worker 0 on epoch 1 is 36.32%
The accuracy of the model of worker 0 on epoch 0 is 10.66%
Files already downloaded and verified
The accuracy of the model of worker 0 on epoch 0 is 10.66%
The accuracy of the model of worker 0 on epoch 0 is 10.66%
The accuracy of the model of worker 0 on epoch 1 is 20.22%
The accuracy of the model of worker 0 on epoch 1 is 39.48%
The accuracy of the model of worker 0 on epoch 1 is 34.9%
The accuracy of the model of worker 0 on epoch 1 is 35.3%
The accuracy of the model of worker 0 on epoch 50 is 75.44%
Running on GPU  6
Files already downloaded and verified
The accuracy of the model of worker 0 on epoch 1 is 40.52%
Files already downloaded and verified
The accuracy of the model of worker 0 on epoch 0 is 10.66%
The accuracy of the model of worker 0 on epoch 1 is 36.5%
[08/03 11:01:28] __main__ INFO: Epoch: 11, GradMatch subset selection finished, takes 15.9422. 
[08/03 11:01:31] __main__ INFO: Epoch: 11, GradMatch subset selection finished, takes 16.0769. 
The accuracy of the model of worker 0 on epoch 11 is 63.160000000000004%
[08/03 11:01:33] __main__ INFO: Epoch: 11, GradMatch subset selection finished, takes 16.0405. 
[08/03 11:01:35] __main__ INFO: Epoch: 11, GradMatch subset selection finished, takes 16.1352. 
[08/03 11:01:35] __main__ INFO: Epoch: 11, GradMatch subset selection finished, takes 16.0946. 
The accuracy of the model of worker 0 on epoch 11 is 51.2%
[08/03 11:01:37] __main__ INFO: Epoch: 11, GradMatch subset selection finished, takes 16.3031. 
The accuracy of the model of worker 0 on epoch 11 is 62.28%
The accuracy of the model of worker 0 on epoch 11 is 66.78%
The accuracy of the model of worker 0 on epoch 11 is 59.34%
The accuracy of the model of worker 0 on epoch 11 is 62.8%
[08/03 11:01:47] __main__ INFO: Epoch: 11, GradMatch subset selection finished, takes 16.4210. 
The accuracy of the model of worker 0 on epoch 11 is 69.32000000000001%
[08/03 11:02:21] __main__ INFO: Epoch: 21, GradMatch subset selection finished, takes 16.0827. 
[08/03 11:02:25] __main__ INFO: Epoch: 21, GradMatch subset selection finished, takes 16.1353. 
The accuracy of the model of worker 0 on epoch 21 is 60.160000000000004%
[08/03 11:02:28] __main__ INFO: Epoch: 21, GradMatch subset selection finished, takes 16.1255. 
[08/03 11:02:29] __main__ INFO: Epoch: 21, GradMatch subset selection finished, takes 16.2298. 
[08/03 11:02:30] __main__ INFO: Epoch: 21, GradMatch subset selection finished, takes 16.2533. 
The accuracy of the model of worker 0 on epoch 21 is 57.9%
[08/03 11:02:31] __main__ INFO: Epoch: 21, GradMatch subset selection finished, takes 16.3154. 
The accuracy of the model of worker 0 on epoch 21 is 69.17999999999999%
The accuracy of the model of worker 0 on epoch 21 is 74.8%
The accuracy of the model of worker 0 on epoch 21 is 70.98%
The accuracy of the model of worker 0 on epoch 21 is 72.7%
[08/03 11:02:42] __main__ INFO: Epoch: 21, GradMatch subset selection finished, takes 16.2341. 
The accuracy of the model of worker 0 on epoch 21 is 58.02%
[08/03 11:03:14] __main__ INFO: Epoch: 31, GradMatch subset selection finished, takes 15.9716. 
[08/03 11:03:19] __main__ INFO: Epoch: 31, GradMatch subset selection finished, takes 16.0448. 
The accuracy of the model of worker 0 on epoch 31 is 69.52000000000001%
[08/03 11:03:22] __main__ INFO: Epoch: 31, GradMatch subset selection finished, takes 16.1942. 
[08/03 11:03:24] __main__ INFO: Epoch: 31, GradMatch subset selection finished, takes 16.1417. 
[08/03 11:03:24] __main__ INFO: Epoch: 31, GradMatch subset selection finished, takes 16.1151. 
The accuracy of the model of worker 0 on epoch 31 is 68.2%
[08/03 11:03:26] __main__ INFO: Epoch: 31, GradMatch subset selection finished, takes 16.3536. 
The accuracy of the model of worker 0 on epoch 31 is 71.66%
The accuracy of the model of worker 0 on epoch 31 is 78.8%
The accuracy of the model of worker 0 on epoch 31 is 76.7%
The accuracy of the model of worker 0 on epoch 31 is 78.96%
[08/03 11:03:37] __main__ INFO: Epoch: 31, GradMatch subset selection finished, takes 16.3121. 
The accuracy of the model of worker 0 on epoch 31 is 73.6%
[08/03 11:04:08] __main__ INFO: Epoch: 41, GradMatch subset selection finished, takes 16.0553. 
The accuracy of the model of worker 0 on epoch 41 is 66.94%
[08/03 11:04:13] __main__ INFO: Epoch: 41, GradMatch subset selection finished, takes 16.2230. 
[08/03 11:04:16] __main__ INFO: Epoch: 41, GradMatch subset selection finished, takes 16.1842. 
[08/03 11:04:18] __main__ INFO: Epoch: 41, GradMatch subset selection finished, takes 16.2391. 
The accuracy of the model of worker 0 on epoch 41 is 69.16%
[08/03 11:04:19] __main__ INFO: Epoch: 41, GradMatch subset selection finished, takes 16.1750. 
[08/03 11:04:20] __main__ INFO: Epoch: 41, GradMatch subset selection finished, takes 16.3127. 
The accuracy of the model of worker 0 on epoch 41 is 70.62%
The accuracy of the model of worker 0 on epoch 41 is 79.4%
The accuracy of the model of worker 0 on epoch 41 is 79.75999999999999%
The accuracy of the model of worker 0 on epoch 41 is 81.10000000000001%
[08/03 11:04:33] __main__ INFO: Epoch: 41, GradMatch subset selection finished, takes 16.7555. 
The accuracy of the model of worker 0 on epoch 41 is 77.98%
The accuracy of the model of worker 0 on epoch 50 is 75.48%
Running on GPU  1
Files already downloaded and verified
Files already downloaded and verified
The accuracy of the model of worker 0 on epoch 0 is 10.66%
The accuracy of the model of worker 0 on epoch 50 is 70.04%
Running on GPU  5
Files already downloaded and verified
Files already downloaded and verified
The accuracy of the model of worker 0 on epoch 1 is 38.24%
The accuracy of the model of worker 0 on epoch 0 is 10.66%
The accuracy of the model of worker 0 on epoch 50 is 74.33999999999999%
Running on GPU  3
Files already downloaded and verified
Files already downloaded and verified
The accuracy of the model of worker 0 on epoch 50 is 79.28%
Running on GPU  7
Files already downloaded and verified
The accuracy of the model of worker 0 on epoch 50 is 80.42%
The accuracy of the model of worker 0 on epoch 50 is 80.88%
Files already downloaded and verified
Running on GPU  2
The accuracy of the model of worker 0 on epoch 0 is 10.66%
Files already downloaded and verified
Running on GPU  4
Files already downloaded and verified
Files already downloaded and verified
Files already downloaded and verified
The accuracy of the model of worker 0 on epoch 1 is 30.34%
The accuracy of the model of worker 0 on epoch 0 is 10.66%
The accuracy of the model of worker 0 on epoch 0 is 10.66%
The accuracy of the model of worker 0 on epoch 0 is 10.66%
The accuracy of the model of worker 0 on epoch 1 is 30.42%
The accuracy of the model of worker 0 on epoch 1 is 39.519999999999996%
The accuracy of the model of worker 0 on epoch 1 is 32.379999999999995%
The accuracy of the model of worker 0 on epoch 1 is 27.900000000000002%
The accuracy of the model of worker 0 on epoch 50 is 71.67999999999999%
Running on GPU  6
Files already downloaded and verified
Files already downloaded and verified
The accuracy of the model of worker 0 on epoch 0 is 10.66%
The accuracy of the model of worker 0 on epoch 1 is 28.22%
[08/03 11:05:43] __main__ INFO: Epoch: 11, GradMatch subset selection finished, takes 16.1254. 
The accuracy of the model of worker 0 on epoch 11 is 66.12%
[08/03 11:05:50] __main__ INFO: Epoch: 11, GradMatch subset selection finished, takes 16.1506. 
[08/03 11:05:55] __main__ INFO: Epoch: 11, GradMatch subset selection finished, takes 16.1270. 
The accuracy of the model of worker 0 on epoch 11 is 59.38%
[08/03 11:05:57] __main__ INFO: Epoch: 11, GradMatch subset selection finished, takes 16.2186. 
[08/03 11:05:57] __main__ INFO: Epoch: 11, GradMatch subset selection finished, takes 16.2983. 
[08/03 11:05:58] __main__ INFO: Epoch: 11, GradMatch subset selection finished, takes 16.1239. 
The accuracy of the model of worker 0 on epoch 11 is 55.059999999999995%
The accuracy of the model of worker 0 on epoch 11 is 61.8%
The accuracy of the model of worker 0 on epoch 11 is 48.9%
The accuracy of the model of worker 0 on epoch 11 is 44.46%
[08/03 11:06:13] __main__ INFO: Epoch: 11, GradMatch subset selection finished, takes 16.1259. 
The accuracy of the model of worker 0 on epoch 11 is 44.940000000000005%
[08/03 11:06:37] __main__ INFO: Epoch: 21, GradMatch subset selection finished, takes 16.0688. 
The accuracy of the model of worker 0 on epoch 21 is 68.66%
[08/03 11:06:45] __main__ INFO: Epoch: 21, GradMatch subset selection finished, takes 16.1565. 
[08/03 11:06:49] __main__ INFO: Epoch: 21, GradMatch subset selection finished, takes 16.0289. 
The accuracy of the model of worker 0 on epoch 21 is 60.5%
[08/03 11:06:51] __main__ INFO: Epoch: 21, GradMatch subset selection finished, takes 16.2012. 
[08/03 11:06:51] __main__ INFO: Epoch: 21, GradMatch subset selection finished, takes 16.1920. 
[08/03 11:06:53] __main__ INFO: Epoch: 21, GradMatch subset selection finished, takes 16.1051. 
The accuracy of the model of worker 0 on epoch 21 is 63.82%
The accuracy of the model of worker 0 on epoch 21 is 72.2%
The accuracy of the model of worker 0 on epoch 21 is 58.68%
The accuracy of the model of worker 0 on epoch 21 is 54.52%
[08/03 11:07:08] __main__ INFO: Epoch: 21, GradMatch subset selection finished, takes 16.2144. 
The accuracy of the model of worker 0 on epoch 21 is 58.26%
[08/03 11:07:30] __main__ INFO: Epoch: 31, GradMatch subset selection finished, takes 16.0558. 
The accuracy of the model of worker 0 on epoch 31 is 77.12%
[08/03 11:07:39] __main__ INFO: Epoch: 31, GradMatch subset selection finished, takes 16.2304. 
[08/03 11:07:43] __main__ INFO: Epoch: 31, GradMatch subset selection finished, takes 16.1414. 
The accuracy of the model of worker 0 on epoch 31 is 73.48%
[08/03 11:07:46] __main__ INFO: Epoch: 31, GradMatch subset selection finished, takes 16.3045. 
[08/03 11:07:46] __main__ INFO: Epoch: 31, GradMatch subset selection finished, takes 16.3334. 
[08/03 11:07:47] __main__ INFO: Epoch: 31, GradMatch subset selection finished, takes 16.1504. 
The accuracy of the model of worker 0 on epoch 31 is 73.72%
The accuracy of the model of worker 0 on epoch 31 is 79.25999999999999%
The accuracy of the model of worker 0 on epoch 31 is 68.30000000000001%
The accuracy of the model of worker 0 on epoch 31 is 65.0%
[08/03 11:08:04] __main__ INFO: Epoch: 31, GradMatch subset selection finished, takes 16.3310. 
The accuracy of the model of worker 0 on epoch 31 is 68.96%
[08/03 11:08:24] __main__ INFO: Epoch: 41, GradMatch subset selection finished, takes 16.1070. 
The accuracy of the model of worker 0 on epoch 41 is 75.06%
[08/03 11:08:33] __main__ INFO: Epoch: 41, GradMatch subset selection finished, takes 16.1491. 
[08/03 11:08:37] __main__ INFO: Epoch: 41, GradMatch subset selection finished, takes 16.1059. 
The accuracy of the model of worker 0 on epoch 41 is 64.25999999999999%
[08/03 11:08:40] __main__ INFO: Epoch: 41, GradMatch subset selection finished, takes 16.3289. 
[08/03 11:08:40] __main__ INFO: Epoch: 41, GradMatch subset selection finished, takes 16.3066. 
[08/03 11:08:41] __main__ INFO: Epoch: 41, GradMatch subset selection finished, takes 16.1071. 
The accuracy of the model of worker 0 on epoch 41 is 78.06%
The accuracy of the model of worker 0 on epoch 41 is 81.16%
The accuracy of the model of worker 0 on epoch 41 is 73.76%
The accuracy of the model of worker 0 on epoch 41 is 67.5%
[08/03 11:08:59] __main__ INFO: Epoch: 41, GradMatch subset selection finished, takes 16.4426. 
The accuracy of the model of worker 0 on epoch 50 is 77.72%
Running on GPU  1
Files already downloaded and verified
Files already downloaded and verified
The accuracy of the model of worker 0 on epoch 41 is 71.16%
The accuracy of the model of worker 0 on epoch 0 is 10.66%
The accuracy of the model of worker 0 on epoch 1 is 33.08%
The accuracy of the model of worker 0 on epoch 50 is 74.38%
Running on GPU  5
Files already downloaded and verified
Files already downloaded and verified
The accuracy of the model of worker 0 on epoch 0 is 10.66%
The accuracy of the model of worker 0 on epoch 50 is 78.9%
Running on GPU  3
Files already downloaded and verified
Files already downloaded and verified
The accuracy of the model of worker 0 on epoch 50 is 81.88%
Running on GPU  7
Files already downloaded and verified
The accuracy of the model of worker 0 on epoch 0 is 10.66%
The accuracy of the model of worker 0 on epoch 50 is 73.78%
The accuracy of the model of worker 0 on epoch 50 is 68.17999999999999%
Running on GPU  4
The accuracy of the model of worker 0 on epoch 1 is 27.72%
Files already downloaded and verified
Files already downloaded and verified
Running on GPU  2
Files already downloaded and verified
Files already downloaded and verified
Files already downloaded and verified
The accuracy of the model of worker 0 on epoch 0 is 10.66%
The accuracy of the model of worker 0 on epoch 0 is 10.66%
The accuracy of the model of worker 0 on epoch 0 is 10.66%
The accuracy of the model of worker 0 on epoch 1 is 18.72%
The accuracy of the model of worker 0 on epoch 1 is 37.72%
The accuracy of the model of worker 0 on epoch 1 is 37.0%
The accuracy of the model of worker 0 on epoch 1 is 19.1%
The accuracy of the model of worker 0 on epoch 50 is 70.8%
Running on GPU  6
Files already downloaded and verified
Files already downloaded and verified
The accuracy of the model of worker 0 on epoch 0 is 10.66%
The accuracy of the model of worker 0 on epoch 1 is 11.020000000000001%
[08/03 11:10:00] __main__ INFO: Epoch: 11, GradMatch subset selection finished, takes 16.0233. 
The accuracy of the model of worker 0 on epoch 11 is 50.06%
[08/03 11:10:10] __main__ INFO: Epoch: 11, GradMatch subset selection finished, takes 16.1622. 
[08/03 11:10:15] __main__ INFO: Epoch: 11, GradMatch subset selection finished, takes 16.1410. 
The accuracy of the model of worker 0 on epoch 11 is 45.48%
[08/03 11:10:18] __main__ INFO: Epoch: 11, GradMatch subset selection finished, takes 16.1372. 
[08/03 11:10:19] __main__ INFO: Epoch: 11, GradMatch subset selection finished, takes 16.0834. 
[08/03 11:10:20] __main__ INFO: Epoch: 11, GradMatch subset selection finished, takes 16.1535. 
The accuracy of the model of worker 0 on epoch 11 is 46.94%
The accuracy of the model of worker 0 on epoch 11 is 57.74%
The accuracy of the model of worker 0 on epoch 11 is 64.24%
The accuracy of the model of worker 0 on epoch 11 is 11.42%
[08/03 11:10:40] __main__ INFO: Epoch: 11, GradMatch subset selection finished, takes 16.1617. 
The accuracy of the model of worker 0 on epoch 11 is 10.14%
[08/03 11:10:53] __main__ INFO: Epoch: 21, GradMatch subset selection finished, takes 15.9672. 
The accuracy of the model of worker 0 on epoch 21 is 65.3%
[08/03 11:11:04] __main__ INFO: Epoch: 21, GradMatch subset selection finished, takes 16.1083. 
The accuracy of the model of worker 0 on epoch 21 is 59.0%
[08/03 11:11:10] __main__ INFO: Epoch: 21, GradMatch subset selection finished, takes 16.1515. 
[08/03 11:11:13] __main__ INFO: Epoch: 21, GradMatch subset selection finished, takes 16.2273. 
[08/03 11:11:14] __main__ INFO: Epoch: 21, GradMatch subset selection finished, takes 16.0995. 
[08/03 11:11:14] __main__ INFO: Epoch: 21, GradMatch subset selection finished, takes 16.2333. 
The accuracy of the model of worker 0 on epoch 21 is 53.86%
The accuracy of the model of worker 0 on epoch 21 is 73.68%
The accuracy of the model of worker 0 on epoch 21 is 72.89999999999999%
The accuracy of the model of worker 0 on epoch 21 is 9.46%
[08/03 11:11:35] __main__ INFO: Epoch: 21, GradMatch subset selection finished, takes 16.1153. 
The accuracy of the model of worker 0 on epoch 21 is 10.02%
[08/03 11:11:46] __main__ INFO: Epoch: 31, GradMatch subset selection finished, takes 16.0764. 
The accuracy of the model of worker 0 on epoch 31 is 74.28%
[08/03 11:11:58] __main__ INFO: Epoch: 31, GradMatch subset selection finished, takes 16.2113. 
The accuracy of the model of worker 0 on epoch 31 is 68.5%
[08/03 11:12:04] __main__ INFO: Epoch: 31, GradMatch subset selection finished, takes 16.1271. 
[08/03 11:12:08] __main__ INFO: Epoch: 31, GradMatch subset selection finished, takes 16.3309. 
[08/03 11:12:08] __main__ INFO: Epoch: 31, GradMatch subset selection finished, takes 16.1291. 
[08/03 11:12:08] __main__ INFO: Epoch: 31, GradMatch subset selection finished, takes 16.1458. 
The accuracy of the model of worker 0 on epoch 31 is 62.739999999999995%
The accuracy of the model of worker 0 on epoch 31 is 78.48%
The accuracy of the model of worker 0 on epoch 31 is 15.6%
The accuracy of the model of worker 0 on epoch 31 is 78.62%
[08/03 11:12:31] __main__ INFO: Epoch: 31, GradMatch subset selection finished, takes 16.1758. 
The accuracy of the model of worker 0 on epoch 31 is 9.42%
[08/03 11:12:39] __main__ INFO: Epoch: 41, GradMatch subset selection finished, takes 16.0202. 
The accuracy of the model of worker 0 on epoch 41 is 75.42%
[08/03 11:12:52] __main__ INFO: Epoch: 41, GradMatch subset selection finished, takes 16.2043. 
The accuracy of the model of worker 0 on epoch 41 is 70.78%
[08/03 11:12:58] __main__ INFO: Epoch: 41, GradMatch subset selection finished, takes 16.2445. 
[08/03 11:13:02] __main__ INFO: Epoch: 41, GradMatch subset selection finished, takes 16.2224. 
[08/03 11:13:03] __main__ INFO: Epoch: 41, GradMatch subset selection finished, takes 16.6920. 
[08/03 11:13:03] __main__ INFO: Epoch: 41, GradMatch subset selection finished, takes 16.2202. 
The accuracy of the model of worker 0 on epoch 41 is 66.02%
The accuracy of the model of worker 0 on epoch 41 is 15.6%
The accuracy of the model of worker 0 on epoch 41 is 79.38%
The accuracy of the model of worker 0 on epoch 41 is 79.46%
The accuracy of the model of worker 0 on epoch 50 is 72.58%
Running on GPU  1
Files already downloaded and verified
Files already downloaded and verified
The accuracy of the model of worker 0 on epoch 0 is 10.66%
[08/03 11:13:26] __main__ INFO: Epoch: 41, GradMatch subset selection finished, takes 16.1374. 
The accuracy of the model of worker 0 on epoch 1 is 10.14%
The accuracy of the model of worker 0 on epoch 41 is 19.7%
The accuracy of the model of worker 0 on epoch 50 is 70.42%
Running on GPU  5
Files already downloaded and verified
Files already downloaded and verified
The accuracy of the model of worker 0 on epoch 0 is 10.66%
The accuracy of the model of worker 0 on epoch 50 is 65.74%
Running on GPU  3
Files already downloaded and verified
Files already downloaded and verified
The accuracy of the model of worker 0 on epoch 1 is 15.8%
The accuracy of the model of worker 0 on epoch 0 is 10.66%
The accuracy of the model of worker 0 on epoch 50 is 32.0%
Running on GPU  2
Files already downloaded and verified
The accuracy of the model of worker 0 on epoch 50 is 76.46%
The accuracy of the model of worker 0 on epoch 50 is 77.96%
Running on GPU  4
Files already downloaded and verified
Files already downloaded and verified
Running on GPU  7
Files already downloaded and verified
Files already downloaded and verified
Files already downloaded and verified
The accuracy of the model of worker 0 on epoch 0 is 10.66%
The accuracy of the model of worker 0 on epoch 0 is 10.66%
The accuracy of the model of worker 0 on epoch 0 is 10.66%
The accuracy of the model of worker 0 on epoch 1 is 10.14%
The accuracy of the model of worker 0 on epoch 1 is 30.18%
The accuracy of the model of worker 0 on epoch 1 is 17.26%
The accuracy of the model of worker 0 on epoch 1 is 20.14%
The accuracy of the model of worker 0 on epoch 50 is 31.680000000000003%
Running on GPU  6
Files already downloaded and verified
Files already downloaded and verified
The accuracy of the model of worker 0 on epoch 0 is 10.66%
[08/03 11:14:15] __main__ INFO: Epoch: 11, GradMatch subset selection finished, takes 15.9781. 
The accuracy of the model of worker 0 on epoch 1 is 38.84%
The accuracy of the model of worker 0 on epoch 11 is 10.08%
[08/03 11:14:30] __main__ INFO: Epoch: 11, GradMatch subset selection finished, takes 16.1009. 
The accuracy of the model of worker 0 on epoch 11 is 37.6%
[08/03 11:14:36] __main__ INFO: Epoch: 11, GradMatch subset selection finished, takes 16.0488. 
[08/03 11:14:41] __main__ INFO: Epoch: 11, GradMatch subset selection finished, takes 16.2757. 
[08/03 11:14:41] __main__ INFO: Epoch: 11, GradMatch subset selection finished, takes 16.2549. 
The accuracy of the model of worker 0 on epoch 11 is 9.700000000000001%
[08/03 11:14:42] __main__ INFO: Epoch: 11, GradMatch subset selection finished, takes 16.2407. 
The accuracy of the model of worker 0 on epoch 11 is 55.42%
The accuracy of the model of worker 0 on epoch 11 is 36.5%
The accuracy of the model of worker 0 on epoch 11 is 24.0%
[08/03 11:15:06] __main__ INFO: Epoch: 11, GradMatch subset selection finished, takes 16.1737. 
[08/03 11:15:08] __main__ INFO: Epoch: 21, GradMatch subset selection finished, takes 15.9411. 
The accuracy of the model of worker 0 on epoch 11 is 56.8%
The accuracy of the model of worker 0 on epoch 21 is 10.639999999999999%
[08/03 11:15:24] __main__ INFO: Epoch: 21, GradMatch subset selection finished, takes 16.1329. 
The accuracy of the model of worker 0 on epoch 21 is 46.5%
[08/03 11:15:30] __main__ INFO: Epoch: 21, GradMatch subset selection finished, takes 16.0746. 
[08/03 11:15:35] __main__ INFO: Epoch: 21, GradMatch subset selection finished, takes 16.1929. 
[08/03 11:15:36] __main__ INFO: Epoch: 21, GradMatch subset selection finished, takes 16.0771. 
The accuracy of the model of worker 0 on epoch 21 is 9.76%
[08/03 11:15:37] __main__ INFO: Epoch: 21, GradMatch subset selection finished, takes 16.1317. 
The accuracy of the model of worker 0 on epoch 21 is 67.4%
The accuracy of the model of worker 0 on epoch 21 is 50.12%
The accuracy of the model of worker 0 on epoch 21 is 24.759999999999998%
[08/03 11:16:01] __main__ INFO: Epoch: 31, GradMatch subset selection finished, takes 16.0343. 
[08/03 11:16:01] __main__ INFO: Epoch: 21, GradMatch subset selection finished, takes 16.2212. 
The accuracy of the model of worker 0 on epoch 31 is 9.42%
The accuracy of the model of worker 0 on epoch 21 is 68.64%
[08/03 11:16:18] __main__ INFO: Epoch: 31, GradMatch subset selection finished, takes 16.1057. 
The accuracy of the model of worker 0 on epoch 31 is 53.839999999999996%
[08/03 11:16:25] __main__ INFO: Epoch: 31, GradMatch subset selection finished, takes 16.0854. 
[08/03 11:16:30] __main__ INFO: Epoch: 31, GradMatch subset selection finished, takes 16.4037. 
The accuracy of the model of worker 0 on epoch 31 is 10.0%
[08/03 11:16:30] __main__ INFO: Epoch: 31, GradMatch subset selection finished, takes 16.1173. 
[08/03 11:16:32] __main__ INFO: Epoch: 31, GradMatch subset selection finished, takes 16.2258. 
The accuracy of the model of worker 0 on epoch 31 is 72.02%
The accuracy of the model of worker 0 on epoch 31 is 57.82000000000001%
The accuracy of the model of worker 0 on epoch 31 is 37.62%
[08/03 11:16:54] __main__ INFO: Epoch: 41, GradMatch subset selection finished, takes 15.9953. 
[08/03 11:16:57] __main__ INFO: Epoch: 31, GradMatch subset selection finished, takes 16.0996. 
The accuracy of the model of worker 0 on epoch 41 is 21.9%
The accuracy of the model of worker 0 on epoch 31 is 73.2%
[08/03 11:17:12] __main__ INFO: Epoch: 41, GradMatch subset selection finished, takes 16.1994. 
The accuracy of the model of worker 0 on epoch 41 is 54.76%
[08/03 11:17:19] __main__ INFO: Epoch: 41, GradMatch subset selection finished, takes 16.1256. 
[08/03 11:17:24] __main__ INFO: Epoch: 41, GradMatch subset selection finished, takes 16.2270. 
[08/03 11:17:25] __main__ INFO: Epoch: 41, GradMatch subset selection finished, takes 16.1356. 
The accuracy of the model of worker 0 on epoch 41 is 16.439999999999998%
[08/03 11:17:26] __main__ INFO: Epoch: 41, GradMatch subset selection finished, takes 16.1567. 
The accuracy of the model of worker 0 on epoch 41 is 69.17999999999999%
The accuracy of the model of worker 0 on epoch 41 is 59.919999999999995%
The accuracy of the model of worker 0 on epoch 41 is 38.74%
The accuracy of the model of worker 0 on epoch 50 is 29.34%
Running on GPU  1
Files already downloaded and verified
Files already downloaded and verified
The accuracy of the model of worker 0 on epoch 0 is 10.66%
The accuracy of the model of worker 0 on epoch 1 is 40.68%
The accuracy of the model of worker 0 on epoch 50 is 57.940000000000005%
[08/03 11:17:52] __main__ INFO: Epoch: 41, GradMatch subset selection finished, takes 16.2399. 
Running on GPU  5
Files already downloaded and verified
Files already downloaded and verified
The accuracy of the model of worker 0 on epoch 0 is 10.66%
The accuracy of the model of worker 0 on epoch 41 is 73.56%
The accuracy of the model of worker 0 on epoch 50 is 31.979999999999997%
The accuracy of the model of worker 0 on epoch 1 is 36.04%
Running on GPU  3
Files already downloaded and verified
Files already downloaded and verified
The accuracy of the model of worker 0 on epoch 50 is 67.9%
Running on GPU  2
Files already downloaded and verified
The accuracy of the model of worker 0 on epoch 0 is 10.66%
Files already downloaded and verified
The accuracy of the model of worker 0 on epoch 50 is 60.58%
Running on GPU  4
Files already downloaded and verified
The accuracy of the model of worker 0 on epoch 50 is 35.44%
Files already downloaded and verified
The accuracy of the model of worker 0 on epoch 0 is 10.66%
Running on GPU  7
Files already downloaded and verified
Files already downloaded and verified
The accuracy of the model of worker 0 on epoch 0 is 10.66%
The accuracy of the model of worker 0 on epoch 1 is 40.699999999999996%
The accuracy of the model of worker 0 on epoch 0 is 10.66%
The accuracy of the model of worker 0 on epoch 1 is 39.76%
The accuracy of the model of worker 0 on epoch 1 is 40.82%
The accuracy of the model of worker 0 on epoch 1 is 39.78%
[08/03 11:18:30] __main__ INFO: Epoch: 11, GradMatch subset selection finished, takes 16.0216. 
The accuracy of the model of worker 0 on epoch 50 is 73.26%
Running on GPU  6
Files already downloaded and verified
Files already downloaded and verified
The accuracy of the model of worker 0 on epoch 11 is 56.10000000000001%
The accuracy of the model of worker 0 on epoch 0 is 10.66%
The accuracy of the model of worker 0 on epoch 1 is 35.36%
[08/03 11:18:50] __main__ INFO: Epoch: 11, GradMatch subset selection finished, takes 16.0346. 
The accuracy of the model of worker 0 on epoch 11 is 55.42%
[08/03 11:18:59] __main__ INFO: Epoch: 11, GradMatch subset selection finished, takes 16.1003. 
[08/03 11:19:02] __main__ INFO: Epoch: 11, GradMatch subset selection finished, takes 16.3125. 
[08/03 11:19:03] __main__ INFO: Epoch: 11, GradMatch subset selection finished, takes 16.0735. 
The accuracy of the model of worker 0 on epoch 11 is 61.18%
[08/03 11:19:05] __main__ INFO: Epoch: 11, GradMatch subset selection finished, takes 16.1970. 
The accuracy of the model of worker 0 on epoch 11 is 63.980000000000004%
The accuracy of the model of worker 0 on epoch 11 is 62.3%
The accuracy of the model of worker 0 on epoch 11 is 47.18%
[08/03 11:19:23] __main__ INFO: Epoch: 21, GradMatch subset selection finished, takes 15.9399. 
The accuracy of the model of worker 0 on epoch 21 is 62.63999999999999%
[08/03 11:19:32] __main__ INFO: Epoch: 11, GradMatch subset selection finished, takes 16.3138. 
The accuracy of the model of worker 0 on epoch 11 is 53.28000000000001%
[08/03 11:19:44] __main__ INFO: Epoch: 21, GradMatch subset selection finished, takes 16.0386. 
The accuracy of the model of worker 0 on epoch 21 is 66.53999999999999%
[08/03 11:19:53] __main__ INFO: Epoch: 21, GradMatch subset selection finished, takes 16.0759. 
[08/03 11:19:56] __main__ INFO: Epoch: 21, GradMatch subset selection finished, takes 16.2367. 
[08/03 11:19:57] __main__ INFO: Epoch: 21, GradMatch subset selection finished, takes 16.0454. 
The accuracy of the model of worker 0 on epoch 21 is 65.82000000000001%
[08/03 11:20:00] __main__ INFO: Epoch: 21, GradMatch subset selection finished, takes 16.1427. 
The accuracy of the model of worker 0 on epoch 21 is 71.28%
The accuracy of the model of worker 0 on epoch 21 is 72.5%
The accuracy of the model of worker 0 on epoch 21 is 60.160000000000004%
[08/03 11:20:16] __main__ INFO: Epoch: 31, GradMatch subset selection finished, takes 15.9664. 
The accuracy of the model of worker 0 on epoch 31 is 70.24000000000001%
[08/03 11:20:28] __main__ INFO: Epoch: 21, GradMatch subset selection finished, takes 16.2184. 
The accuracy of the model of worker 0 on epoch 21 is 60.519999999999996%
[08/03 11:20:38] __main__ INFO: Epoch: 31, GradMatch subset selection finished, takes 16.0822. 
The accuracy of the model of worker 0 on epoch 31 is 73.61999999999999%
[08/03 11:20:48] __main__ INFO: Epoch: 31, GradMatch subset selection finished, takes 16.2936. 
[08/03 11:20:50] __main__ INFO: Epoch: 31, GradMatch subset selection finished, takes 16.3491. 
[08/03 11:20:52] __main__ INFO: Epoch: 31, GradMatch subset selection finished, takes 16.1325. 
The accuracy of the model of worker 0 on epoch 31 is 75.24%
[08/03 11:20:55] __main__ INFO: Epoch: 31, GradMatch subset selection finished, takes 16.1478. 
The accuracy of the model of worker 0 on epoch 31 is 78.34%
The accuracy of the model of worker 0 on epoch 31 is 75.44%
The accuracy of the model of worker 0 on epoch 31 is 72.39999999999999%
[08/03 11:21:09] __main__ INFO: Epoch: 41, GradMatch subset selection finished, takes 15.9465. 
The accuracy of the model of worker 0 on epoch 41 is 73.58%
[08/03 11:21:23] __main__ INFO: Epoch: 31, GradMatch subset selection finished, takes 16.3520. 
The accuracy of the model of worker 0 on epoch 31 is 64.34%
[08/03 11:21:32] __main__ INFO: Epoch: 41, GradMatch subset selection finished, takes 16.0892. 
The accuracy of the model of worker 0 on epoch 41 is 76.74%
[08/03 11:21:43] __main__ INFO: Epoch: 41, GradMatch subset selection finished, takes 16.1754. 
[08/03 11:21:44] __main__ INFO: Epoch: 41, GradMatch subset selection finished, takes 16.2046. 
[08/03 11:21:46] __main__ INFO: Epoch: 41, GradMatch subset selection finished, takes 16.1306. 
The accuracy of the model of worker 0 on epoch 50 is 72.58%
The accuracy of the model of worker 0 on epoch 41 is 78.02%
Running on GPU  1
Files already downloaded and verified
Files already downloaded and verified
[08/03 11:21:50] __main__ INFO: Epoch: 41, GradMatch subset selection finished, takes 16.0976. 
The accuracy of the model of worker 0 on epoch 41 is 80.30000000000001%
The accuracy of the model of worker 0 on epoch 0 is 10.66%
The accuracy of the model of worker 0 on epoch 41 is 80.84%
The accuracy of the model of worker 0 on epoch 41 is 76.06%
The accuracy of the model of worker 0 on epoch 1 is 36.42%
The accuracy of the model of worker 0 on epoch 50 is 77.32%
Running on GPU  5
Files already downloaded and verified
Files already downloaded and verified
The accuracy of the model of worker 0 on epoch 0 is 10.66%
[08/03 11:22:18] __main__ INFO: Epoch: 41, GradMatch subset selection finished, takes 16.4044. 
The accuracy of the model of worker 0 on epoch 1 is 33.900000000000006%
The accuracy of the model of worker 0 on epoch 50 is 79.17999999999999%
Running on GPU  3
Files already downloaded and verified
The accuracy of the model of worker 0 on epoch 41 is 65.25999999999999%
The accuracy of the model of worker 0 on epoch 50 is 80.97999999999999%
Files already downloaded and verified
Running on GPU  2
Files already downloaded and verified
Files already downloaded and verified
The accuracy of the model of worker 0 on epoch 50 is 80.80000000000001%
The accuracy of the model of worker 0 on epoch 0 is 10.66%
Running on GPU  4
Files already downloaded and verified
Files already downloaded and verified
The accuracy of the model of worker 0 on epoch 0 is 10.66%
The accuracy of the model of worker 0 on epoch 50 is 75.62%
The accuracy of the model of worker 0 on epoch 0 is 10.66%
Running on GPU  7
Files already downloaded and verified
Files already downloaded and verified
The accuracy of the model of worker 0 on epoch 1 is 38.800000000000004%
The accuracy of the model of worker 0 on epoch 1 is 40.6%
The accuracy of the model of worker 0 on epoch 0 is 10.66%
The accuracy of the model of worker 0 on epoch 1 is 35.4%
The accuracy of the model of worker 0 on epoch 1 is 36.559999999999995%
[08/03 11:22:45] __main__ INFO: Epoch: 11, GradMatch subset selection finished, takes 16.1041. 
The accuracy of the model of worker 0 on epoch 11 is 56.74%
The accuracy of the model of worker 0 on epoch 50 is 65.74%
Running on GPU  6
Files already downloaded and verified
Files already downloaded and verified
The accuracy of the model of worker 0 on epoch 0 is 10.66%
The accuracy of the model of worker 0 on epoch 1 is 29.62%
[08/03 11:23:10] __main__ INFO: Epoch: 11, GradMatch subset selection finished, takes 16.1120. 
The accuracy of the model of worker 0 on epoch 11 is 59.34%
[08/03 11:23:21] __main__ INFO: Epoch: 11, GradMatch subset selection finished, takes 16.1359. 
[08/03 11:23:23] __main__ INFO: Epoch: 11, GradMatch subset selection finished, takes 16.2055. 
[08/03 11:23:25] __main__ INFO: Epoch: 11, GradMatch subset selection finished, takes 16.1060. 
The accuracy of the model of worker 0 on epoch 11 is 57.49999999999999%
The accuracy of the model of worker 0 on epoch 11 is 46.28%
[08/03 11:23:29] __main__ INFO: Epoch: 11, GradMatch subset selection finished, takes 16.0962. 
The accuracy of the model of worker 0 on epoch 11 is 55.7%
The accuracy of the model of worker 0 on epoch 11 is 61.12%
[08/03 11:23:38] __main__ INFO: Epoch: 21, GradMatch subset selection finished, takes 16.1746. 
The accuracy of the model of worker 0 on epoch 21 is 65.92%
[08/03 11:23:58] __main__ INFO: Epoch: 11, GradMatch subset selection finished, takes 16.1768. 
The accuracy of the model of worker 0 on epoch 11 is 48.08%
[08/03 11:24:04] __main__ INFO: Epoch: 21, GradMatch subset selection finished, takes 16.0738. 
The accuracy of the model of worker 0 on epoch 21 is 55.800000000000004%
[08/03 11:24:15] __main__ INFO: Epoch: 21, GradMatch subset selection finished, takes 16.0959. 
[08/03 11:24:18] __main__ INFO: Epoch: 21, GradMatch subset selection finished, takes 16.2614. 
[08/03 11:24:19] __main__ INFO: Epoch: 21, GradMatch subset selection finished, takes 16.0808. 
The accuracy of the model of worker 0 on epoch 21 is 66.2%
The accuracy of the model of worker 0 on epoch 21 is 69.0%
[08/03 11:24:24] __main__ INFO: Epoch: 21, GradMatch subset selection finished, takes 16.2117. 
The accuracy of the model of worker 0 on epoch 21 is 60.5%
The accuracy of the model of worker 0 on epoch 21 is 70.19999999999999%
[08/03 11:24:32] __main__ INFO: Epoch: 31, GradMatch subset selection finished, takes 16.2423. 
The accuracy of the model of worker 0 on epoch 31 is 69.48%
[08/03 11:24:53] __main__ INFO: Epoch: 21, GradMatch subset selection finished, takes 16.1168. 
The accuracy of the model of worker 0 on epoch 21 is 56.06%
[08/03 11:24:59] __main__ INFO: Epoch: 31, GradMatch subset selection finished, takes 16.2126. 
The accuracy of the model of worker 0 on epoch 31 is 64.56%
[08/03 11:25:10] __main__ INFO: Epoch: 31, GradMatch subset selection finished, takes 16.2211. 
[08/03 11:25:12] __main__ INFO: Epoch: 31, GradMatch subset selection finished, takes 16.3748. 
[08/03 11:25:13] __main__ INFO: Epoch: 31, GradMatch subset selection finished, takes 16.0616. 
The accuracy of the model of worker 0 on epoch 31 is 71.26%
The accuracy of the model of worker 0 on epoch 31 is 74.82%
The accuracy of the model of worker 0 on epoch 31 is 64.34%
[08/03 11:25:19] __main__ INFO: Epoch: 31, GradMatch subset selection finished, takes 16.2454. 
The accuracy of the model of worker 0 on epoch 31 is 77.94%
[08/03 11:25:25] __main__ INFO: Epoch: 41, GradMatch subset selection finished, takes 16.1846. 
The accuracy of the model of worker 0 on epoch 41 is 70.14%
[08/03 11:25:48] __main__ INFO: Epoch: 31, GradMatch subset selection finished, takes 16.2036. 
[08/03 11:25:53] __main__ INFO: Epoch: 41, GradMatch subset selection finished, takes 16.0791. 
The accuracy of the model of worker 0 on epoch 31 is 60.260000000000005%
The accuracy of the model of worker 0 on epoch 41 is 60.84%
The accuracy of the model of worker 0 on epoch 50 is 69.72%
[08/03 11:26:04] __main__ INFO: Epoch: 41, GradMatch subset selection finished, takes 16.1047. 
Search is done

The default configuration has an accuracy of 0.770. 
The best configuration found by DeepHyper has an accuracy 0.819, 
finished after 261.25 seconds of search.

[08/03 11:26:07] __main__ INFO: Epoch: 41, GradMatch subset selection finished, takes 16.4245. 
[08/03 11:26:08] __main__ INFO: Epoch: 41, GradMatch subset selection finished, takes 16.1979. 
The accuracy of the model of worker 0 on epoch 41 is 72.24000000000001%
The accuracy of the model of worker 0 on epoch 41 is 76.36%
The accuracy of the model of worker 0 on epoch 41 is 65.36%
[08/03 11:26:14] __main__ INFO: Epoch: 41, GradMatch subset selection finished, takes 16.3104. 
The accuracy of the model of worker 0 on epoch 41 is 80.7%
The accuracy of the model of worker 0 on epoch 50 is 71.44%
[08/03 11:26:44] __main__ INFO: Epoch: 41, GradMatch subset selection finished, takes 16.2844. 
The accuracy of the model of worker 0 on epoch 50 is 72.78%
The accuracy of the model of worker 0 on epoch 50 is 76.82%
The accuracy of the model of worker 0 on epoch 50 is 66.14%
The accuracy of the model of worker 0 on epoch 41 is 69.5%
The accuracy of the model of worker 0 on epoch 50 is 81.14%
The accuracy of the model of worker 0 on epoch 50 is 70.89999999999999%
[0m[0m[0m[0m[0m[0m[0m[0m