Creation of the Evaluator...
Creation of the Evaluator done with 7 worker(s)
Starting the search...
Running on GPU  1
Running on GPU  2
Running on GPU  3
Running on GPU  4
Running on GPU  5
Running on GPU  6
Running on GPU  7
Files already downloaded and verified
Files already downloaded and verified
Files already downloaded and verified
Files already downloaded and verified
Files already downloaded and verified
Files already downloaded and verified
Files already downloaded and verified
Files already downloaded and verified
Files already downloaded and verified
Files already downloaded and verified
Files already downloaded and verified
Files already downloaded and verified
Files already downloaded and verified
Files already downloaded and verified
The accuracy of the model of worker 0 on epoch 0 is 10.64%
The accuracy of the model of worker 0 on epoch 0 is 10.64%
The accuracy of the model of worker 0 on epoch 0 is 10.64%
The accuracy of the model of worker 0 on epoch 0 is 10.64%
The accuracy of the model of worker 0 on epoch 0 is 10.64%
The accuracy of the model of worker 0 on epoch 0 is 10.64%
The accuracy of the model of worker 0 on epoch 0 is 10.64%
The accuracy of the model of worker 0 on epoch 1 is 27.74%
The accuracy of the model of worker 0 on epoch 1 is 28.96%
The accuracy of the model of worker 0 on epoch 1 is 28.18%
The accuracy of the model of worker 0 on epoch 1 is 10.08%
The accuracy of the model of worker 0 on epoch 1 is 51.74%
The accuracy of the model of worker 0 on epoch 1 is 60.76%
The accuracy of the model of worker 0 on epoch 1 is 60.28%
The accuracy of the model of worker 0 on epoch 11 is 57.0%
The accuracy of the model of worker 0 on epoch 11 is 78.44%
The accuracy of the model of worker 0 on epoch 11 is 13.9%
The accuracy of the model of worker 0 on epoch 11 is 70.08%
The accuracy of the model of worker 0 on epoch 11 is 86.56%
The accuracy of the model of worker 0 on epoch 11 is 82.9%
The accuracy of the model of worker 0 on epoch 11 is 86.48%
The accuracy of the model of worker 0 on epoch 21 is 59.66%
The accuracy of the model of worker 0 on epoch 21 is 76.9%
The accuracy of the model of worker 0 on epoch 21 is 86.72%
The accuracy of the model of worker 0 on epoch 21 is 21.06%
The accuracy of the model of worker 0 on epoch 21 is 86.66%
The accuracy of the model of worker 0 on epoch 21 is 89.06%
The accuracy of the model of worker 0 on epoch 21 is 88.22%
The accuracy of the model of worker 0 on epoch 31 is 67.66%
The accuracy of the model of worker 0 on epoch 31 is 81.22%
The accuracy of the model of worker 0 on epoch 31 is 74.02%
The accuracy of the model of worker 0 on epoch 31 is 88.0%
The accuracy of the model of worker 0 on epoch 31 is 10.64%
The accuracy of the model of worker 0 on epoch 31 is 90.96%
The accuracy of the model of worker 0 on epoch 31 is 90.2%
The accuracy of the model of worker 0 on epoch 41 is 84.92%
The accuracy of the model of worker 0 on epoch 41 is 80.64%
The accuracy of the model of worker 0 on epoch 41 is 65.16%
The accuracy of the model of worker 0 on epoch 41 is 87.74%
The accuracy of the model of worker 0 on epoch 41 is 17.06%
The accuracy of the model of worker 0 on epoch 41 is 91.74%
The accuracy of the model of worker 0 on epoch 41 is 90.6%
The accuracy of the model of worker 0 on epoch 50 is 81.82%
The accuracy of the model of worker 0 on epoch 50 is 87.2%
Running on GPU  1
Running on GPU  6
Files already downloaded and verified
Files already downloaded and verified
The accuracy of the model of worker 0 on epoch 50 is 70.22%
Files already downloaded and verified
Files already downloaded and verified
Running on GPU  5
Files already downloaded and verified
The accuracy of the model of worker 0 on epoch 0 is 10.64%
The accuracy of the model of worker 0 on epoch 0 is 10.64%
Files already downloaded and verified
The accuracy of the model of worker 0 on epoch 50 is 89.22%
The accuracy of the model of worker 0 on epoch 0 is 10.64%
Running on GPU  7
Files already downloaded and verified
Files already downloaded and verified
The accuracy of the model of worker 0 on epoch 50 is 25.72%
The accuracy of the model of worker 0 on epoch 0 is 10.64%
Running on GPU  3
Files already downloaded and verified
The accuracy of the model of worker 0 on epoch 50 is 92.08%
Files already downloaded and verified
Running on GPU  2
Files already downloaded and verified
The accuracy of the model of worker 0 on epoch 0 is 10.64%
Files already downloaded and verified
The accuracy of the model of worker 0 on epoch 0 is 10.64%
The accuracy of the model of worker 0 on epoch 1 is 9.62%
The accuracy of the model of worker 0 on epoch 1 is 23.88%
The accuracy of the model of worker 0 on epoch 50 is 92.26%
The accuracy of the model of worker 0 on epoch 1 is 9.06%
Running on GPU  4
Files already downloaded and verified
Files already downloaded and verified
The accuracy of the model of worker 0 on epoch 1 is 30.42%
The accuracy of the model of worker 0 on epoch 0 is 10.64%
The accuracy of the model of worker 0 on epoch 1 is 51.14%
The accuracy of the model of worker 0 on epoch 1 is 17.86%
The accuracy of the model of worker 0 on epoch 1 is 45.7%
The accuracy of the model of worker 0 on epoch 11 is 21.86%
The accuracy of the model of worker 0 on epoch 11 is 79.16%
The accuracy of the model of worker 0 on epoch 11 is 10.64%
The accuracy of the model of worker 0 on epoch 11 is 67.08%
The accuracy of the model of worker 0 on epoch 11 is 78.4%
The accuracy of the model of worker 0 on epoch 11 is 11.82%
The accuracy of the model of worker 0 on epoch 11 is 83.96%
The accuracy of the model of worker 0 on epoch 21 is 19.48%
The accuracy of the model of worker 0 on epoch 21 is 84.7%
The accuracy of the model of worker 0 on epoch 21 is 10.24%
The accuracy of the model of worker 0 on epoch 21 is 73.2%
The accuracy of the model of worker 0 on epoch 21 is 14.82%
The accuracy of the model of worker 0 on epoch 21 is 83.44%
The accuracy of the model of worker 0 on epoch 21 is 83.74%
The accuracy of the model of worker 0 on epoch 31 is 10.36%
The accuracy of the model of worker 0 on epoch 31 is 5.0%
The accuracy of the model of worker 0 on epoch 31 is 81.52%
The accuracy of the model of worker 0 on epoch 31 is 70.24%
The accuracy of the model of worker 0 on epoch 31 is 15.58%
The accuracy of the model of worker 0 on epoch 31 is 85.96%
The accuracy of the model of worker 0 on epoch 31 is 87.5%
The accuracy of the model of worker 0 on epoch 41 is 18.58%
The accuracy of the model of worker 0 on epoch 41 is 84.72%
The accuracy of the model of worker 0 on epoch 41 is 9.92%
The accuracy of the model of worker 0 on epoch 41 is 71.1%
The accuracy of the model of worker 0 on epoch 41 is 29.64%
The accuracy of the model of worker 0 on epoch 41 is 86.02%
The accuracy of the model of worker 0 on epoch 41 is 89.42%
The accuracy of the model of worker 0 on epoch 50 is 45.82%
Running on GPU  1
Files already downloaded and verified
Files already downloaded and verified
The accuracy of the model of worker 0 on epoch 50 is 80.68%
Running on GPU  6
Files already downloaded and verified
The accuracy of the model of worker 0 on epoch 0 is 10.64%
Files already downloaded and verified
The accuracy of the model of worker 0 on epoch 50 is 9.42%
The accuracy of the model of worker 0 on epoch 0 is 10.64%
Running on GPU  5
Files already downloaded and verified
Files already downloaded and verified
The accuracy of the model of worker 0 on epoch 0 is 10.64%
The accuracy of the model of worker 0 on epoch 50 is 80.08%
Running on GPU  7
Files already downloaded and verified
Files already downloaded and verified
The accuracy of the model of worker 0 on epoch 0 is 10.64%
The accuracy of the model of worker 0 on epoch 50 is 40.36%
Running on GPU  2
The accuracy of the model of worker 0 on epoch 50 is 85.84%
Files already downloaded and verified
The accuracy of the model of worker 0 on epoch 1 is 52.86%
Running on GPU  3
Files already downloaded and verified
Files already downloaded and verified
Files already downloaded and verified
The accuracy of the model of worker 0 on epoch 0 is 10.64%
The accuracy of the model of worker 0 on epoch 1 is 33.62%
The accuracy of the model of worker 0 on epoch 0 is 10.64%
The accuracy of the model of worker 0 on epoch 1 is 54.82%
The accuracy of the model of worker 0 on epoch 1 is 58.94%
The accuracy of the model of worker 0 on epoch 1 is 60.24%
The accuracy of the model of worker 0 on epoch 1 is 58.48%
The accuracy of the model of worker 0 on epoch 50 is 87.84%
Running on GPU  4
Files already downloaded and verified
Files already downloaded and verified
The accuracy of the model of worker 0 on epoch 0 is 10.64%
The accuracy of the model of worker 0 on epoch 1 is 54.3%
The accuracy of the model of worker 0 on epoch 11 is 81.08%
The accuracy of the model of worker 0 on epoch 11 is 73.9%
The accuracy of the model of worker 0 on epoch 11 is 84.46%
The accuracy of the model of worker 0 on epoch 11 is 84.12%
The accuracy of the model of worker 0 on epoch 11 is 84.7%
The accuracy of the model of worker 0 on epoch 11 is 84.8%
The accuracy of the model of worker 0 on epoch 11 is 83.9%
The accuracy of the model of worker 0 on epoch 21 is 84.58%
The accuracy of the model of worker 0 on epoch 21 is 75.34%
The accuracy of the model of worker 0 on epoch 21 is 87.06%
The accuracy of the model of worker 0 on epoch 21 is 87.14%
The accuracy of the model of worker 0 on epoch 21 is 89.3%
The accuracy of the model of worker 0 on epoch 21 is 88.78%
The accuracy of the model of worker 0 on epoch 21 is 87.2%
The accuracy of the model of worker 0 on epoch 31 is 86.12%
The accuracy of the model of worker 0 on epoch 31 is 75.72%
The accuracy of the model of worker 0 on epoch 31 is 88.48%
The accuracy of the model of worker 0 on epoch 31 is 89.38%
The accuracy of the model of worker 0 on epoch 31 is 90.56%
The accuracy of the model of worker 0 on epoch 31 is 90.38%
Search is done

The default configuration has an accuracy of 0.818. 
The best configuration found by DeepHyper has an accuracy 0.923, 
finished after 1038.73 seconds of search.

The accuracy of the model of worker 0 on epoch 31 is 89.18%
The accuracy of the model of worker 0 on epoch 41 is 86.64%
The accuracy of the model of worker 0 on epoch 41 is 74.36%
The accuracy of the model of worker 0 on epoch 41 is 89.5%
The accuracy of the model of worker 0 on epoch 41 is 89.74%
The accuracy of the model of worker 0 on epoch 41 is 89.92%
The accuracy of the model of worker 0 on epoch 41 is 90.54%
The accuracy of the model of worker 0 on epoch 41 is 89.58%
The accuracy of the model of worker 0 on epoch 50 is 85.5%
The accuracy of the model of worker 0 on epoch 50 is 80.92%
The accuracy of the model of worker 0 on epoch 50 is 90.94%
The accuracy of the model of worker 0 on epoch 50 is 90.06%
The accuracy of the model of worker 0 on epoch 50 is 91.68%
The accuracy of the model of worker 0 on epoch 50 is 91.82%
The accuracy of the model of worker 0 on epoch 50 is 89.58%
[0m[0m[0m[0m[0m[0m[0m[0m