Creation of the Evaluator...
Creation of the Evaluator done with 7 worker(s)
Starting the search...
Running on GPU  1
Running on GPU  2
Running on GPU  3
Running on GPU  4
Running on GPU  5
Running on GPU  6
Running on GPU  7
Files already downloaded and verified
Files already downloaded and verified
Files already downloaded and verified
Files already downloaded and verified
Files already downloaded and verified
Files already downloaded and verified
Files already downloaded and verified
Files already downloaded and verified
Files already downloaded and verified
Files already downloaded and verified
Files already downloaded and verified
Files already downloaded and verified
Files already downloaded and verified
Files already downloaded and verified
The accuracy of the model of worker 0 on epoch 0 is 10.66%
The accuracy of the model of worker 0 on epoch 0 is 10.66%
The accuracy of the model of worker 0 on epoch 0 is 10.66%
The accuracy of the model of worker 0 on epoch 0 is 10.66%
The accuracy of the model of worker 0 on epoch 0 is 10.66%
The accuracy of the model of worker 0 on epoch 0 is 10.66%
The accuracy of the model of worker 0 on epoch 0 is 10.66%
The accuracy of the model of worker 0 on epoch 1 is 10.100000000000001%
The accuracy of the model of worker 0 on epoch 1 is 35.36%
The accuracy of the model of worker 0 on epoch 1 is 34.54%
The accuracy of the model of worker 0 on epoch 1 is 36.88%
The accuracy of the model of worker 0 on epoch 1 is 23.04%
The accuracy of the model of worker 0 on epoch 1 is 9.520000000000001%
The accuracy of the model of worker 0 on epoch 1 is 23.5%
[07/29 14:10:50] __main__ INFO: Epoch: 11, GradMatch subset selection finished, takes 15.7378. 
[07/29 14:10:51] __main__ INFO: Epoch: 11, GradMatch subset selection finished, takes 16.1612. 
[07/29 14:10:51] __main__ INFO: Epoch: 11, GradMatch subset selection finished, takes 16.0786. 
[07/29 14:10:51] __main__ INFO: Epoch: 11, GradMatch subset selection finished, takes 15.9624. 
[07/29 14:10:51] __main__ INFO: Epoch: 11, GradMatch subset selection finished, takes 15.8897. 
[07/29 14:10:51] __main__ INFO: Epoch: 11, GradMatch subset selection finished, takes 16.0460. 
[07/29 14:10:51] __main__ INFO: Epoch: 11, GradMatch subset selection finished, takes 15.8696. 
The accuracy of the model of worker 0 on epoch 11 is 26.840000000000003%
The accuracy of the model of worker 0 on epoch 11 is 59.599999999999994%
The accuracy of the model of worker 0 on epoch 11 is 13.320000000000002%
The accuracy of the model of worker 0 on epoch 11 is 57.64%
The accuracy of the model of worker 0 on epoch 11 is 56.58%
The accuracy of the model of worker 0 on epoch 11 is 50.82%
The accuracy of the model of worker 0 on epoch 11 is 45.1%
[07/29 14:11:31] __main__ INFO: Epoch: 21, GradMatch subset selection finished, takes 13.5461. 
[07/29 14:11:31] __main__ INFO: Epoch: 21, GradMatch subset selection finished, takes 13.6533. 
[07/29 14:11:31] __main__ INFO: Epoch: 21, GradMatch subset selection finished, takes 13.7903. 
[07/29 14:11:31] __main__ INFO: Epoch: 21, GradMatch subset selection finished, takes 13.5510. 
[07/29 14:11:31] __main__ INFO: Epoch: 21, GradMatch subset selection finished, takes 13.5660. 
[07/29 14:11:32] __main__ INFO: Epoch: 21, GradMatch subset selection finished, takes 13.6974. 
[07/29 14:11:32] __main__ INFO: Epoch: 21, GradMatch subset selection finished, takes 13.7429. 
The accuracy of the model of worker 0 on epoch 21 is 10.08%
The accuracy of the model of worker 0 on epoch 21 is 19.3%
The accuracy of the model of worker 0 on epoch 21 is 70.56%
The accuracy of the model of worker 0 on epoch 21 is 64.2%
The accuracy of the model of worker 0 on epoch 21 is 66.14%
The accuracy of the model of worker 0 on epoch 21 is 58.440000000000005%
The accuracy of the model of worker 0 on epoch 21 is 63.62%
[07/29 14:12:11] __main__ INFO: Epoch: 31, GradMatch subset selection finished, takes 13.4259. 
[07/29 14:12:12] __main__ INFO: Epoch: 31, GradMatch subset selection finished, takes 13.5844. 
[07/29 14:12:12] __main__ INFO: Epoch: 31, GradMatch subset selection finished, takes 13.6038. 
[07/29 14:12:12] __main__ INFO: Epoch: 31, GradMatch subset selection finished, takes 13.5352. 
[07/29 14:12:12] __main__ INFO: Epoch: 31, GradMatch subset selection finished, takes 13.8916. 
[07/29 14:12:12] __main__ INFO: Epoch: 31, GradMatch subset selection finished, takes 13.5835. 
[07/29 14:12:13] __main__ INFO: Epoch: 31, GradMatch subset selection finished, takes 13.6941. 
The accuracy of the model of worker 0 on epoch 31 is 10.08%
The accuracy of the model of worker 0 on epoch 31 is 22.48%
The accuracy of the model of worker 0 on epoch 31 is 77.16%
The accuracy of the model of worker 0 on epoch 31 is 71.86%
The accuracy of the model of worker 0 on epoch 31 is 71.66%
The accuracy of the model of worker 0 on epoch 31 is 64.96%
The accuracy of the model of worker 0 on epoch 31 is 69.67999999999999%
[07/29 14:12:51] __main__ INFO: Epoch: 41, GradMatch subset selection finished, takes 13.2967. 
[07/29 14:12:52] __main__ INFO: Epoch: 41, GradMatch subset selection finished, takes 13.4465. 
[07/29 14:12:52] __main__ INFO: Epoch: 41, GradMatch subset selection finished, takes 13.5225. 
[07/29 14:12:52] __main__ INFO: Epoch: 41, GradMatch subset selection finished, takes 13.4751. 
[07/29 14:12:52] __main__ INFO: Epoch: 41, GradMatch subset selection finished, takes 13.5867. 
[07/29 14:12:53] __main__ INFO: Epoch: 41, GradMatch subset selection finished, takes 13.5557. 
[07/29 14:12:54] __main__ INFO: Epoch: 41, GradMatch subset selection finished, takes 13.6650. 
The accuracy of the model of worker 0 on epoch 41 is 9.76%
The accuracy of the model of worker 0 on epoch 41 is 25.380000000000003%
The accuracy of the model of worker 0 on epoch 41 is 73.82%
The accuracy of the model of worker 0 on epoch 41 is 74.1%
The accuracy of the model of worker 0 on epoch 41 is 59.31999999999999%
The accuracy of the model of worker 0 on epoch 41 is 79.62%
The accuracy of the model of worker 0 on epoch 41 is 72.32%
The accuracy of the model of worker 0 on epoch 50 is 17.599999999999998%
Running on GPU  3
Files already downloaded and verified
Files already downloaded and verified
The accuracy of the model of worker 0 on epoch 50 is 77.75999999999999%
Running on GPU  4
The accuracy of the model of worker 0 on epoch 50 is 28.060000000000002%
Running on GPU  5
Files already downloaded and verified
Files already downloaded and verified
The accuracy of the model of worker 0 on epoch 50 is 72.52%
Running on GPU  1
The accuracy of the model of worker 0 on epoch 50 is 74.72%
Running on GPU  7
The accuracy of the model of worker 0 on epoch 50 is 80.74%
Files already downloaded and verified
Running on GPU  2
Files already downloaded and verified
Files already downloaded and verified
Files already downloaded and verified
Files already downloaded and verified
Files already downloaded and verified
Files already downloaded and verified
The accuracy of the model of worker 0 on epoch 0 is 10.66%
Files already downloaded and verified
The accuracy of the model of worker 0 on epoch 50 is 78.9%
Running on GPU  6
Files already downloaded and verified
The accuracy of the model of worker 0 on epoch 0 is 10.66%
The accuracy of the model of worker 0 on epoch 0 is 10.66%
Files already downloaded and verified
The accuracy of the model of worker 0 on epoch 0 is 10.66%
The accuracy of the model of worker 0 on epoch 0 is 10.66%
The accuracy of the model of worker 0 on epoch 0 is 10.66%
The accuracy of the model of worker 0 on epoch 0 is 10.66%
The accuracy of the model of worker 0 on epoch 1 is 15.86%
The accuracy of the model of worker 0 on epoch 1 is 19.12%
The accuracy of the model of worker 0 on epoch 1 is 10.24%
The accuracy of the model of worker 0 on epoch 1 is 22.52%
The accuracy of the model of worker 0 on epoch 1 is 35.78%
The accuracy of the model of worker 0 on epoch 1 is 10.42%
The accuracy of the model of worker 0 on epoch 1 is 31.4%
[07/29 14:14:02] __main__ INFO: Epoch: 11, GradMatch subset selection finished, takes 13.3179. 
[07/29 14:14:04] __main__ INFO: Epoch: 11, GradMatch subset selection finished, takes 13.5711. 
[07/29 14:14:04] __main__ INFO: Epoch: 11, GradMatch subset selection finished, takes 13.6584. 
[07/29 14:14:04] __main__ INFO: Epoch: 11, GradMatch subset selection finished, takes 13.4995. 
[07/29 14:14:04] __main__ INFO: Epoch: 11, GradMatch subset selection finished, takes 13.6210. 
[07/29 14:14:04] __main__ INFO: Epoch: 11, GradMatch subset selection finished, takes 13.6175. 
The accuracy of the model of worker 0 on epoch 11 is 9.9%
[07/29 14:14:07] __main__ INFO: Epoch: 11, GradMatch subset selection finished, takes 13.5187. 
The accuracy of the model of worker 0 on epoch 11 is 42.3%
The accuracy of the model of worker 0 on epoch 11 is 9.76%
The accuracy of the model of worker 0 on epoch 11 is 56.720000000000006%
The accuracy of the model of worker 0 on epoch 11 is 40.46%
The accuracy of the model of worker 0 on epoch 11 is 16.12%
The accuracy of the model of worker 0 on epoch 11 is 57.48%
[07/29 14:14:42] __main__ INFO: Epoch: 21, GradMatch subset selection finished, takes 13.3464. 
[07/29 14:14:44] __main__ INFO: Epoch: 21, GradMatch subset selection finished, takes 13.5945. 
[07/29 14:14:44] __main__ INFO: Epoch: 21, GradMatch subset selection finished, takes 13.5241. 
[07/29 14:14:45] __main__ INFO: Epoch: 21, GradMatch subset selection finished, takes 13.4912. 
[07/29 14:14:45] __main__ INFO: Epoch: 21, GradMatch subset selection finished, takes 13.5858. 
[07/29 14:14:45] __main__ INFO: Epoch: 21, GradMatch subset selection finished, takes 13.6265. 
The accuracy of the model of worker 0 on epoch 21 is 15.18%
[07/29 14:14:48] __main__ INFO: Epoch: 21, GradMatch subset selection finished, takes 13.6422. 
The accuracy of the model of worker 0 on epoch 21 is 59.08%
The accuracy of the model of worker 0 on epoch 21 is 10.08%
The accuracy of the model of worker 0 on epoch 21 is 63.18%
The accuracy of the model of worker 0 on epoch 21 is 37.86%
The accuracy of the model of worker 0 on epoch 21 is 55.879999999999995%
The accuracy of the model of worker 0 on epoch 21 is 65.34%
[07/29 14:15:22] __main__ INFO: Epoch: 31, GradMatch subset selection finished, takes 13.3892. 
[07/29 14:15:25] __main__ INFO: Epoch: 31, GradMatch subset selection finished, takes 13.5266. 
[07/29 14:15:25] __main__ INFO: Epoch: 31, GradMatch subset selection finished, takes 13.5843. 
[07/29 14:15:25] __main__ INFO: Epoch: 31, GradMatch subset selection finished, takes 13.4545. 
[07/29 14:15:25] __main__ INFO: Epoch: 31, GradMatch subset selection finished, takes 13.6140. 
[07/29 14:15:25] __main__ INFO: Epoch: 31, GradMatch subset selection finished, takes 13.6259. 
The accuracy of the model of worker 0 on epoch 31 is 22.96%
The accuracy of the model of worker 0 on epoch 31 is 10.639999999999999%
The accuracy of the model of worker 0 on epoch 31 is 31.080000000000002%
The accuracy of the model of worker 0 on epoch 31 is 64.94%
The accuracy of the model of worker 0 on epoch 31 is 65.52%
[07/29 14:15:29] __main__ INFO: Epoch: 31, GradMatch subset selection finished, takes 13.6807. 
The accuracy of the model of worker 0 on epoch 31 is 57.56%
The accuracy of the model of worker 0 on epoch 31 is 72.7%
[07/29 14:16:02] __main__ INFO: Epoch: 41, GradMatch subset selection finished, takes 13.3069. 
[07/29 14:16:05] __main__ INFO: Epoch: 41, GradMatch subset selection finished, takes 13.5534. 
[07/29 14:16:05] __main__ INFO: Epoch: 41, GradMatch subset selection finished, takes 13.4798. 
[07/29 14:16:05] __main__ INFO: Epoch: 41, GradMatch subset selection finished, takes 13.5953. 
[07/29 14:16:06] __main__ INFO: Epoch: 41, GradMatch subset selection finished, takes 13.6342. 
The accuracy of the model of worker 0 on epoch 41 is 10.14%
[07/29 14:16:06] __main__ INFO: Epoch: 41, GradMatch subset selection finished, takes 13.6097. 
The accuracy of the model of worker 0 on epoch 41 is 48.08%
The accuracy of the model of worker 0 on epoch 41 is 70.92%
The accuracy of the model of worker 0 on epoch 41 is 9.98%
The accuracy of the model of worker 0 on epoch 41 is 71.46000000000001%
The accuracy of the model of worker 0 on epoch 41 is 66.12%
[07/29 14:16:10] __main__ INFO: Epoch: 41, GradMatch subset selection finished, takes 13.6337. 
The accuracy of the model of worker 0 on epoch 41 is 76.14%
The accuracy of the model of worker 0 on epoch 50 is 22.96%
Running on GPU  3
Files already downloaded and verified
Files already downloaded and verified
The accuracy of the model of worker 0 on epoch 0 is 10.66%
The accuracy of the model of worker 0 on epoch 50 is 49.74%
Running on GPU  2
The accuracy of the model of worker 0 on epoch 50 is 71.44%
Files already downloaded and verified
The accuracy of the model of worker 0 on epoch 50 is 13.600000000000001%
The accuracy of the model of worker 0 on epoch 50 is 77.9%
Running on GPU  5
Files already downloaded and verified
The accuracy of the model of worker 0 on epoch 50 is 61.94%
Files already downloaded and verified
Running on GPU  1
Files already downloaded and verified
Files already downloaded and verified
Running on GPU  4
Running on GPU  7
Files already downloaded and verified
Files already downloaded and verified
Files already downloaded and verified
Files already downloaded and verified
Files already downloaded and verified
The accuracy of the model of worker 0 on epoch 0 is 10.66%
The accuracy of the model of worker 0 on epoch 1 is 36.42%
The accuracy of the model of worker 0 on epoch 0 is 10.66%
The accuracy of the model of worker 0 on epoch 0 is 10.66%
The accuracy of the model of worker 0 on epoch 0 is 10.66%
The accuracy of the model of worker 0 on epoch 0 is 10.66%
The accuracy of the model of worker 0 on epoch 50 is 78.74%
Running on GPU  6
Files already downloaded and verified
The accuracy of the model of worker 0 on epoch 1 is 21.68%
Files already downloaded and verified
The accuracy of the model of worker 0 on epoch 1 is 28.439999999999998%
The accuracy of the model of worker 0 on epoch 1 is 35.52%
The accuracy of the model of worker 0 on epoch 1 is 36.52%
The accuracy of the model of worker 0 on epoch 1 is 30.9%
The accuracy of the model of worker 0 on epoch 0 is 10.66%
The accuracy of the model of worker 0 on epoch 1 is 36.54%
[07/29 14:17:13] __main__ INFO: Epoch: 11, GradMatch subset selection finished, takes 13.3441. 
[07/29 14:17:16] __main__ INFO: Epoch: 11, GradMatch subset selection finished, takes 13.4103. 
The accuracy of the model of worker 0 on epoch 11 is 58.24%
[07/29 14:17:17] __main__ INFO: Epoch: 11, GradMatch subset selection finished, takes 13.4714. 
[07/29 14:17:18] __main__ INFO: Epoch: 11, GradMatch subset selection finished, takes 13.6223. 
[07/29 14:17:19] __main__ INFO: Epoch: 11, GradMatch subset selection finished, takes 13.5020. 
[07/29 14:17:19] __main__ INFO: Epoch: 11, GradMatch subset selection finished, takes 13.6243. 
The accuracy of the model of worker 0 on epoch 11 is 37.2%
The accuracy of the model of worker 0 on epoch 11 is 31.480000000000004%
The accuracy of the model of worker 0 on epoch 11 is 58.81999999999999%
The accuracy of the model of worker 0 on epoch 11 is 59.21999999999999%
The accuracy of the model of worker 0 on epoch 11 is 60.419999999999995%
[07/29 14:17:23] __main__ INFO: Epoch: 11, GradMatch subset selection finished, takes 13.6248. 
The accuracy of the model of worker 0 on epoch 11 is 63.13999999999999%
[07/29 14:17:53] __main__ INFO: Epoch: 21, GradMatch subset selection finished, takes 13.5126. 
[07/29 14:17:57] __main__ INFO: Epoch: 21, GradMatch subset selection finished, takes 13.3903. 
The accuracy of the model of worker 0 on epoch 21 is 64.74%
[07/29 14:17:57] __main__ INFO: Epoch: 21, GradMatch subset selection finished, takes 13.4639. 
[07/29 14:17:58] __main__ INFO: Epoch: 21, GradMatch subset selection finished, takes 13.5591. 
[07/29 14:17:59] __main__ INFO: Epoch: 21, GradMatch subset selection finished, takes 13.4537. 
[07/29 14:17:59] __main__ INFO: Epoch: 21, GradMatch subset selection finished, takes 13.6472. 
The accuracy of the model of worker 0 on epoch 21 is 44.019999999999996%
The accuracy of the model of worker 0 on epoch 21 is 52.52%
The accuracy of the model of worker 0 on epoch 21 is 62.7%
The accuracy of the model of worker 0 on epoch 21 is 64.14%
The accuracy of the model of worker 0 on epoch 21 is 72.3%
[07/29 14:18:05] __main__ INFO: Epoch: 21, GradMatch subset selection finished, takes 13.8444. 
The accuracy of the model of worker 0 on epoch 21 is 69.52000000000001%
[07/29 14:18:33] __main__ INFO: Epoch: 31, GradMatch subset selection finished, takes 13.6858. 
[07/29 14:18:37] __main__ INFO: Epoch: 31, GradMatch subset selection finished, takes 13.6159. 
The accuracy of the model of worker 0 on epoch 31 is 69.06%
[07/29 14:18:38] __main__ INFO: Epoch: 31, GradMatch subset selection finished, takes 13.7192. 
[07/29 14:18:39] __main__ INFO: Epoch: 31, GradMatch subset selection finished, takes 13.9273. 
[07/29 14:18:40] __main__ INFO: Epoch: 31, GradMatch subset selection finished, takes 13.7359. 
[07/29 14:18:40] __main__ INFO: Epoch: 31, GradMatch subset selection finished, takes 13.9456. 
The accuracy of the model of worker 0 on epoch 31 is 51.78%
The accuracy of the model of worker 0 on epoch 31 is 50.28%
The accuracy of the model of worker 0 on epoch 31 is 74.14%
The accuracy of the model of worker 0 on epoch 31 is 72.44%
The accuracy of the model of worker 0 on epoch 31 is 74.76%
[07/29 14:18:45] __main__ INFO: Epoch: 31, GradMatch subset selection finished, takes 13.8409. 
The accuracy of the model of worker 0 on epoch 31 is 76.72%
[07/29 14:19:14] __main__ INFO: Epoch: 41, GradMatch subset selection finished, takes 13.4688. 
[07/29 14:19:17] __main__ INFO: Epoch: 41, GradMatch subset selection finished, takes 13.5897. 
The accuracy of the model of worker 0 on epoch 41 is 71.41999999999999%
[07/29 14:19:18] __main__ INFO: Epoch: 41, GradMatch subset selection finished, takes 13.6876. 
[07/29 14:19:20] __main__ INFO: Epoch: 41, GradMatch subset selection finished, takes 13.6822. 
[07/29 14:19:20] __main__ INFO: Epoch: 41, GradMatch subset selection finished, takes 13.7793. 
[07/29 14:19:21] __main__ INFO: Epoch: 41, GradMatch subset selection finished, takes 13.8275. 
The accuracy of the model of worker 0 on epoch 41 is 56.39999999999999%
The accuracy of the model of worker 0 on epoch 41 is 55.92%
The accuracy of the model of worker 0 on epoch 41 is 78.02%
The accuracy of the model of worker 0 on epoch 41 is 75.5%
The accuracy of the model of worker 0 on epoch 41 is 78.53999999999999%
[07/29 14:19:26] __main__ INFO: Epoch: 41, GradMatch subset selection finished, takes 13.8166. 
The accuracy of the model of worker 0 on epoch 41 is 79.5%
The accuracy of the model of worker 0 on epoch 50 is 73.14%
Running on GPU  3
Files already downloaded and verified
Files already downloaded and verified
The accuracy of the model of worker 0 on epoch 0 is 10.66%
The accuracy of the model of worker 0 on epoch 50 is 58.46%
Running on GPU  2
Files already downloaded and verified
Files already downloaded and verified
The accuracy of the model of worker 0 on epoch 50 is 59.519999999999996%
Running on GPU  5
Files already downloaded and verified
Files already downloaded and verified
The accuracy of the model of worker 0 on epoch 50 is 79.34%
The accuracy of the model of worker 0 on epoch 0 is 10.66%
The accuracy of the model of worker 0 on epoch 50 is 78.18%
The accuracy of the model of worker 0 on epoch 1 is 28.799999999999997%
Running on GPU  1
Files already downloaded and verified
The accuracy of the model of worker 0 on epoch 50 is 78.78%
Running on GPU  4
Files already downloaded and verified
Files already downloaded and verified
Running on GPU  7
The accuracy of the model of worker 0 on epoch 0 is 10.66%
Files already downloaded and verified
Files already downloaded and verified
Files already downloaded and verified
The accuracy of the model of worker 0 on epoch 0 is 10.66%
The accuracy of the model of worker 0 on epoch 0 is 10.66%
The accuracy of the model of worker 0 on epoch 1 is 37.4%
The accuracy of the model of worker 0 on epoch 0 is 10.66%
The accuracy of the model of worker 0 on epoch 1 is 29.48%
The accuracy of the model of worker 0 on epoch 50 is 80.30000000000001%
Running on GPU  6
Files already downloaded and verified
The accuracy of the model of worker 0 on epoch 1 is 36.76%
Files already downloaded and verified
The accuracy of the model of worker 0 on epoch 1 is 21.92%
The accuracy of the model of worker 0 on epoch 1 is 23.64%
The accuracy of the model of worker 0 on epoch 0 is 10.66%
The accuracy of the model of worker 0 on epoch 1 is 35.9%
[07/29 14:20:25] __main__ INFO: Epoch: 11, GradMatch subset selection finished, takes 13.4499. 
The accuracy of the model of worker 0 on epoch 11 is 49.72%
[07/29 14:20:29] __main__ INFO: Epoch: 11, GradMatch subset selection finished, takes 13.7846. 
[07/29 14:20:31] __main__ INFO: Epoch: 11, GradMatch subset selection finished, takes 13.8159. 
[07/29 14:20:33] __main__ INFO: Epoch: 11, GradMatch subset selection finished, takes 13.7525. 
The accuracy of the model of worker 0 on epoch 11 is 59.64%
[07/29 14:20:33] __main__ INFO: Epoch: 11, GradMatch subset selection finished, takes 13.8231. 
[07/29 14:20:34] __main__ INFO: Epoch: 11, GradMatch subset selection finished, takes 13.6907. 
The accuracy of the model of worker 0 on epoch 11 is 55.02%
The accuracy of the model of worker 0 on epoch 11 is 62.160000000000004%
The accuracy of the model of worker 0 on epoch 11 is 56.98%
The accuracy of the model of worker 0 on epoch 11 is 43.419999999999995%
[07/29 14:20:40] __main__ INFO: Epoch: 11, GradMatch subset selection finished, takes 13.8403. 
The accuracy of the model of worker 0 on epoch 11 is 63.32%
[07/29 14:21:05] __main__ INFO: Epoch: 21, GradMatch subset selection finished, takes 13.5272. 
The accuracy of the model of worker 0 on epoch 21 is 61.419999999999995%
[07/29 14:21:10] __main__ INFO: Epoch: 21, GradMatch subset selection finished, takes 13.7487. 
[07/29 14:21:12] __main__ INFO: Epoch: 21, GradMatch subset selection finished, takes 13.8567. 
[07/29 14:21:13] __main__ INFO: Epoch: 21, GradMatch subset selection finished, takes 13.7678. 
The accuracy of the model of worker 0 on epoch 21 is 70.24000000000001%
[07/29 14:21:14] __main__ INFO: Epoch: 21, GradMatch subset selection finished, takes 13.8222. 
[07/29 14:21:14] __main__ INFO: Epoch: 21, GradMatch subset selection finished, takes 13.6250. 
The accuracy of the model of worker 0 on epoch 21 is 66.56%
The accuracy of the model of worker 0 on epoch 21 is 68.14%
The accuracy of the model of worker 0 on epoch 21 is 67.58%
The accuracy of the model of worker 0 on epoch 21 is 63.06%
[07/29 14:21:21] __main__ INFO: Epoch: 21, GradMatch subset selection finished, takes 13.6287. 
The accuracy of the model of worker 0 on epoch 21 is 68.08%
[07/29 14:21:45] __main__ INFO: Epoch: 31, GradMatch subset selection finished, takes 13.6483. 
The accuracy of the model of worker 0 on epoch 31 is 73.36%
[07/29 14:21:50] __main__ INFO: Epoch: 31, GradMatch subset selection finished, takes 13.7486. 
[07/29 14:21:53] __main__ INFO: Epoch: 31, GradMatch subset selection finished, takes 13.6663. 
[07/29 14:21:54] __main__ INFO: Epoch: 31, GradMatch subset selection finished, takes 13.5822. 
The accuracy of the model of worker 0 on epoch 31 is 74.92%
[07/29 14:21:54] __main__ INFO: Epoch: 31, GradMatch subset selection finished, takes 13.6830. 
[07/29 14:21:55] __main__ INFO: Epoch: 31, GradMatch subset selection finished, takes 13.5029. 
The accuracy of the model of worker 0 on epoch 31 is 70.94%
The accuracy of the model of worker 0 on epoch 31 is 71.66%
The accuracy of the model of worker 0 on epoch 31 is 71.08%
The accuracy of the model of worker 0 on epoch 31 is 66.3%
[07/29 14:22:02] __main__ INFO: Epoch: 31, GradMatch subset selection finished, takes 13.6305. 
The accuracy of the model of worker 0 on epoch 31 is 76.75999999999999%
[07/29 14:22:26] __main__ INFO: Epoch: 41, GradMatch subset selection finished, takes 13.6242. 
The accuracy of the model of worker 0 on epoch 41 is 72.66%
[07/29 14:22:31] __main__ INFO: Epoch: 41, GradMatch subset selection finished, takes 13.5310. 
[07/29 14:22:33] __main__ INFO: Epoch: 41, GradMatch subset selection finished, takes 13.6723. 
[07/29 14:22:34] __main__ INFO: Epoch: 41, GradMatch subset selection finished, takes 13.5869. 
[07/29 14:22:35] __main__ INFO: Epoch: 41, GradMatch subset selection finished, takes 13.4886. 
[07/29 14:22:35] __main__ INFO: Epoch: 41, GradMatch subset selection finished, takes 13.6217. 
The accuracy of the model of worker 0 on epoch 41 is 78.84%
The accuracy of the model of worker 0 on epoch 41 is 76.06%
The accuracy of the model of worker 0 on epoch 41 is 78.48%
The accuracy of the model of worker 0 on epoch 41 is 75.46000000000001%
The accuracy of the model of worker 0 on epoch 41 is 76.88000000000001%
[07/29 14:22:42] __main__ INFO: Epoch: 41, GradMatch subset selection finished, takes 13.6705. 
The accuracy of the model of worker 0 on epoch 41 is 78.53999999999999%
The accuracy of the model of worker 0 on epoch 50 is 77.25999999999999%
Running on GPU  3
Files already downloaded and verified
Files already downloaded and verified
The accuracy of the model of worker 0 on epoch 0 is 10.66%
The accuracy of the model of worker 0 on epoch 50 is 80.46%
Running on GPU  2
Files already downloaded and verified
Files already downloaded and verified
The accuracy of the model of worker 0 on epoch 1 is 37.74%
The accuracy of the model of worker 0 on epoch 50 is 76.92%
Running on GPU  5
Files already downloaded and verified
The accuracy of the model of worker 0 on epoch 0 is 10.66%
The accuracy of the model of worker 0 on epoch 50 is 79.32000000000001%
The accuracy of the model of worker 0 on epoch 50 is 76.55999999999999%
The accuracy of the model of worker 0 on epoch 50 is 78.08%
Running on GPU  4
Files already downloaded and verified
Files already downloaded and verified
Running on GPU  7
Running on GPU  1
Files already downloaded and verified
Files already downloaded and verified
Files already downloaded and verified
Files already downloaded and verified
Files already downloaded and verified
The accuracy of the model of worker 0 on epoch 0 is 10.66%
The accuracy of the model of worker 0 on epoch 0 is 10.66%
The accuracy of the model of worker 0 on epoch 1 is 25.46%
The accuracy of the model of worker 0 on epoch 0 is 10.66%
The accuracy of the model of worker 0 on epoch 0 is 10.66%
The accuracy of the model of worker 0 on epoch 1 is 21.78%
The accuracy of the model of worker 0 on epoch 1 is 26.279999999999998%
The accuracy of the model of worker 0 on epoch 50 is 80.80000000000001%
The accuracy of the model of worker 0 on epoch 1 is 8.98%
The accuracy of the model of worker 0 on epoch 1 is 10.48%
Running on GPU  6
Files already downloaded and verified
Files already downloaded and verified
The accuracy of the model of worker 0 on epoch 0 is 10.66%
The accuracy of the model of worker 0 on epoch 1 is 10.620000000000001%
[07/29 14:23:37] __main__ INFO: Epoch: 11, GradMatch subset selection finished, takes 13.7060. 
The accuracy of the model of worker 0 on epoch 11 is 63.519999999999996%
[07/29 14:23:43] __main__ INFO: Epoch: 11, GradMatch subset selection finished, takes 13.6014. 
[07/29 14:23:46] __main__ INFO: Epoch: 11, GradMatch subset selection finished, takes 13.6965. 
[07/29 14:23:47] __main__ INFO: Epoch: 11, GradMatch subset selection finished, takes 13.6161. 
The accuracy of the model of worker 0 on epoch 11 is 59.540000000000006%
[07/29 14:23:47] __main__ INFO: Epoch: 11, GradMatch subset selection finished, takes 13.4545. 
[07/29 14:23:48] __main__ INFO: Epoch: 11, GradMatch subset selection finished, takes 13.4863. 
The accuracy of the model of worker 0 on epoch 11 is 47.12%
The accuracy of the model of worker 0 on epoch 11 is 52.54%
The accuracy of the model of worker 0 on epoch 11 is 10.54%
The accuracy of the model of worker 0 on epoch 11 is 10.08%
[07/29 14:23:55] __main__ INFO: Epoch: 11, GradMatch subset selection finished, takes 13.6323. 
The accuracy of the model of worker 0 on epoch 11 is 12.620000000000001%
[07/29 14:24:17] __main__ INFO: Epoch: 21, GradMatch subset selection finished, takes 13.6608. 
The accuracy of the model of worker 0 on epoch 21 is 69.32000000000001%
[07/29 14:24:23] __main__ INFO: Epoch: 21, GradMatch subset selection finished, takes 13.5772. 
[07/29 14:24:27] __main__ INFO: Epoch: 21, GradMatch subset selection finished, takes 13.6535. 
[07/29 14:24:27] __main__ INFO: Epoch: 21, GradMatch subset selection finished, takes 13.6799. 
The accuracy of the model of worker 0 on epoch 21 is 68.5%
[07/29 14:24:27] __main__ INFO: Epoch: 21, GradMatch subset selection finished, takes 13.3599. 
[07/29 14:24:28] __main__ INFO: Epoch: 21, GradMatch subset selection finished, takes 13.4401. 
The accuracy of the model of worker 0 on epoch 21 is 62.72%
The accuracy of the model of worker 0 on epoch 21 is 61.72%
The accuracy of the model of worker 0 on epoch 21 is 10.66%
The accuracy of the model of worker 0 on epoch 21 is 12.18%
[07/29 14:24:36] __main__ INFO: Epoch: 21, GradMatch subset selection finished, takes 13.4798. 
The accuracy of the model of worker 0 on epoch 21 is 9.42%
[07/29 14:24:58] __main__ INFO: Epoch: 31, GradMatch subset selection finished, takes 13.5408. 
The accuracy of the model of worker 0 on epoch 31 is 75.9%
[07/29 14:25:04] __main__ INFO: Epoch: 31, GradMatch subset selection finished, takes 13.6059. 
[07/29 14:25:07] __main__ INFO: Epoch: 31, GradMatch subset selection finished, takes 13.6476. 
[07/29 14:25:08] __main__ INFO: Epoch: 31, GradMatch subset selection finished, takes 13.5189. 
The accuracy of the model of worker 0 on epoch 31 is 75.26%
[07/29 14:25:08] __main__ INFO: Epoch: 31, GradMatch subset selection finished, takes 13.6632. 
[07/29 14:25:09] __main__ INFO: Epoch: 31, GradMatch subset selection finished, takes 13.4365. 
The accuracy of the model of worker 0 on epoch 31 is 69.39999999999999%
The accuracy of the model of worker 0 on epoch 31 is 10.280000000000001%
The accuracy of the model of worker 0 on epoch 31 is 71.2%
The accuracy of the model of worker 0 on epoch 31 is 10.5%
[07/29 14:25:17] __main__ INFO: Epoch: 31, GradMatch subset selection finished, takes 13.6114. 
The accuracy of the model of worker 0 on epoch 31 is 9.76%
[07/29 14:25:38] __main__ INFO: Epoch: 41, GradMatch subset selection finished, takes 13.6991. 
The accuracy of the model of worker 0 on epoch 41 is 78.36%
[07/29 14:25:44] __main__ INFO: Epoch: 41, GradMatch subset selection finished, takes 13.5956. 
[07/29 14:25:48] __main__ INFO: Epoch: 41, GradMatch subset selection finished, takes 13.6565. 
[07/29 14:25:48] __main__ INFO: Epoch: 41, GradMatch subset selection finished, takes 13.4963. 
The accuracy of the model of worker 0 on epoch 41 is 76.55999999999999%
[07/29 14:25:49] __main__ INFO: Epoch: 41, GradMatch subset selection finished, takes 13.6622. 
[07/29 14:25:49] __main__ INFO: Epoch: 41, GradMatch subset selection finished, takes 13.6057. 
The accuracy of the model of worker 0 on epoch 41 is 75.4%
The accuracy of the model of worker 0 on epoch 41 is 9.42%
The accuracy of the model of worker 0 on epoch 41 is 74.9%
The accuracy of the model of worker 0 on epoch 41 is 9.76%
[07/29 14:25:58] __main__ INFO: Epoch: 41, GradMatch subset selection finished, takes 13.8170. 
The accuracy of the model of worker 0 on epoch 41 is 10.24%
The accuracy of the model of worker 0 on epoch 50 is 78.42%
Running on GPU  3
Files already downloaded and verified
Files already downloaded and verified
The accuracy of the model of worker 0 on epoch 0 is 10.66%
The accuracy of the model of worker 0 on epoch 50 is 79.67999999999999%
Running on GPU  2
Files already downloaded and verified
Files already downloaded and verified
The accuracy of the model of worker 0 on epoch 1 is 28.360000000000003%
The accuracy of the model of worker 0 on epoch 0 is 10.66%
The accuracy of the model of worker 0 on epoch 50 is 13.34%
The accuracy of the model of worker 0 on epoch 50 is 77.94%
Running on GPU  5
Files already downloaded and verified
Running on GPU  7
The accuracy of the model of worker 0 on epoch 50 is 76.03999999999999%
Files already downloaded and verified
Files already downloaded and verified
Running on GPU  4
The accuracy of the model of worker 0 on epoch 50 is 9.82%
Files already downloaded and verified
Files already downloaded and verified
Running on GPU  1
Files already downloaded and verified
Files already downloaded and verified
The accuracy of the model of worker 0 on epoch 0 is 10.66%
Files already downloaded and verified
The accuracy of the model of worker 0 on epoch 1 is 25.019999999999996%
The accuracy of the model of worker 0 on epoch 0 is 10.66%
The accuracy of the model of worker 0 on epoch 0 is 10.66%
The accuracy of the model of worker 0 on epoch 0 is 10.66%
The accuracy of the model of worker 0 on epoch 1 is 18.48%
The accuracy of the model of worker 0 on epoch 1 is 30.099999999999998%
The accuracy of the model of worker 0 on epoch 1 is 11.42%
The accuracy of the model of worker 0 on epoch 1 is 20.080000000000002%
The accuracy of the model of worker 0 on epoch 50 is 11.68%
Running on GPU  6
Files already downloaded and verified
Files already downloaded and verified
The accuracy of the model of worker 0 on epoch 0 is 10.66%
The accuracy of the model of worker 0 on epoch 1 is 22.12%
[07/29 14:26:51] __main__ INFO: Epoch: 11, GradMatch subset selection finished, takes 13.5117. 
The accuracy of the model of worker 0 on epoch 11 is 53.559999999999995%
[07/29 14:26:56] __main__ INFO: Epoch: 11, GradMatch subset selection finished, takes 13.4736. 
The accuracy of the model of worker 0 on epoch 11 is 47.8%
[07/29 14:27:00] __main__ INFO: Epoch: 11, GradMatch subset selection finished, takes 13.5192. 
[07/29 14:27:00] __main__ INFO: Epoch: 11, GradMatch subset selection finished, takes 13.6634. 
[07/29 14:27:01] __main__ INFO: Epoch: 11, GradMatch subset selection finished, takes 13.7204. 
[07/29 14:27:02] __main__ INFO: Epoch: 11, GradMatch subset selection finished, takes 13.7798. 
The accuracy of the model of worker 0 on epoch 11 is 38.440000000000005%
The accuracy of the model of worker 0 on epoch 11 is 61.94%
The accuracy of the model of worker 0 on epoch 11 is 31.8%
The accuracy of the model of worker 0 on epoch 11 is 48.1%
[07/29 14:27:11] __main__ INFO: Epoch: 11, GradMatch subset selection finished, takes 13.8459. 
The accuracy of the model of worker 0 on epoch 11 is 50.519999999999996%
[07/29 14:27:31] __main__ INFO: Epoch: 21, GradMatch subset selection finished, takes 13.4343. 
The accuracy of the model of worker 0 on epoch 21 is 59.24%
[07/29 14:27:36] __main__ INFO: Epoch: 21, GradMatch subset selection finished, takes 13.4923. 
The accuracy of the model of worker 0 on epoch 21 is 60.940000000000005%
[07/29 14:27:41] __main__ INFO: Epoch: 21, GradMatch subset selection finished, takes 13.6552. 
[07/29 14:27:41] __main__ INFO: Epoch: 21, GradMatch subset selection finished, takes 13.8611. 
[07/29 14:27:42] __main__ INFO: Epoch: 21, GradMatch subset selection finished, takes 13.8819. 
[07/29 14:27:43] __main__ INFO: Epoch: 21, GradMatch subset selection finished, takes 13.7928. 
The accuracy of the model of worker 0 on epoch 21 is 69.38%
The accuracy of the model of worker 0 on epoch 21 is 48.64%
The accuracy of the model of worker 0 on epoch 21 is 43.7%
The accuracy of the model of worker 0 on epoch 21 is 49.68%
[07/29 14:27:52] __main__ INFO: Epoch: 21, GradMatch subset selection finished, takes 13.6324. 
The accuracy of the model of worker 0 on epoch 21 is 63.2%
[07/29 14:28:11] __main__ INFO: Epoch: 31, GradMatch subset selection finished, takes 13.4632. 
The accuracy of the model of worker 0 on epoch 31 is 68.24%
[07/29 14:28:17] __main__ INFO: Epoch: 31, GradMatch subset selection finished, takes 13.7879. 
The accuracy of the model of worker 0 on epoch 31 is 67.58%
[07/29 14:28:21] __main__ INFO: Epoch: 31, GradMatch subset selection finished, takes 13.6336. 
[07/29 14:28:22] __main__ INFO: Epoch: 31, GradMatch subset selection finished, takes 13.8190. 
[07/29 14:28:23] __main__ INFO: Epoch: 31, GradMatch subset selection finished, takes 13.8240. 
[07/29 14:28:24] __main__ INFO: Epoch: 31, GradMatch subset selection finished, takes 13.7539. 
The accuracy of the model of worker 0 on epoch 31 is 76.72%
The accuracy of the model of worker 0 on epoch 31 is 59.78%
The accuracy of the model of worker 0 on epoch 31 is 35.88%
The accuracy of the model of worker 0 on epoch 31 is 61.839999999999996%
[07/29 14:28:33] __main__ INFO: Epoch: 31, GradMatch subset selection finished, takes 13.6490. 
The accuracy of the model of worker 0 on epoch 31 is 70.08%
[07/29 14:28:51] __main__ INFO: Epoch: 41, GradMatch subset selection finished, takes 13.4789. 
The accuracy of the model of worker 0 on epoch 41 is 73.86%
[07/29 14:28:57] __main__ INFO: Epoch: 41, GradMatch subset selection finished, takes 13.7433. 
The accuracy of the model of worker 0 on epoch 41 is 71.72%
[07/29 14:29:02] __main__ INFO: Epoch: 41, GradMatch subset selection finished, takes 13.6164. 
[07/29 14:29:03] __main__ INFO: Epoch: 41, GradMatch subset selection finished, takes 13.8138. 
[07/29 14:29:04] __main__ INFO: Epoch: 41, GradMatch subset selection finished, takes 13.9134. 
[07/29 14:29:04] __main__ INFO: Epoch: 41, GradMatch subset selection finished, takes 13.7711. 
The accuracy of the model of worker 0 on epoch 41 is 79.36%
The accuracy of the model of worker 0 on epoch 41 is 61.46%
The accuracy of the model of worker 0 on epoch 41 is 51.580000000000005%
The accuracy of the model of worker 0 on epoch 41 is 65.98%
[07/29 14:29:14] __main__ INFO: Epoch: 41, GradMatch subset selection finished, takes 13.6403. 
The accuracy of the model of worker 0 on epoch 41 is 73.66%
The accuracy of the model of worker 0 on epoch 50 is 76.94%
Running on GPU  3
Files already downloaded and verified
Files already downloaded and verified
The accuracy of the model of worker 0 on epoch 0 is 10.66%
The accuracy of the model of worker 0 on epoch 50 is 75.98%
Running on GPU  2
Files already downloaded and verified
Files already downloaded and verified
The accuracy of the model of worker 0 on epoch 1 is 31.0%
The accuracy of the model of worker 0 on epoch 0 is 10.66%
The accuracy of the model of worker 0 on epoch 50 is 78.97999999999999%
Running on GPU  7
Files already downloaded and verified
The accuracy of the model of worker 0 on epoch 50 is 65.10000000000001%
Files already downloaded and verified
Running on GPU  5
Files already downloaded and verified
The accuracy of the model of worker 0 on epoch 50 is 61.839999999999996%
The accuracy of the model of worker 0 on epoch 1 is 33.879999999999995%
The accuracy of the model of worker 0 on epoch 50 is 68.84%
Running on GPU  1
Files already downloaded and verified
Files already downloaded and verified
Running on GPU  4
The accuracy of the model of worker 0 on epoch 0 is 10.66%
Files already downloaded and verified
Files already downloaded and verified
Files already downloaded and verified
The accuracy of the model of worker 0 on epoch 0 is 10.66%
The accuracy of the model of worker 0 on epoch 0 is 10.66%
The accuracy of the model of worker 0 on epoch 0 is 10.66%
The accuracy of the model of worker 0 on epoch 1 is 24.2%
The accuracy of the model of worker 0 on epoch 1 is 24.18%
The accuracy of the model of worker 0 on epoch 1 is 19.6%
The accuracy of the model of worker 0 on epoch 1 is 10.440000000000001%
The accuracy of the model of worker 0 on epoch 50 is 76.9%
Running on GPU  6
Files already downloaded and verified
Files already downloaded and verified
The accuracy of the model of worker 0 on epoch 0 is 10.66%
The accuracy of the model of worker 0 on epoch 1 is 30.959999999999997%
[07/29 14:30:03] __main__ INFO: Epoch: 11, GradMatch subset selection finished, takes 13.6756. 
The accuracy of the model of worker 0 on epoch 11 is 61.24000000000001%
[07/29 14:30:09] __main__ INFO: Epoch: 11, GradMatch subset selection finished, takes 13.7944. 
The accuracy of the model of worker 0 on epoch 11 is 63.239999999999995%
[07/29 14:30:14] __main__ INFO: Epoch: 11, GradMatch subset selection finished, takes 13.6417. 
[07/29 14:30:16] __main__ INFO: Epoch: 11, GradMatch subset selection finished, takes 13.6766. 
[07/29 14:30:16] __main__ INFO: Epoch: 11, GradMatch subset selection finished, takes 13.6519. 
[07/29 14:30:17] __main__ INFO: Epoch: 11, GradMatch subset selection finished, takes 13.6831. 
The accuracy of the model of worker 0 on epoch 11 is 53.5%
The accuracy of the model of worker 0 on epoch 11 is 51.959999999999994%
The accuracy of the model of worker 0 on epoch 11 is 37.74%
The accuracy of the model of worker 0 on epoch 11 is 31.34%
[07/29 14:30:28] __main__ INFO: Epoch: 11, GradMatch subset selection finished, takes 13.6196. 
The accuracy of the model of worker 0 on epoch 11 is 57.68%
[07/29 14:30:43] __main__ INFO: Epoch: 21, GradMatch subset selection finished, takes 13.8359. 
The accuracy of the model of worker 0 on epoch 21 is 67.92%
[07/29 14:30:49] __main__ INFO: Epoch: 21, GradMatch subset selection finished, takes 13.7772. 
The accuracy of the model of worker 0 on epoch 21 is 69.84%
[07/29 14:30:54] __main__ INFO: Epoch: 21, GradMatch subset selection finished, takes 13.4919. 
[07/29 14:30:57] __main__ INFO: Epoch: 21, GradMatch subset selection finished, takes 13.6873. 
[07/29 14:30:57] __main__ INFO: Epoch: 21, GradMatch subset selection finished, takes 13.5787. 
[07/29 14:30:57] __main__ INFO: Epoch: 21, GradMatch subset selection finished, takes 13.6465. 
The accuracy of the model of worker 0 on epoch 21 is 66.03999999999999%
The accuracy of the model of worker 0 on epoch 21 is 65.74%
The accuracy of the model of worker 0 on epoch 21 is 50.68%
The accuracy of the model of worker 0 on epoch 21 is 52.26%
[07/29 14:31:09] __main__ INFO: Epoch: 21, GradMatch subset selection finished, takes 13.5896. 
The accuracy of the model of worker 0 on epoch 21 is 69.86%
[07/29 14:31:24] __main__ INFO: Epoch: 31, GradMatch subset selection finished, takes 14.1094. 
The accuracy of the model of worker 0 on epoch 31 is 75.78%
[07/29 14:31:30] __main__ INFO: Epoch: 31, GradMatch subset selection finished, takes 13.5806. 
The accuracy of the model of worker 0 on epoch 31 is 74.9%
[07/29 14:31:35] __main__ INFO: Epoch: 31, GradMatch subset selection finished, takes 13.4650. 
[07/29 14:31:37] __main__ INFO: Epoch: 31, GradMatch subset selection finished, takes 13.6753. 
[07/29 14:31:38] __main__ INFO: Epoch: 31, GradMatch subset selection finished, takes 13.5940. 
[07/29 14:31:38] __main__ INFO: Epoch: 31, GradMatch subset selection finished, takes 13.6791. 
The accuracy of the model of worker 0 on epoch 31 is 73.34%
The accuracy of the model of worker 0 on epoch 31 is 72.58%
The accuracy of the model of worker 0 on epoch 31 is 20.380000000000003%
The accuracy of the model of worker 0 on epoch 31 is 52.16%
[07/29 14:31:50] __main__ INFO: Epoch: 31, GradMatch subset selection finished, takes 13.8561. 
The accuracy of the model of worker 0 on epoch 31 is 72.92%
[07/29 14:32:05] __main__ INFO: Epoch: 41, GradMatch subset selection finished, takes 13.4886. 
The accuracy of the model of worker 0 on epoch 41 is 79.32000000000001%
[07/29 14:32:11] __main__ INFO: Epoch: 41, GradMatch subset selection finished, takes 13.5688. 
The accuracy of the model of worker 0 on epoch 41 is 79.62%
[07/29 14:32:15] __main__ INFO: Epoch: 41, GradMatch subset selection finished, takes 13.4536. 
[07/29 14:32:18] __main__ INFO: Epoch: 41, GradMatch subset selection finished, takes 13.6121. 
[07/29 14:32:19] __main__ INFO: Epoch: 41, GradMatch subset selection finished, takes 13.6430. 
[07/29 14:32:19] __main__ INFO: Epoch: 41, GradMatch subset selection finished, takes 13.6434. 
The accuracy of the model of worker 0 on epoch 41 is 76.92%
The accuracy of the model of worker 0 on epoch 41 is 31.4%
The accuracy of the model of worker 0 on epoch 41 is 59.660000000000004%
The accuracy of the model of worker 0 on epoch 41 is 76.34%
[07/29 14:32:31] __main__ INFO: Epoch: 41, GradMatch subset selection finished, takes 13.7898. 
The accuracy of the model of worker 0 on epoch 50 is 80.24%
Running on GPU  3
Files already downloaded and verified
Files already downloaded and verified
The accuracy of the model of worker 0 on epoch 41 is 79.06%
The accuracy of the model of worker 0 on epoch 0 is 10.66%
The accuracy of the model of worker 0 on epoch 50 is 80.22%
Running on GPU  2
Files already downloaded and verified
Files already downloaded and verified
The accuracy of the model of worker 0 on epoch 1 is 20.48%
The accuracy of the model of worker 0 on epoch 0 is 10.66%
The accuracy of the model of worker 0 on epoch 50 is 76.38000000000001%
Running on GPU  7
Files already downloaded and verified
Files already downloaded and verified
The accuracy of the model of worker 0 on epoch 1 is 27.060000000000002%
The accuracy of the model of worker 0 on epoch 50 is 58.36%
The accuracy of the model of worker 0 on epoch 50 is 61.86000000000001%
The accuracy of the model of worker 0 on epoch 0 is 10.66%
The accuracy of the model of worker 0 on epoch 50 is 79.25999999999999%
Running on GPU  5
Files already downloaded and verified
Running on GPU  1
Running on GPU  4
Files already downloaded and verified
Files already downloaded and verified
Files already downloaded and verified
Files already downloaded and verified
Files already downloaded and verified
The accuracy of the model of worker 0 on epoch 0 is 10.66%
The accuracy of the model of worker 0 on epoch 1 is 11.48%
The accuracy of the model of worker 0 on epoch 0 is 10.66%
The accuracy of the model of worker 0 on epoch 0 is 10.66%
The accuracy of the model of worker 0 on epoch 1 is 38.0%
The accuracy of the model of worker 0 on epoch 1 is 34.160000000000004%
The accuracy of the model of worker 0 on epoch 1 is 37.26%
The accuracy of the model of worker 0 on epoch 50 is 79.42%
Running on GPU  6
Files already downloaded and verified
Files already downloaded and verified
The accuracy of the model of worker 0 on epoch 0 is 10.66%
The accuracy of the model of worker 0 on epoch 1 is 36.0%
[07/29 14:33:17] __main__ INFO: Epoch: 11, GradMatch subset selection finished, takes 13.4973. 
The accuracy of the model of worker 0 on epoch 11 is 21.9%
[07/29 14:33:22] __main__ INFO: Epoch: 11, GradMatch subset selection finished, takes 13.5907. 
The accuracy of the model of worker 0 on epoch 11 is 49.480000000000004%
[07/29 14:33:27] __main__ INFO: Epoch: 11, GradMatch subset selection finished, takes 13.5436. 
[07/29 14:33:31] __main__ INFO: Epoch: 11, GradMatch subset selection finished, takes 13.4743. 
The accuracy of the model of worker 0 on epoch 11 is 21.5%
[07/29 14:33:32] __main__ INFO: Epoch: 11, GradMatch subset selection finished, takes 13.4391. 
[07/29 14:33:32] __main__ INFO: Epoch: 11, GradMatch subset selection finished, takes 13.4762. 
The accuracy of the model of worker 0 on epoch 11 is 51.35999999999999%
The accuracy of the model of worker 0 on epoch 11 is 50.019999999999996%
The accuracy of the model of worker 0 on epoch 11 is 58.02%
[07/29 14:33:44] __main__ INFO: Epoch: 11, GradMatch subset selection finished, takes 13.6213. 
The accuracy of the model of worker 0 on epoch 11 is 47.08%
[07/29 14:33:57] __main__ INFO: Epoch: 21, GradMatch subset selection finished, takes 13.5340. 
The accuracy of the model of worker 0 on epoch 21 is 28.74%
[07/29 14:34:02] __main__ INFO: Epoch: 21, GradMatch subset selection finished, takes 13.6251. 
The accuracy of the model of worker 0 on epoch 21 is 64.74%
[07/29 14:34:07] __main__ INFO: Epoch: 21, GradMatch subset selection finished, takes 13.4938. 
The accuracy of the model of worker 0 on epoch 21 is 23.400000000000002%
[07/29 14:34:12] __main__ INFO: Epoch: 21, GradMatch subset selection finished, takes 13.5983. 
[07/29 14:34:12] __main__ INFO: Epoch: 21, GradMatch subset selection finished, takes 13.6315. 
[07/29 14:34:12] __main__ INFO: Epoch: 21, GradMatch subset selection finished, takes 13.5542. 
The accuracy of the model of worker 0 on epoch 21 is 57.84%
The accuracy of the model of worker 0 on epoch 21 is 61.63999999999999%
The accuracy of the model of worker 0 on epoch 21 is 58.96%
[07/29 14:34:25] __main__ INFO: Epoch: 21, GradMatch subset selection finished, takes 13.4624. 
The accuracy of the model of worker 0 on epoch 21 is 64.12%
[07/29 14:34:38] __main__ INFO: Epoch: 31, GradMatch subset selection finished, takes 13.5006. 
The accuracy of the model of worker 0 on epoch 31 is 10.100000000000001%
[07/29 14:34:43] __main__ INFO: Epoch: 31, GradMatch subset selection finished, takes 13.6213. 
The accuracy of the model of worker 0 on epoch 31 is 72.18%
[07/29 14:34:48] __main__ INFO: Epoch: 31, GradMatch subset selection finished, takes 13.7061. 
The accuracy of the model of worker 0 on epoch 31 is 43.14%
[07/29 14:34:52] __main__ INFO: Epoch: 31, GradMatch subset selection finished, takes 13.6814. 
[07/29 14:34:53] __main__ INFO: Epoch: 31, GradMatch subset selection finished, takes 13.6675. 
[07/29 14:34:53] __main__ INFO: Epoch: 31, GradMatch subset selection finished, takes 13.5997. 
The accuracy of the model of worker 0 on epoch 31 is 59.64%
The accuracy of the model of worker 0 on epoch 31 is 65.42%
The accuracy of the model of worker 0 on epoch 31 is 66.94%
[07/29 14:35:06] __main__ INFO: Epoch: 31, GradMatch subset selection finished, takes 13.4693. 
The accuracy of the model of worker 0 on epoch 31 is 68.24%
[07/29 14:35:18] __main__ INFO: Epoch: 41, GradMatch subset selection finished, takes 13.4550. 
The accuracy of the model of worker 0 on epoch 41 is 11.459999999999999%
[07/29 14:35:23] __main__ INFO: Epoch: 41, GradMatch subset selection finished, takes 13.7850. 
The accuracy of the model of worker 0 on epoch 41 is 76.12%
[07/29 14:35:28] __main__ INFO: Epoch: 41, GradMatch subset selection finished, takes 13.7243. 
The accuracy of the model of worker 0 on epoch 41 is 10.42%
[07/29 14:35:33] __main__ INFO: Epoch: 41, GradMatch subset selection finished, takes 13.6612. 
[07/29 14:35:33] __main__ INFO: Epoch: 41, GradMatch subset selection finished, takes 13.6842. 
[07/29 14:35:33] __main__ INFO: Epoch: 41, GradMatch subset selection finished, takes 13.5994. 
The accuracy of the model of worker 0 on epoch 41 is 68.60000000000001%
The accuracy of the model of worker 0 on epoch 41 is 72.8%
The accuracy of the model of worker 0 on epoch 41 is 72.42%
The accuracy of the model of worker 0 on epoch 50 is 34.660000000000004%
Running on GPU  3
[07/29 14:35:47] __main__ INFO: Epoch: 41, GradMatch subset selection finished, takes 13.4988. 
Files already downloaded and verified
Files already downloaded and verified
The accuracy of the model of worker 0 on epoch 0 is 10.66%
The accuracy of the model of worker 0 on epoch 50 is 79.06%
The accuracy of the model of worker 0 on epoch 41 is 73.48%
Running on GPU  2
Files already downloaded and verified
Files already downloaded and verified
The accuracy of the model of worker 0 on epoch 1 is 34.839999999999996%
The accuracy of the model of worker 0 on epoch 0 is 10.66%
The accuracy of the model of worker 0 on epoch 50 is 48.620000000000005%
Running on GPU  7
Files already downloaded and verified
Files already downloaded and verified
The accuracy of the model of worker 0 on epoch 1 is 14.760000000000002%
The accuracy of the model of worker 0 on epoch 0 is 10.66%
The accuracy of the model of worker 0 on epoch 50 is 70.17999999999999%
The accuracy of the model of worker 0 on epoch 50 is 77.24%
Running on GPU  5
The accuracy of the model of worker 0 on epoch 50 is 73.5%
Files already downloaded and verified
Running on GPU  1
Files already downloaded and verified
Running on GPU  4
Files already downloaded and verified
Files already downloaded and verified
Files already downloaded and verified
The accuracy of the model of worker 0 on epoch 1 is 35.54%
Files already downloaded and verified
The accuracy of the model of worker 0 on epoch 0 is 10.66%
The accuracy of the model of worker 0 on epoch 0 is 10.66%
The accuracy of the model of worker 0 on epoch 0 is 10.66%
The accuracy of the model of worker 0 on epoch 1 is 10.14%
The accuracy of the model of worker 0 on epoch 1 is 27.76%
The accuracy of the model of worker 0 on epoch 1 is 10.0%
The accuracy of the model of worker 0 on epoch 50 is 77.5%
Running on GPU  6
Files already downloaded and verified
Files already downloaded and verified
The accuracy of the model of worker 0 on epoch 0 is 10.66%
The accuracy of the model of worker 0 on epoch 1 is 11.18%
[07/29 14:36:29] __main__ INFO: Epoch: 11, GradMatch subset selection finished, takes 13.3242. 
The accuracy of the model of worker 0 on epoch 11 is 59.62%
[07/29 14:36:34] __main__ INFO: Epoch: 11, GradMatch subset selection finished, takes 13.7734. 
The accuracy of the model of worker 0 on epoch 11 is 11.08%
[07/29 14:36:40] __main__ INFO: Epoch: 11, GradMatch subset selection finished, takes 13.5911. 
The accuracy of the model of worker 0 on epoch 11 is 49.0%
[07/29 14:36:45] __main__ INFO: Epoch: 11, GradMatch subset selection finished, takes 13.8634. 
[07/29 14:36:46] __main__ INFO: Epoch: 11, GradMatch subset selection finished, takes 13.7152. 
[07/29 14:36:46] __main__ INFO: Epoch: 11, GradMatch subset selection finished, takes 13.8031. 
The accuracy of the model of worker 0 on epoch 11 is 10.299999999999999%
The accuracy of the model of worker 0 on epoch 11 is 54.800000000000004%
The accuracy of the model of worker 0 on epoch 11 is 10.879999999999999%
[07/29 14:37:00] __main__ INFO: Epoch: 11, GradMatch subset selection finished, takes 13.6579. 
The accuracy of the model of worker 0 on epoch 11 is 27.32%
[07/29 14:37:10] __main__ INFO: Epoch: 21, GradMatch subset selection finished, takes 13.4614. 
The accuracy of the model of worker 0 on epoch 21 is 66.64%
[07/29 14:37:15] __main__ INFO: Epoch: 21, GradMatch subset selection finished, takes 13.7450. 
The accuracy of the model of worker 0 on epoch 21 is 9.719999999999999%
[07/29 14:37:20] __main__ INFO: Epoch: 21, GradMatch subset selection finished, takes 13.4265. 
The accuracy of the model of worker 0 on epoch 21 is 60.28%
[07/29 14:37:26] __main__ INFO: Epoch: 21, GradMatch subset selection finished, takes 13.6613. 
[07/29 14:37:26] __main__ INFO: Epoch: 21, GradMatch subset selection finished, takes 13.4474. 
[07/29 14:37:27] __main__ INFO: Epoch: 21, GradMatch subset selection finished, takes 13.6200. 
The accuracy of the model of worker 0 on epoch 21 is 10.16%
The accuracy of the model of worker 0 on epoch 21 is 61.839999999999996%
The accuracy of the model of worker 0 on epoch 21 is 18.279999999999998%
[07/29 14:37:41] __main__ INFO: Epoch: 21, GradMatch subset selection finished, takes 13.6745. 
The accuracy of the model of worker 0 on epoch 21 is 10.14%
[07/29 14:37:50] __main__ INFO: Epoch: 31, GradMatch subset selection finished, takes 13.4854. 
The accuracy of the model of worker 0 on epoch 31 is 73.9%
[07/29 14:37:55] __main__ INFO: Epoch: 31, GradMatch subset selection finished, takes 13.7572. 
The accuracy of the model of worker 0 on epoch 31 is 9.42%
[07/29 14:38:00] __main__ INFO: Epoch: 31, GradMatch subset selection finished, takes 13.2563. 
The accuracy of the model of worker 0 on epoch 31 is 64.03999999999999%
[07/29 14:38:07] __main__ INFO: Epoch: 31, GradMatch subset selection finished, takes 13.4947. 
[07/29 14:38:07] __main__ INFO: Epoch: 31, GradMatch subset selection finished, takes 13.6789. 
[07/29 14:38:07] __main__ INFO: Epoch: 31, GradMatch subset selection finished, takes 13.6160. 
The accuracy of the model of worker 0 on epoch 31 is 67.97999999999999%
The accuracy of the model of worker 0 on epoch 31 is 10.639999999999999%
The accuracy of the model of worker 0 on epoch 31 is 18.8%
[07/29 14:38:22] __main__ INFO: Epoch: 31, GradMatch subset selection finished, takes 13.8745. 
The accuracy of the model of worker 0 on epoch 31 is 42.120000000000005%
[07/29 14:38:30] __main__ INFO: Epoch: 41, GradMatch subset selection finished, takes 13.4930. 
The accuracy of the model of worker 0 on epoch 41 is 78.42%
[07/29 14:38:35] __main__ INFO: Epoch: 41, GradMatch subset selection finished, takes 13.5687. 
The accuracy of the model of worker 0 on epoch 41 is 14.879999999999999%
[07/29 14:38:40] __main__ INFO: Epoch: 41, GradMatch subset selection finished, takes 13.3469. 
The accuracy of the model of worker 0 on epoch 41 is 69.58%
[07/29 14:38:47] __main__ INFO: Epoch: 41, GradMatch subset selection finished, takes 13.5066. 
[07/29 14:38:47] __main__ INFO: Epoch: 41, GradMatch subset selection finished, takes 13.6451. 
[07/29 14:38:48] __main__ INFO: Epoch: 41, GradMatch subset selection finished, takes 13.7130. 
The accuracy of the model of worker 0 on epoch 41 is 75.38%
The accuracy of the model of worker 0 on epoch 41 is 10.299999999999999%
The accuracy of the model of worker 0 on epoch 41 is 16.18%
The accuracy of the model of worker 0 on epoch 50 is 78.9%
Running on GPU  3
Files already downloaded and verified
Files already downloaded and verified
The accuracy of the model of worker 0 on epoch 0 is 10.66%
[07/29 14:39:02] __main__ INFO: Epoch: 41, GradMatch subset selection finished, takes 13.7656. 
The accuracy of the model of worker 0 on epoch 50 is 10.08%
Running on GPU  2
Files already downloaded and verified
Files already downloaded and verified
The accuracy of the model of worker 0 on epoch 1 is 36.980000000000004%
The accuracy of the model of worker 0 on epoch 41 is 51.94%
The accuracy of the model of worker 0 on epoch 0 is 10.66%
The accuracy of the model of worker 0 on epoch 50 is 73.4%
Running on GPU  7
Files already downloaded and verified
Files already downloaded and verified
The accuracy of the model of worker 0 on epoch 1 is 32.5%
The accuracy of the model of worker 0 on epoch 0 is 10.66%
The accuracy of the model of worker 0 on epoch 1 is 39.24%
The accuracy of the model of worker 0 on epoch 50 is 76.6%
The accuracy of the model of worker 0 on epoch 50 is 14.399999999999999%
The accuracy of the model of worker 0 on epoch 50 is 22.32%
Running on GPU  5
Files already downloaded and verified
Running on GPU  4
Files already downloaded and verified
Files already downloaded and verified
Running on GPU  1
Files already downloaded and verified
Files already downloaded and verified
Files already downloaded and verified
The accuracy of the model of worker 0 on epoch 0 is 10.66%
The accuracy of the model of worker 0 on epoch 0 is 10.66%
The accuracy of the model of worker 0 on epoch 0 is 10.66%
The accuracy of the model of worker 0 on epoch 1 is 30.459999999999997%
The accuracy of the model of worker 0 on epoch 1 is 24.98%
The accuracy of the model of worker 0 on epoch 1 is 29.520000000000003%
The accuracy of the model of worker 0 on epoch 50 is 55.82%
Running on GPU  6
Files already downloaded and verified
Files already downloaded and verified
The accuracy of the model of worker 0 on epoch 0 is 10.66%
The accuracy of the model of worker 0 on epoch 1 is 37.4%
[07/29 14:39:41] __main__ INFO: Epoch: 11, GradMatch subset selection finished, takes 13.6264. 
The accuracy of the model of worker 0 on epoch 11 is 65.4%
[07/29 14:39:47] __main__ INFO: Epoch: 11, GradMatch subset selection finished, takes 13.6755. 
The accuracy of the model of worker 0 on epoch 11 is 51.44%
[07/29 14:39:52] __main__ INFO: Epoch: 11, GradMatch subset selection finished, takes 13.4883. 
The accuracy of the model of worker 0 on epoch 11 is 62.339999999999996%
[07/29 14:40:00] __main__ INFO: Epoch: 11, GradMatch subset selection finished, takes 13.6351. 
[07/29 14:40:00] __main__ INFO: Epoch: 11, GradMatch subset selection finished, takes 13.6262. 
[07/29 14:40:01] __main__ INFO: Epoch: 11, GradMatch subset selection finished, takes 13.4980. 
The accuracy of the model of worker 0 on epoch 11 is 53.72%
The accuracy of the model of worker 0 on epoch 11 is 50.3%
The accuracy of the model of worker 0 on epoch 11 is 60.56%
[07/29 14:40:15] __main__ INFO: Epoch: 11, GradMatch subset selection finished, takes 13.7841. 
The accuracy of the model of worker 0 on epoch 11 is 60.660000000000004%
[07/29 14:40:21] __main__ INFO: Epoch: 21, GradMatch subset selection finished, takes 13.5189. 
The accuracy of the model of worker 0 on epoch 21 is 74.6%
[07/29 14:40:27] __main__ INFO: Epoch: 21, GradMatch subset selection finished, takes 13.6187. 
The accuracy of the model of worker 0 on epoch 21 is 62.0%
[07/29 14:40:32] __main__ INFO: Epoch: 21, GradMatch subset selection finished, takes 13.4796. 
The accuracy of the model of worker 0 on epoch 21 is 69.94%
[07/29 14:40:40] __main__ INFO: Epoch: 21, GradMatch subset selection finished, takes 13.6580. 
[07/29 14:40:41] __main__ INFO: Epoch: 21, GradMatch subset selection finished, takes 13.6546. 
[07/29 14:40:41] __main__ INFO: Epoch: 21, GradMatch subset selection finished, takes 13.6024. 
The accuracy of the model of worker 0 on epoch 21 is 57.699999999999996%
The accuracy of the model of worker 0 on epoch 21 is 61.08%
The accuracy of the model of worker 0 on epoch 21 is 69.0%
[07/29 14:40:56] __main__ INFO: Epoch: 21, GradMatch subset selection finished, takes 13.8214. 
The accuracy of the model of worker 0 on epoch 21 is 74.03999999999999%
[07/29 14:41:02] __main__ INFO: Epoch: 31, GradMatch subset selection finished, takes 13.4928. 
The accuracy of the model of worker 0 on epoch 31 is 76.03999999999999%
[07/29 14:41:08] __main__ INFO: Epoch: 31, GradMatch subset selection finished, takes 13.6058. 
The accuracy of the model of worker 0 on epoch 31 is 71.89999999999999%
[07/29 14:41:12] __main__ INFO: Epoch: 31, GradMatch subset selection finished, takes 13.4711. 
The accuracy of the model of worker 0 on epoch 31 is 76.03999999999999%
[07/29 14:41:21] __main__ INFO: Epoch: 31, GradMatch subset selection finished, takes 13.8400. 
[07/29 14:41:22] __main__ INFO: Epoch: 31, GradMatch subset selection finished, takes 13.8055. 
[07/29 14:41:22] __main__ INFO: Epoch: 31, GradMatch subset selection finished, takes 13.7078. 
The accuracy of the model of worker 0 on epoch 31 is 70.04%
The accuracy of the model of worker 0 on epoch 31 is 74.6%
The accuracy of the model of worker 0 on epoch 31 is 69.22%
[07/29 14:41:37] __main__ INFO: Epoch: 31, GradMatch subset selection finished, takes 13.6802. 
The accuracy of the model of worker 0 on epoch 31 is 76.53999999999999%
[07/29 14:41:42] __main__ INFO: Epoch: 41, GradMatch subset selection finished, takes 13.5458. 
The accuracy of the model of worker 0 on epoch 41 is 81.10000000000001%
[07/29 14:41:48] __main__ INFO: Epoch: 41, GradMatch subset selection finished, takes 13.6552. 
The accuracy of the model of worker 0 on epoch 41 is 73.36%
[07/29 14:41:53] __main__ INFO: Epoch: 41, GradMatch subset selection finished, takes 13.5432. 
The accuracy of the model of worker 0 on epoch 41 is 77.78%
[07/29 14:42:02] __main__ INFO: Epoch: 41, GradMatch subset selection finished, takes 13.8373. 
[07/29 14:42:02] __main__ INFO: Epoch: 41, GradMatch subset selection finished, takes 13.7317. 
[07/29 14:42:02] __main__ INFO: Epoch: 41, GradMatch subset selection finished, takes 13.8791. 
The accuracy of the model of worker 0 on epoch 41 is 76.84%
The accuracy of the model of worker 0 on epoch 41 is 78.62%
The accuracy of the model of worker 0 on epoch 41 is 78.03999999999999%
The accuracy of the model of worker 0 on epoch 50 is 82.22%
Running on GPU  3
Files already downloaded and verified
Files already downloaded and verified
The accuracy of the model of worker 0 on epoch 0 is 10.66%
The accuracy of the model of worker 0 on epoch 50 is 78.9%
Running on GPU  2
Files already downloaded and verified
The accuracy of the model of worker 0 on epoch 1 is 27.339999999999996%
Files already downloaded and verified
[07/29 14:42:18] __main__ INFO: Epoch: 41, GradMatch subset selection finished, takes 13.5759. 
The accuracy of the model of worker 0 on epoch 0 is 10.66%
The accuracy of the model of worker 0 on epoch 50 is 79.56%
Running on GPU  7
Files already downloaded and verified
The accuracy of the model of worker 0 on epoch 41 is 78.97999999999999%
Files already downloaded and verified
The accuracy of the model of worker 0 on epoch 1 is 32.379999999999995%
The accuracy of the model of worker 0 on epoch 0 is 10.66%
The accuracy of the model of worker 0 on epoch 1 is 34.02%
The accuracy of the model of worker 0 on epoch 50 is 79.56%
The accuracy of the model of worker 0 on epoch 50 is 78.03999999999999%
Running on GPU  5
The accuracy of the model of worker 0 on epoch 50 is 78.74%
Files already downloaded and verified
Running on GPU  4
Files already downloaded and verified
Files already downloaded and verified
Running on GPU  1
Files already downloaded and verified
Files already downloaded and verified
Files already downloaded and verified
The accuracy of the model of worker 0 on epoch 0 is 10.66%
The accuracy of the model of worker 0 on epoch 0 is 10.66%
The accuracy of the model of worker 0 on epoch 0 is 10.66%
The accuracy of the model of worker 0 on epoch 1 is 19.88%
The accuracy of the model of worker 0 on epoch 1 is 26.3%
The accuracy of the model of worker 0 on epoch 1 is 22.7%
The accuracy of the model of worker 0 on epoch 50 is 78.14%
Running on GPU  6
Files already downloaded and verified
Files already downloaded and verified
The accuracy of the model of worker 0 on epoch 0 is 10.66%
[07/29 14:42:54] __main__ INFO: Epoch: 11, GradMatch subset selection finished, takes 13.5117. 
The accuracy of the model of worker 0 on epoch 1 is 20.9%
The accuracy of the model of worker 0 on epoch 11 is 51.18000000000001%
[07/29 14:43:01] __main__ INFO: Epoch: 11, GradMatch subset selection finished, takes 13.6533. 
[07/29 14:43:05] __main__ INFO: Epoch: 11, GradMatch subset selection finished, takes 13.6372. 
The accuracy of the model of worker 0 on epoch 11 is 66.32000000000001%
The accuracy of the model of worker 0 on epoch 11 is 53.92%
[07/29 14:43:14] __main__ INFO: Epoch: 11, GradMatch subset selection finished, takes 13.8255. 
[07/29 14:43:15] __main__ INFO: Epoch: 11, GradMatch subset selection finished, takes 13.8526. 
[07/29 14:43:15] __main__ INFO: Epoch: 11, GradMatch subset selection finished, takes 13.7147. 
The accuracy of the model of worker 0 on epoch 11 is 43.6%
The accuracy of the model of worker 0 on epoch 11 is 45.4%
The accuracy of the model of worker 0 on epoch 11 is 43.66%
[07/29 14:43:31] __main__ INFO: Epoch: 11, GradMatch subset selection finished, takes 13.6407. 
[07/29 14:43:35] __main__ INFO: Epoch: 21, GradMatch subset selection finished, takes 13.5159. 
The accuracy of the model of worker 0 on epoch 11 is 48.88%
The accuracy of the model of worker 0 on epoch 21 is 64.02%
[07/29 14:43:41] __main__ INFO: Epoch: 21, GradMatch subset selection finished, takes 13.8248. 
[07/29 14:43:45] __main__ INFO: Epoch: 21, GradMatch subset selection finished, takes 13.6933. 
The accuracy of the model of worker 0 on epoch 21 is 71.06%
The accuracy of the model of worker 0 on epoch 21 is 67.2%
[07/29 14:43:55] __main__ INFO: Epoch: 21, GradMatch subset selection finished, takes 13.6321. 
[07/29 14:43:55] __main__ INFO: Epoch: 21, GradMatch subset selection finished, takes 13.6675. 
[07/29 14:43:55] __main__ INFO: Epoch: 21, GradMatch subset selection finished, takes 13.5294. 
The accuracy of the model of worker 0 on epoch 21 is 47.92%
The accuracy of the model of worker 0 on epoch 21 is 61.9%
The accuracy of the model of worker 0 on epoch 21 is 54.92%
[07/29 14:44:12] __main__ INFO: Epoch: 21, GradMatch subset selection finished, takes 13.6264. 
[07/29 14:44:15] __main__ INFO: Epoch: 31, GradMatch subset selection finished, takes 13.5141. 
The accuracy of the model of worker 0 on epoch 21 is 58.040000000000006%
The accuracy of the model of worker 0 on epoch 31 is 70.8%
[07/29 14:44:22] __main__ INFO: Epoch: 31, GradMatch subset selection finished, takes 13.8209. 
[07/29 14:44:25] __main__ INFO: Epoch: 31, GradMatch subset selection finished, takes 13.6487. 
The accuracy of the model of worker 0 on epoch 31 is 76.24%
The accuracy of the model of worker 0 on epoch 31 is 71.6%
[07/29 14:44:35] __main__ INFO: Epoch: 31, GradMatch subset selection finished, takes 13.5696. 
[07/29 14:44:35] __main__ INFO: Epoch: 31, GradMatch subset selection finished, takes 13.6631. 
[07/29 14:44:36] __main__ INFO: Epoch: 31, GradMatch subset selection finished, takes 13.6273. 
The accuracy of the model of worker 0 on epoch 31 is 67.7%
The accuracy of the model of worker 0 on epoch 31 is 54.02%
The accuracy of the model of worker 0 on epoch 31 is 66.53999999999999%
[07/29 14:44:53] __main__ INFO: Epoch: 31, GradMatch subset selection finished, takes 13.8014. 
[07/29 14:44:55] __main__ INFO: Epoch: 41, GradMatch subset selection finished, takes 13.6400. 
The accuracy of the model of worker 0 on epoch 31 is 66.22%
The accuracy of the model of worker 0 on epoch 41 is 77.53999999999999%
[07/29 14:45:03] __main__ INFO: Epoch: 41, GradMatch subset selection finished, takes 13.8304. 
[07/29 14:45:05] __main__ INFO: Epoch: 41, GradMatch subset selection finished, takes 13.4333. 
The accuracy of the model of worker 0 on epoch 41 is 78.84%
The accuracy of the model of worker 0 on epoch 41 is 78.8%
[07/29 14:45:16] __main__ INFO: Epoch: 41, GradMatch subset selection finished, takes 13.5493. 
[07/29 14:45:16] __main__ INFO: Epoch: 41, GradMatch subset selection finished, takes 13.6492. 
[07/29 14:45:17] __main__ INFO: Epoch: 41, GradMatch subset selection finished, takes 13.6908. 
The accuracy of the model of worker 0 on epoch 41 is 72.1%
The accuracy of the model of worker 0 on epoch 41 is 51.980000000000004%
The accuracy of the model of worker 0 on epoch 41 is 74.6%
The accuracy of the model of worker 0 on epoch 50 is 75.88000000000001%
Running on GPU  3
Files already downloaded and verified
Files already downloaded and verified
The accuracy of the model of worker 0 on epoch 0 is 10.66%
The accuracy of the model of worker 0 on epoch 1 is 17.64%
The accuracy of the model of worker 0 on epoch 50 is 80.02%
Running on GPU  2
Files already downloaded and verified
Files already downloaded and verified
The accuracy of the model of worker 0 on epoch 50 is 76.53999999999999%
[07/29 14:45:34] __main__ INFO: Epoch: 41, GradMatch subset selection finished, takes 13.8176. 
Running on GPU  7
Files already downloaded and verified
The accuracy of the model of worker 0 on epoch 0 is 10.66%
Files already downloaded and verified
The accuracy of the model of worker 0 on epoch 0 is 10.66%
The accuracy of the model of worker 0 on epoch 41 is 67.97999999999999%
The accuracy of the model of worker 0 on epoch 1 is 13.76%
The accuracy of the model of worker 0 on epoch 1 is 20.880000000000003%
The accuracy of the model of worker 0 on epoch 50 is 75.6%
Running on GPU  1
The accuracy of the model of worker 0 on epoch 50 is 63.44%
Files already downloaded and verified
Running on GPU  5
The accuracy of the model of worker 0 on epoch 50 is 78.46%
Files already downloaded and verified
Files already downloaded and verified
Running on GPU  4
Files already downloaded and verified
Files already downloaded and verified
Files already downloaded and verified
The accuracy of the model of worker 0 on epoch 0 is 10.66%
The accuracy of the model of worker 0 on epoch 0 is 10.66%
The accuracy of the model of worker 0 on epoch 0 is 10.66%
The accuracy of the model of worker 0 on epoch 1 is 19.46%
The accuracy of the model of worker 0 on epoch 1 is 21.82%
The accuracy of the model of worker 0 on epoch 1 is 19.400000000000002%
The accuracy of the model of worker 0 on epoch 50 is 70.54%
Running on GPU  6
Files already downloaded and verified
Files already downloaded and verified
The accuracy of the model of worker 0 on epoch 0 is 10.66%
[07/29 14:46:07] __main__ INFO: Epoch: 11, GradMatch subset selection finished, takes 13.6590. 
The accuracy of the model of worker 0 on epoch 1 is 15.659999999999998%
The accuracy of the model of worker 0 on epoch 11 is 36.9%
[07/29 14:46:15] __main__ INFO: Epoch: 11, GradMatch subset selection finished, takes 13.7445. 
[07/29 14:46:18] __main__ INFO: Epoch: 11, GradMatch subset selection finished, takes 13.5407. 
The accuracy of the model of worker 0 on epoch 11 is 47.099999999999994%
The accuracy of the model of worker 0 on epoch 11 is 46.82%
[07/29 14:46:28] __main__ INFO: Epoch: 11, GradMatch subset selection finished, takes 13.4941. 
[07/29 14:46:29] __main__ INFO: Epoch: 11, GradMatch subset selection finished, takes 13.6245. 
[07/29 14:46:30] __main__ INFO: Epoch: 11, GradMatch subset selection finished, takes 13.6576. 
The accuracy of the model of worker 0 on epoch 11 is 38.0%
The accuracy of the model of worker 0 on epoch 11 is 46.82%
The accuracy of the model of worker 0 on epoch 11 is 46.339999999999996%
[07/29 14:46:47] __main__ INFO: Epoch: 21, GradMatch subset selection finished, takes 13.6707. 
[07/29 14:46:48] __main__ INFO: Epoch: 11, GradMatch subset selection finished, takes 13.8491. 
The accuracy of the model of worker 0 on epoch 21 is 55.92%
The accuracy of the model of worker 0 on epoch 11 is 28.060000000000002%
[07/29 14:46:56] __main__ INFO: Epoch: 21, GradMatch subset selection finished, takes 13.6227. 
[07/29 14:46:58] __main__ INFO: Epoch: 21, GradMatch subset selection finished, takes 13.4924. 
The accuracy of the model of worker 0 on epoch 21 is 53.6%
The accuracy of the model of worker 0 on epoch 21 is 55.02%
[07/29 14:47:08] __main__ INFO: Epoch: 21, GradMatch subset selection finished, takes 13.5536. 
[07/29 14:47:10] __main__ INFO: Epoch: 21, GradMatch subset selection finished, takes 13.6414. 
[07/29 14:47:10] __main__ INFO: Epoch: 21, GradMatch subset selection finished, takes 13.6914. 
The accuracy of the model of worker 0 on epoch 21 is 56.64%
The accuracy of the model of worker 0 on epoch 21 is 57.34%
The accuracy of the model of worker 0 on epoch 21 is 59.14%
[07/29 14:47:28] __main__ INFO: Epoch: 31, GradMatch subset selection finished, takes 13.4829. 
[07/29 14:47:29] __main__ INFO: Epoch: 21, GradMatch subset selection finished, takes 13.6485. 
The accuracy of the model of worker 0 on epoch 31 is 57.02%
The accuracy of the model of worker 0 on epoch 21 is 37.74%
[07/29 14:47:37] __main__ INFO: Epoch: 31, GradMatch subset selection finished, takes 13.6731. 
[07/29 14:47:39] __main__ INFO: Epoch: 31, GradMatch subset selection finished, takes 13.4881. 
The accuracy of the model of worker 0 on epoch 31 is 65.02%
The accuracy of the model of worker 0 on epoch 31 is 59.419999999999995%
[07/29 14:47:48] __main__ INFO: Epoch: 31, GradMatch subset selection finished, takes 13.7319. 
[07/29 14:47:51] __main__ INFO: Epoch: 31, GradMatch subset selection finished, takes 13.8371. 
[07/29 14:47:51] __main__ INFO: Epoch: 31, GradMatch subset selection finished, takes 13.8462. 
The accuracy of the model of worker 0 on epoch 31 is 58.64%
The accuracy of the model of worker 0 on epoch 31 is 59.98%
The accuracy of the model of worker 0 on epoch 31 is 56.2%
[07/29 14:48:08] __main__ INFO: Epoch: 41, GradMatch subset selection finished, takes 13.4743. 
[07/29 14:48:10] __main__ INFO: Epoch: 31, GradMatch subset selection finished, takes 13.6617. 
The accuracy of the model of worker 0 on epoch 41 is 58.26%
The accuracy of the model of worker 0 on epoch 31 is 36.14%
[07/29 14:48:17] __main__ INFO: Epoch: 41, GradMatch subset selection finished, takes 13.6466. 
[07/29 14:48:19] __main__ INFO: Epoch: 41, GradMatch subset selection finished, takes 13.5896. 
The accuracy of the model of worker 0 on epoch 41 is 67.80000000000001%
The accuracy of the model of worker 0 on epoch 41 is 62.339999999999996%
[07/29 14:48:29] __main__ INFO: Epoch: 41, GradMatch subset selection finished, takes 13.6408. 
[07/29 14:48:31] __main__ INFO: Epoch: 41, GradMatch subset selection finished, takes 13.8198. 
[07/29 14:48:32] __main__ INFO: Epoch: 41, GradMatch subset selection finished, takes 13.8355. 
The accuracy of the model of worker 0 on epoch 41 is 63.63999999999999%
The accuracy of the model of worker 0 on epoch 41 is 71.7%
The accuracy of the model of worker 0 on epoch 50 is 57.46%
The accuracy of the model of worker 0 on epoch 41 is 60.919999999999995%
Running on GPU  3
Files already downloaded and verified
Files already downloaded and verified
The accuracy of the model of worker 0 on epoch 0 is 10.66%
The accuracy of the model of worker 0 on epoch 1 is 24.04%
The accuracy of the model of worker 0 on epoch 50 is 70.52000000000001%
Running on GPU  2
Files already downloaded and verified
Files already downloaded and verified
The accuracy of the model of worker 0 on epoch 50 is 65.88000000000001%
Running on GPU  7
Files already downloaded and verified
Files already downloaded and verified
The accuracy of the model of worker 0 on epoch 0 is 10.66%
[07/29 14:48:50] __main__ INFO: Epoch: 41, GradMatch subset selection finished, takes 13.6258. 
The accuracy of the model of worker 0 on epoch 0 is 10.66%
The accuracy of the model of worker 0 on epoch 1 is 15.0%
The accuracy of the model of worker 0 on epoch 41 is 44.5%
The accuracy of the model of worker 0 on epoch 1 is 27.3%
The accuracy of the model of worker 0 on epoch 50 is 67.5%
Running on GPU  1
Files already downloaded and verified
Files already downloaded and verified
The accuracy of the model of worker 0 on epoch 50 is 74.1%
Running on GPU  5
Files already downloaded and verified
The accuracy of the model of worker 0 on epoch 0 is 10.66%
The accuracy of the model of worker 0 on epoch 50 is 70.08%
Files already downloaded and verified
Running on GPU  4
Files already downloaded and verified
Files already downloaded and verified
The accuracy of the model of worker 0 on epoch 0 is 10.66%
The accuracy of the model of worker 0 on epoch 0 is 10.66%
The accuracy of the model of worker 0 on epoch 1 is 17.96%
The accuracy of the model of worker 0 on epoch 1 is 10.58%
The accuracy of the model of worker 0 on epoch 1 is 26.68%
The accuracy of the model of worker 0 on epoch 50 is 51.76%
[07/29 14:49:20] __main__ INFO: Epoch: 11, GradMatch subset selection finished, takes 13.5176. 
Running on GPU  6
Files already downloaded and verified
Files already downloaded and verified
The accuracy of the model of worker 0 on epoch 0 is 10.66%
The accuracy of the model of worker 0 on epoch 11 is 52.839999999999996%
The accuracy of the model of worker 0 on epoch 1 is 25.779999999999998%
[07/29 14:49:29] __main__ INFO: Epoch: 11, GradMatch subset selection finished, takes 13.5593. 
[07/29 14:49:31] __main__ INFO: Epoch: 11, GradMatch subset selection finished, takes 13.2965. 
The accuracy of the model of worker 0 on epoch 11 is 12.42%
The accuracy of the model of worker 0 on epoch 11 is 45.56%
[07/29 14:49:41] __main__ INFO: Epoch: 11, GradMatch subset selection finished, takes 13.6957. 
[07/29 14:49:44] __main__ INFO: Epoch: 11, GradMatch subset selection finished, takes 13.7190. 
The accuracy of the model of worker 0 on epoch 11 is 35.38%
[07/29 14:49:45] __main__ INFO: Epoch: 11, GradMatch subset selection finished, takes 13.9069. 
The accuracy of the model of worker 0 on epoch 11 is 16.18%
The accuracy of the model of worker 0 on epoch 11 is 59.98%
[07/29 14:50:00] __main__ INFO: Epoch: 21, GradMatch subset selection finished, takes 13.4537. 
The accuracy of the model of worker 0 on epoch 21 is 64.72%
[07/29 14:50:04] __main__ INFO: Epoch: 11, GradMatch subset selection finished, takes 13.6548. 
The accuracy of the model of worker 0 on epoch 11 is 53.339999999999996%
[07/29 14:50:10] __main__ INFO: Epoch: 21, GradMatch subset selection finished, takes 13.5338. 
[07/29 14:50:11] __main__ INFO: Epoch: 21, GradMatch subset selection finished, takes 13.3498. 
The accuracy of the model of worker 0 on epoch 21 is 14.299999999999999%
The accuracy of the model of worker 0 on epoch 21 is 53.04%
[07/29 14:50:21] __main__ INFO: Epoch: 21, GradMatch subset selection finished, takes 13.7661. 
[07/29 14:50:24] __main__ INFO: Epoch: 21, GradMatch subset selection finished, takes 13.7676. 
The accuracy of the model of worker 0 on epoch 21 is 33.48%
[07/29 14:50:26] __main__ INFO: Epoch: 21, GradMatch subset selection finished, takes 13.6626. 
The accuracy of the model of worker 0 on epoch 21 is 9.76%
The accuracy of the model of worker 0 on epoch 21 is 67.4%
[07/29 14:50:40] __main__ INFO: Epoch: 31, GradMatch subset selection finished, takes 13.5247. 
The accuracy of the model of worker 0 on epoch 31 is 71.08%
[07/29 14:50:45] __main__ INFO: Epoch: 21, GradMatch subset selection finished, takes 13.6520. 
The accuracy of the model of worker 0 on epoch 21 is 66.4%
[07/29 14:50:50] __main__ INFO: Epoch: 31, GradMatch subset selection finished, takes 13.7430. 
[07/29 14:50:52] __main__ INFO: Epoch: 31, GradMatch subset selection finished, takes 13.5153. 
The accuracy of the model of worker 0 on epoch 31 is 13.22%
The accuracy of the model of worker 0 on epoch 31 is 55.36%
[07/29 14:51:02] __main__ INFO: Epoch: 31, GradMatch subset selection finished, takes 13.4387. 
[07/29 14:51:04] __main__ INFO: Epoch: 31, GradMatch subset selection finished, takes 13.5353. 
The accuracy of the model of worker 0 on epoch 31 is 26.119999999999997%
[07/29 14:51:07] __main__ INFO: Epoch: 31, GradMatch subset selection finished, takes 13.6791. 
The accuracy of the model of worker 0 on epoch 31 is 13.200000000000001%
The accuracy of the model of worker 0 on epoch 31 is 75.2%
[07/29 14:51:20] __main__ INFO: Epoch: 41, GradMatch subset selection finished, takes 13.4830. 
The accuracy of the model of worker 0 on epoch 41 is 76.94%
[07/29 14:51:26] __main__ INFO: Epoch: 31, GradMatch subset selection finished, takes 13.8541. 
The accuracy of the model of worker 0 on epoch 31 is 72.42%
[07/29 14:51:31] __main__ INFO: Epoch: 41, GradMatch subset selection finished, takes 13.8184. 
[07/29 14:51:32] __main__ INFO: Epoch: 41, GradMatch subset selection finished, takes 13.5264. 
The accuracy of the model of worker 0 on epoch 41 is 14.04%
The accuracy of the model of worker 0 on epoch 41 is 65.03999999999999%
[07/29 14:51:42] __main__ INFO: Epoch: 41, GradMatch subset selection finished, takes 13.5614. 
[07/29 14:51:45] __main__ INFO: Epoch: 41, GradMatch subset selection finished, takes 13.5858. 
The accuracy of the model of worker 0 on epoch 41 is 48.88%
[07/29 14:51:47] __main__ INFO: Epoch: 41, GradMatch subset selection finished, takes 13.6910. 
The accuracy of the model of worker 0 on epoch 50 is 75.68%
Running on GPU  3
The accuracy of the model of worker 0 on epoch 41 is 15.58%
Files already downloaded and verified
Files already downloaded and verified
The accuracy of the model of worker 0 on epoch 41 is 80.86%
The accuracy of the model of worker 0 on epoch 0 is 10.66%
The accuracy of the model of worker 0 on epoch 1 is 26.419999999999998%
The accuracy of the model of worker 0 on epoch 50 is 16.42%
The accuracy of the model of worker 0 on epoch 50 is 69.32000000000001%
Running on GPU  7
Files already downloaded and verified
Running on GPU  2
Files already downloaded and verified
Files already downloaded and verified
Files already downloaded and verified
The accuracy of the model of worker 0 on epoch 0 is 10.66%
The accuracy of the model of worker 0 on epoch 0 is 10.66%
[07/29 14:52:07] __main__ INFO: Epoch: 41, GradMatch subset selection finished, takes 13.7900. 
The accuracy of the model of worker 0 on epoch 1 is 24.5%
The accuracy of the model of worker 0 on epoch 1 is 14.6%
The accuracy of the model of worker 0 on epoch 41 is 76.25999999999999%
The accuracy of the model of worker 0 on epoch 50 is 43.16%
Running on GPU  1
Files already downloaded and verified
Files already downloaded and verified
The accuracy of the model of worker 0 on epoch 50 is 11.78%
Running on GPU  5
The accuracy of the model of worker 0 on epoch 0 is 10.66%
Files already downloaded and verified
Files already downloaded and verified
The accuracy of the model of worker 0 on epoch 50 is 78.53999999999999%
Running on GPU  4
Files already downloaded and verified
The accuracy of the model of worker 0 on epoch 0 is 10.66%
Files already downloaded and verified
The accuracy of the model of worker 0 on epoch 1 is 22.939999999999998%
The accuracy of the model of worker 0 on epoch 0 is 10.66%
The accuracy of the model of worker 0 on epoch 1 is 22.6%
The accuracy of the model of worker 0 on epoch 1 is 33.48%
[07/29 14:52:31] __main__ INFO: Epoch: 11, GradMatch subset selection finished, takes 13.2948. 
The accuracy of the model of worker 0 on epoch 50 is 78.62%
The accuracy of the model of worker 0 on epoch 11 is 30.9%
Running on GPU  6
Files already downloaded and verified
Files already downloaded and verified
The accuracy of the model of worker 0 on epoch 0 is 10.66%
The accuracy of the model of worker 0 on epoch 1 is 22.220000000000002%
[07/29 14:52:44] __main__ INFO: Epoch: 11, GradMatch subset selection finished, takes 13.6247. 
[07/29 14:52:45] __main__ INFO: Epoch: 11, GradMatch subset selection finished, takes 13.8027. 
The accuracy of the model of worker 0 on epoch 11 is 52.72%
The accuracy of the model of worker 0 on epoch 11 is 9.84%
[07/29 14:52:55] __main__ INFO: Epoch: 11, GradMatch subset selection finished, takes 13.3805. 
[07/29 14:52:57] __main__ INFO: Epoch: 11, GradMatch subset selection finished, takes 13.5068. 
The accuracy of the model of worker 0 on epoch 11 is 39.48%
[07/29 14:53:00] __main__ INFO: Epoch: 11, GradMatch subset selection finished, takes 13.6642. 
The accuracy of the model of worker 0 on epoch 11 is 55.900000000000006%
The accuracy of the model of worker 0 on epoch 11 is 61.24000000000001%
[07/29 14:53:11] __main__ INFO: Epoch: 21, GradMatch subset selection finished, takes 13.2712. 
The accuracy of the model of worker 0 on epoch 21 is 46.88%
[07/29 14:53:20] __main__ INFO: Epoch: 11, GradMatch subset selection finished, takes 13.8071. 
The accuracy of the model of worker 0 on epoch 11 is 47.52%
[07/29 14:53:24] __main__ INFO: Epoch: 21, GradMatch subset selection finished, takes 13.6069. 
The accuracy of the model of worker 0 on epoch 21 is 59.3%
[07/29 14:53:28] __main__ INFO: Epoch: 21, GradMatch subset selection finished, takes 16.4815. 
The accuracy of the model of worker 0 on epoch 21 is 31.3%
[07/29 14:53:35] __main__ INFO: Epoch: 21, GradMatch subset selection finished, takes 13.4756. 
[07/29 14:53:38] __main__ INFO: Epoch: 21, GradMatch subset selection finished, takes 13.5864. 
The accuracy of the model of worker 0 on epoch 21 is 53.28000000000001%
[07/29 14:53:40] __main__ INFO: Epoch: 21, GradMatch subset selection finished, takes 13.7310. 
The accuracy of the model of worker 0 on epoch 21 is 64.66%
The accuracy of the model of worker 0 on epoch 21 is 68.02%
[07/29 14:53:51] __main__ INFO: Epoch: 31, GradMatch subset selection finished, takes 13.3031. 
The accuracy of the model of worker 0 on epoch 31 is 52.2%
[07/29 14:54:01] __main__ INFO: Epoch: 21, GradMatch subset selection finished, takes 13.8534. 
[07/29 14:54:04] __main__ INFO: Epoch: 31, GradMatch subset selection finished, takes 13.7072. 
The accuracy of the model of worker 0 on epoch 21 is 61.88%
The accuracy of the model of worker 0 on epoch 31 is 68.62%
[07/29 14:54:09] __main__ INFO: Epoch: 31, GradMatch subset selection finished, takes 13.6099. 
The accuracy of the model of worker 0 on epoch 31 is 42.88%
[07/29 14:54:15] __main__ INFO: Epoch: 31, GradMatch subset selection finished, takes 13.5151. 
[07/29 14:54:19] __main__ INFO: Epoch: 31, GradMatch subset selection finished, takes 13.5690. 
The accuracy of the model of worker 0 on epoch 31 is 61.019999999999996%
[07/29 14:54:21] __main__ INFO: Epoch: 31, GradMatch subset selection finished, takes 13.6839. 
The accuracy of the model of worker 0 on epoch 31 is 68.54%
The accuracy of the model of worker 0 on epoch 31 is 77.64%
[07/29 14:54:31] __main__ INFO: Epoch: 41, GradMatch subset selection finished, takes 13.5047. 
The accuracy of the model of worker 0 on epoch 41 is 51.25999999999999%
[07/29 14:54:42] __main__ INFO: Epoch: 31, GradMatch subset selection finished, takes 13.8750. 
[07/29 14:54:45] __main__ INFO: Epoch: 41, GradMatch subset selection finished, takes 13.5200. 
The accuracy of the model of worker 0 on epoch 31 is 64.3%
The accuracy of the model of worker 0 on epoch 41 is 75.14%
[07/29 14:54:52] __main__ INFO: Epoch: 41, GradMatch subset selection finished, takes 16.1460. 
[07/29 14:54:55] __main__ INFO: Epoch: 41, GradMatch subset selection finished, takes 13.5309. 
The accuracy of the model of worker 0 on epoch 41 is 55.44%
Search is done

The default configuration has an accuracy of 0.176. 
The best configuration found by DeepHyper has an accuracy 0.822, 
finished after 192.21 seconds of search.

The accuracy of the model of worker 0 on epoch 41 is 67.60000000000001%
[07/29 14:54:59] __main__ INFO: Epoch: 41, GradMatch subset selection finished, takes 13.6148. 
The accuracy of the model of worker 0 on epoch 50 is 61.88%
[07/29 14:55:02] __main__ INFO: Epoch: 41, GradMatch subset selection finished, takes 13.6620. 
The accuracy of the model of worker 0 on epoch 41 is 74.52%
The accuracy of the model of worker 0 on epoch 41 is 81.10000000000001%
The accuracy of the model of worker 0 on epoch 50 is 76.8%
The accuracy of the model of worker 0 on epoch 50 is 49.419999999999995%
[07/29 14:55:23] __main__ INFO: Epoch: 41, GradMatch subset selection finished, takes 13.6685. 
The accuracy of the model of worker 0 on epoch 50 is 72.66%
The accuracy of the model of worker 0 on epoch 41 is 71.39999999999999%
The accuracy of the model of worker 0 on epoch 50 is 75.76%
The accuracy of the model of worker 0 on epoch 50 is 78.14%
The accuracy of the model of worker 0 on epoch 50 is 71.34%
[0m[0m[0m[0m[0m[0m[0m[0m