Running comparison test across 8 GPUs, organized by dataset structure within code.

Running random dataset, long epochs on rank 5
Running full dataset, long epochs on rank 0
Running GradMatch dataset, long epochs on rank 7
Running full dataset, short epochs on rank 3
Running on GPU 5
Running random dataset, long epochs on rank 4
Running GradMatch dataset, long epochs on rank 6
Running full dataset, short epochs on rank 2
Running on GPU 0
Running full dataset, long epochs on rank 1
Running on GPU 7
Running on GPU 3
Running on GPU 6
Running on GPU 4
Running on GPU 2
Running on GPU 1
Files already downloaded and verified
Files already downloaded and verified
Files already downloaded and verified
Files already downloaded and verified
Files already downloaded and verified
Files already downloaded and verified
Files already downloaded and verified
Files already downloaded and verified
Files already downloaded and verified
Files already downloaded and verified
Files already downloaded and verified
Files already downloaded and verified
Files already downloaded and verified
Files already downloaded and verified
Files already downloaded and verified
Files already downloaded and verified
The accuracy of the model of worker 7 on epoch 0 is 10.64%
The accuracy of the model of worker 4 on epoch 0 is 10.64%
The accuracy of the model of worker 5 on epoch 0 is 10.64%
The accuracy of the model of worker 1 on epoch 0 is 10.64%
The accuracy of the model of worker 2 on epoch 0 is 10.64%
The accuracy of the model of worker 6 on epoch 0 is 10.64%
The accuracy of the model of worker 3 on epoch 0 is 10.64%
The accuracy of the model of worker 0 on epoch 0 is 10.64%
The accuracy of the model of worker 7 on epoch 1 is 59.78%
The accuracy of the model of worker 5 on epoch 1 is 42.7%
The accuracy of the model of worker 1 on epoch 1 is 59.46%
The accuracy of the model of worker 3 on epoch 1 is 54.06%
The accuracy of the model of worker 6 on epoch 1 is 60.0%
The accuracy of the model of worker 2 on epoch 1 is 50.28%
The accuracy of the model of worker 0 on epoch 1 is 59.76%
The accuracy of the model of worker 4 on epoch 1 is 55.14%
The accuracy of the model of worker 7 on epoch 11 is 84.06%
The accuracy of the model of worker 5 on epoch 11 is 76.32%
The accuracy of the model of worker 1 on epoch 11 is 88.38%
The accuracy of the model of worker 3 on epoch 11 is 84.18%
The accuracy of the model of worker 6 on epoch 11 is 83.96%
The accuracy of the model of worker 2 on epoch 11 is 83.08%
The accuracy of the model of worker 0 on epoch 11 is 83.56%
The accuracy of the model of worker 4 on epoch 11 is 86.44%
The accuracy of the model of worker 7 on epoch 21 is 88.18%
The accuracy of the model of worker 5 on epoch 21 is 88.52%
The accuracy of the model of worker 1 on epoch 21 is 85.72%
The accuracy of the model of worker 6 on epoch 21 is 88.84%
The accuracy of the model of worker 3 on epoch 21 is 87.08%
The accuracy of the model of worker 2 on epoch 21 is 91.22%
The accuracy of the model of worker 4 on epoch 21 is 88.6%
The accuracy of the model of worker 0 on epoch 21 is 88.7%
The accuracy of the model of worker 7 on epoch 31 is 89.38%
The accuracy of the model of worker 5 on epoch 31 is 91.74%
The accuracy of the model of worker 1 on epoch 31 is 87.14%
The accuracy of the model of worker 6 on epoch 31 is 90.8%
The accuracy of the model of worker 3 on epoch 31 is 89.06%
The accuracy of the model of worker 2 on epoch 31 is 84.82%
The accuracy of the model of worker 4 on epoch 31 is 82.1%
The accuracy of the model of worker 0 on epoch 31 is 90.06%
The accuracy of the model of worker 7 on epoch 41 is 90.88%
The accuracy of the model of worker 5 on epoch 41 is 91.46%
The accuracy of the model of worker 1 on epoch 41 is 91.78%
The accuracy of the model of worker 6 on epoch 41 is 91.82%
The accuracy of the model of worker 3 on epoch 41 is 90.44%
The accuracy of the model of worker 2 on epoch 41 is 85.94%
The accuracy of the model of worker 4 on epoch 41 is 90.16%
The accuracy of the model of worker 0 on epoch 41 is 92.0%
The accuracy of the model of worker 7 on epoch 51 is 91.68%
The accuracy of the model of worker 5 on epoch 51 is 87.2%
The accuracy of the model of worker 1 on epoch 51 is 85.56%
The accuracy of the model of worker 6 on epoch 51 is 91.0%
The accuracy of the model of worker 3 on epoch 51 is 91.24%
The accuracy of the model of worker 2 on epoch 51 is 90.9%
The accuracy of the model of worker 4 on epoch 51 is 92.12%
The accuracy of the model of worker 0 on epoch 51 is 92.34%
The accuracy of the model of worker 7 on epoch 61 is 90.54%
The accuracy of the model of worker 5 on epoch 61 is 88.4%
The accuracy of the model of worker 1 on epoch 61 is 91.94%
The accuracy of the model of worker 6 on epoch 61 is 89.82%
The accuracy of the model of worker 3 on epoch 61 is 90.48%
The accuracy of the model of worker 2 on epoch 61 is 92.64%
The accuracy of the model of worker 4 on epoch 61 is 84.46%
The accuracy of the model of worker 0 on epoch 61 is 91.16%
The accuracy of the model of worker 7 on epoch 71 is 89.64%
The accuracy of the model of worker 5 on epoch 71 is 88.26%
The accuracy of the model of worker 1 on epoch 71 is 91.52%
The accuracy of the model of worker 6 on epoch 71 is 87.92%
The accuracy of the model of worker 3 on epoch 71 is 89.08%
The accuracy of the model of worker 2 on epoch 71 is 90.48%
The accuracy of the model of worker 4 on epoch 71 is 86.82%
The accuracy of the model of worker 0 on epoch 71 is 89.52%
The accuracy of the model of worker 7 on epoch 81 is 86.7%
The accuracy of the model of worker 5 on epoch 81 is 92.18%
The accuracy of the model of worker 1 on epoch 81 is 88.94%
The accuracy of the model of worker 6 on epoch 81 is 87.12%
The accuracy of the model of worker 3 on epoch 81 is 87.88%
The accuracy of the model of worker 2 on epoch 81 is 88.3%
The accuracy of the model of worker 4 on epoch 81 is 93.16%
The accuracy of the model of worker 0 on epoch 81 is 89.6%
The accuracy of the model of worker 7 on epoch 91 is 88.64%
The accuracy of the model of worker 5 on epoch 91 is 93.46%
The accuracy of the model of worker 1 on epoch 91 is 93.1%
The accuracy of the model of worker 6 on epoch 91 is 87.94%
The accuracy of the model of worker 3 on epoch 91 is 87.26%
The accuracy of the model of worker 2 on epoch 91 is 91.0%
The accuracy of the model of worker 4 on epoch 91 is 90.0%
The accuracy of the model of worker 0 on epoch 91 is 89.5%
The accuracy of the model of worker 7 on epoch 100 is 88.32%
Running on GPU 7
Files already downloaded and verified
Files already downloaded and verified
The accuracy of the model of worker 7 on epoch 0 is 10.64%
The accuracy of the model of worker 7 on epoch 1 is 59.56%
The accuracy of the model of worker 5 on epoch 100 is 91.2%
Running on GPU 5
Files already downloaded and verified
Files already downloaded and verified
The accuracy of the model of worker 5 on epoch 0 is 10.64%
The accuracy of the model of worker 1 on epoch 100 is 90.44%
Running on GPU 1
Files already downloaded and verified
Files already downloaded and verified
The accuracy of the model of worker 6 on epoch 100 is 88.3%
Running on GPU 6
The accuracy of the model of worker 1 on epoch 0 is 10.64%
Files already downloaded and verified
Files already downloaded and verified
The accuracy of the model of worker 3 on epoch 100 is 88.46%
Running on GPU 3
Files already downloaded and verified
The accuracy of the model of worker 6 on epoch 0 is 10.64%
Files already downloaded and verified
The accuracy of the model of worker 3 on epoch 0 is 10.64%
The accuracy of the model of worker 2 on epoch 100 is 93.54%
Running on GPU 2
Files already downloaded and verified
Files already downloaded and verified
The accuracy of the model of worker 2 on epoch 0 is 10.64%
The accuracy of the model of worker 4 on epoch 100 is 89.34%
Running on GPU 4
Files already downloaded and verified
Files already downloaded and verified
The accuracy of the model of worker 5 on epoch 1 is 56.52%
The accuracy of the model of worker 4 on epoch 0 is 10.64%
The accuracy of the model of worker 0 on epoch 100 is 89.66%
Running on GPU 0
Files already downloaded and verified
Files already downloaded and verified
The accuracy of the model of worker 1 on epoch 1 is 56.42%
The accuracy of the model of worker 0 on epoch 0 is 10.64%
The accuracy of the model of worker 6 on epoch 1 is 55.08%
The accuracy of the model of worker 3 on epoch 1 is 57.18%
The accuracy of the model of worker 2 on epoch 1 is 59.48%
The accuracy of the model of worker 4 on epoch 1 is 43.12%
The accuracy of the model of worker 0 on epoch 1 is 59.74%
The accuracy of the model of worker 7 on epoch 11 is 84.5%
The accuracy of the model of worker 5 on epoch 11 is 84.4%
The accuracy of the model of worker 1 on epoch 11 is 86.18%
The accuracy of the model of worker 6 on epoch 11 is 81.42%
The accuracy of the model of worker 3 on epoch 11 is 81.42%
The accuracy of the model of worker 2 on epoch 11 is 85.82%
The accuracy of the model of worker 4 on epoch 11 is 86.9%
The accuracy of the model of worker 0 on epoch 11 is 85.56%
The accuracy of the model of worker 7 on epoch 21 is 89.08%
The accuracy of the model of worker 5 on epoch 21 is 86.62%
The accuracy of the model of worker 1 on epoch 21 is 88.02%
The accuracy of the model of worker 6 on epoch 21 is 87.78%
The accuracy of the model of worker 3 on epoch 21 is 88.2%
The accuracy of the model of worker 2 on epoch 21 is 88.08%
The accuracy of the model of worker 4 on epoch 21 is 79.84%
The accuracy of the model of worker 0 on epoch 21 is 87.76%
The accuracy of the model of worker 7 on epoch 31 is 90.82%
The accuracy of the model of worker 5 on epoch 31 is 83.8%
The accuracy of the model of worker 1 on epoch 31 is 84.98%
The accuracy of the model of worker 6 on epoch 31 is 90.12%
The accuracy of the model of worker 3 on epoch 31 is 90.08%
The accuracy of the model of worker 2 on epoch 31 is 90.96%
The accuracy of the model of worker 4 on epoch 31 is 92.12%
The accuracy of the model of worker 0 on epoch 31 is 90.72%
The accuracy of the model of worker 7 on epoch 41 is 92.92%
The accuracy of the model of worker 5 on epoch 41 is 85.64%
The accuracy of the model of worker 6 on epoch 41 is 90.94%
The accuracy of the model of worker 1 on epoch 41 is 91.98%
The accuracy of the model of worker 3 on epoch 41 is 90.76%
The accuracy of the model of worker 2 on epoch 41 is 90.78%
The accuracy of the model of worker 4 on epoch 41 is 85.36%
The accuracy of the model of worker 0 on epoch 41 is 91.6%
The accuracy of the model of worker 7 on epoch 51 is 92.56%
The accuracy of the model of worker 5 on epoch 51 is 89.78%
The accuracy of the model of worker 6 on epoch 51 is 91.52%
The accuracy of the model of worker 1 on epoch 51 is 90.94%
The accuracy of the model of worker 3 on epoch 51 is 91.08%
The accuracy of the model of worker 2 on epoch 51 is 91.16%
The accuracy of the model of worker 4 on epoch 51 is 92.66%
The accuracy of the model of worker 0 on epoch 51 is 91.9%
The accuracy of the model of worker 7 on epoch 61 is 91.5%
The accuracy of the model of worker 5 on epoch 61 is 87.94%
The accuracy of the model of worker 6 on epoch 61 is 91.24%
The accuracy of the model of worker 1 on epoch 61 is 89.46%
The accuracy of the model of worker 3 on epoch 61 is 88.82%
The accuracy of the model of worker 2 on epoch 61 is 88.68%
The accuracy of the model of worker 4 on epoch 61 is 86.58%
The accuracy of the model of worker 0 on epoch 61 is 91.28%
The accuracy of the model of worker 7 on epoch 71 is 89.64%
The accuracy of the model of worker 5 on epoch 71 is 87.38%
The accuracy of the model of worker 1 on epoch 71 is 92.04%
The accuracy of the model of worker 6 on epoch 71 is 87.3%
The accuracy of the model of worker 3 on epoch 71 is 87.8%
The accuracy of the model of worker 2 on epoch 71 is 87.3%
The accuracy of the model of worker 4 on epoch 71 is 92.7%
The accuracy of the model of worker 0 on epoch 71 is 88.9%
The accuracy of the model of worker 7 on epoch 81 is 88.58%
The accuracy of the model of worker 5 on epoch 81 is 90.14%
The accuracy of the model of worker 1 on epoch 81 is 92.48%
The accuracy of the model of worker 6 on epoch 81 is 87.92%
The accuracy of the model of worker 3 on epoch 81 is 88.7%
The accuracy of the model of worker 2 on epoch 81 is 86.86%
The accuracy of the model of worker 4 on epoch 81 is 84.5%
The accuracy of the model of worker 0 on epoch 81 is 88.18%
The accuracy of the model of worker 7 on epoch 91 is 90.44%
The accuracy of the model of worker 5 on epoch 91 is 90.0%
The accuracy of the model of worker 1 on epoch 91 is 88.82%
The accuracy of the model of worker 6 on epoch 91 is 87.84%
The accuracy of the model of worker 3 on epoch 91 is 88.92%
The accuracy of the model of worker 2 on epoch 91 is 89.96%
The accuracy of the model of worker 4 on epoch 91 is 93.46%
The accuracy of the model of worker 0 on epoch 91 is 86.24%
The accuracy of the model of worker 7 on epoch 100 is 90.06%
Running on GPU 7
Files already downloaded and verified
Files already downloaded and verified
The accuracy of the model of worker 7 on epoch 0 is 10.64%
The accuracy of the model of worker 7 on epoch 1 is 58.16%
The accuracy of the model of worker 5 on epoch 100 is 87.16%
Running on GPU 5
Files already downloaded and verified
Files already downloaded and verified
The accuracy of the model of worker 5 on epoch 0 is 10.64%
The accuracy of the model of worker 1 on epoch 100 is 91.82%
Running on GPU 1
Files already downloaded and verified
Files already downloaded and verified
The accuracy of the model of worker 1 on epoch 0 is 10.64%
The accuracy of the model of worker 6 on epoch 100 is 87.52%
Running on GPU 6
Files already downloaded and verified
Files already downloaded and verified
The accuracy of the model of worker 3 on epoch 100 is 89.06%
Running on GPU 3
The accuracy of the model of worker 6 on epoch 0 is 10.64%
Files already downloaded and verified
Files already downloaded and verified
The accuracy of the model of worker 3 on epoch 0 is 10.64%
The accuracy of the model of worker 2 on epoch 100 is 90.52%
Running on GPU 2
The accuracy of the model of worker 5 on epoch 1 is 54.72%
Files already downloaded and verified
Files already downloaded and verified
The accuracy of the model of worker 2 on epoch 0 is 10.64%
The accuracy of the model of worker 4 on epoch 100 is 88.64%
Running on GPU 4
Files already downloaded and verified
Files already downloaded and verified
The accuracy of the model of worker 1 on epoch 1 is 60.26%
The accuracy of the model of worker 4 on epoch 0 is 10.64%
The accuracy of the model of worker 6 on epoch 1 is 60.08%
The accuracy of the model of worker 3 on epoch 1 is 56.74%
The accuracy of the model of worker 2 on epoch 1 is 55.48%
The accuracy of the model of worker 0 on epoch 100 is 89.98%
Running on GPU 0
Files already downloaded and verified
Files already downloaded and verified
The accuracy of the model of worker 4 on epoch 1 is 58.74%
The accuracy of the model of worker 0 on epoch 0 is 10.64%
The accuracy of the model of worker 0 on epoch 1 is 58.88%
The accuracy of the model of worker 7 on epoch 11 is 82.9%
The accuracy of the model of worker 5 on epoch 11 is 80.94%
The accuracy of the model of worker 1 on epoch 11 is 84.28%
The accuracy of the model of worker 6 on epoch 11 is 83.94%
The accuracy of the model of worker 3 on epoch 11 is 80.94%
The accuracy of the model of worker 2 on epoch 11 is 86.0%
The accuracy of the model of worker 4 on epoch 11 is 83.22%
The accuracy of the model of worker 0 on epoch 11 is 85.94%
The accuracy of the model of worker 7 on epoch 21 is 87.76%
The accuracy of the model of worker 5 on epoch 21 is 88.7%
The accuracy of the model of worker 1 on epoch 21 is 88.24%
The accuracy of the model of worker 3 on epoch 21 is 87.14%
The accuracy of the model of worker 6 on epoch 21 is 87.3%
The accuracy of the model of worker 2 on epoch 21 is 89.72%
The accuracy of the model of worker 4 on epoch 21 is 88.56%
The accuracy of the model of worker 0 on epoch 21 is 89.48%
The accuracy of the model of worker 7 on epoch 31 is 90.5%
The accuracy of the model of worker 5 on epoch 31 is 85.34%
The accuracy of the model of worker 1 on epoch 31 is 90.84%
The accuracy of the model of worker 3 on epoch 31 is 89.66%
The accuracy of the model of worker 6 on epoch 31 is 90.04%
The accuracy of the model of worker 2 on epoch 31 is 91.46%
The accuracy of the model of worker 4 on epoch 31 is 90.8%
The accuracy of the model of worker 0 on epoch 31 is 91.7%
The accuracy of the model of worker 7 on epoch 41 is 90.5%
The accuracy of the model of worker 5 on epoch 41 is 85.04%
The accuracy of the model of worker 1 on epoch 41 is 91.54%
The accuracy of the model of worker 3 on epoch 41 is 90.8%
The accuracy of the model of worker 6 on epoch 41 is 91.42%
The accuracy of the model of worker 4 on epoch 41 is 91.24%
The accuracy of the model of worker 2 on epoch 41 is 92.06%
The accuracy of the model of worker 0 on epoch 41 is 92.0%
The accuracy of the model of worker 7 on epoch 51 is 88.76%
The accuracy of the model of worker 5 on epoch 51 is 90.94%
The accuracy of the model of worker 1 on epoch 51 is 90.4%
The accuracy of the model of worker 3 on epoch 51 is 90.88%
The accuracy of the model of worker 6 on epoch 51 is 91.1%
The accuracy of the model of worker 4 on epoch 51 is 92.02%
The accuracy of the model of worker 2 on epoch 51 is 92.0%
The accuracy of the model of worker 0 on epoch 51 is 92.46%
The accuracy of the model of worker 7 on epoch 61 is 86.78%
The accuracy of the model of worker 5 on epoch 61 is 89.56%
The accuracy of the model of worker 1 on epoch 61 is 87.12%
The accuracy of the model of worker 3 on epoch 61 is 90.02%
The accuracy of the model of worker 6 on epoch 61 is 90.44%
The accuracy of the model of worker 4 on epoch 61 is 91.52%
The accuracy of the model of worker 2 on epoch 61 is 89.82%
The accuracy of the model of worker 0 on epoch 61 is 91.68%
The accuracy of the model of worker 7 on epoch 71 is 85.88%
The accuracy of the model of worker 5 on epoch 71 is 85.88%
The accuracy of the model of worker 1 on epoch 71 is 87.7%
The accuracy of the model of worker 3 on epoch 71 is 88.08%
The accuracy of the model of worker 6 on epoch 71 is 88.94%
The accuracy of the model of worker 4 on epoch 71 is 90.18%
The accuracy of the model of worker 2 on epoch 71 is 88.94%
The accuracy of the model of worker 0 on epoch 71 is 89.64%
The accuracy of the model of worker 7 on epoch 81 is 87.96%
The accuracy of the model of worker 5 on epoch 81 is 90.72%
The accuracy of the model of worker 1 on epoch 81 is 88.16%
The accuracy of the model of worker 3 on epoch 81 is 88.02%
The accuracy of the model of worker 6 on epoch 81 is 88.24%
The accuracy of the model of worker 4 on epoch 81 is 89.2%
The accuracy of the model of worker 2 on epoch 81 is 86.92%
The accuracy of the model of worker 7 on epoch 91 is 91.08%
The accuracy of the model of worker 0 on epoch 81 is 89.56%
The accuracy of the model of worker 5 on epoch 91 is 91.08%
The accuracy of the model of worker 1 on epoch 91 is 91.04%
The accuracy of the model of worker 3 on epoch 91 is 87.68%
The accuracy of the model of worker 6 on epoch 91 is 89.3%
The accuracy of the model of worker 4 on epoch 91 is 88.98%
The accuracy of the model of worker 2 on epoch 91 is 90.5%
The accuracy of the model of worker 7 on epoch 100 is 91.5%
Running on GPU 7
Files already downloaded and verified
Files already downloaded and verified
The accuracy of the model of worker 7 on epoch 0 is 10.64%
The accuracy of the model of worker 7 on epoch 1 is 60.7%
The accuracy of the model of worker 0 on epoch 91 is 89.76%
The accuracy of the model of worker 5 on epoch 100 is 86.62%
Running on GPU 5
Files already downloaded and verified
The accuracy of the model of worker 1 on epoch 100 is 91.56%
Running on GPU 1
Files already downloaded and verified
Files already downloaded and verified
Files already downloaded and verified
The accuracy of the model of worker 5 on epoch 0 is 10.64%
The accuracy of the model of worker 1 on epoch 0 is 10.64%
The accuracy of the model of worker 3 on epoch 100 is 89.2%
Running on GPU 3
Files already downloaded and verified
Files already downloaded and verified
The accuracy of the model of worker 3 on epoch 0 is 10.64%
The accuracy of the model of worker 6 on epoch 100 is 87.76%
Running on GPU 6
Files already downloaded and verified
Files already downloaded and verified
The accuracy of the model of worker 6 on epoch 0 is 10.64%
The accuracy of the model of worker 4 on epoch 100 is 88.78%
Running on GPU 4
The accuracy of the model of worker 5 on epoch 1 is 54.3%
Files already downloaded and verified
The accuracy of the model of worker 1 on epoch 1 is 56.56%
Files already downloaded and verified
The accuracy of the model of worker 4 on epoch 0 is 10.64%
The accuracy of the model of worker 2 on epoch 100 is 90.54%
Running on GPU 2
Files already downloaded and verified
The accuracy of the model of worker 3 on epoch 1 is 51.34%
Files already downloaded and verified
The accuracy of the model of worker 2 on epoch 0 is 10.64%
The accuracy of the model of worker 6 on epoch 1 is 57.8%
The accuracy of the model of worker 4 on epoch 1 is 36.84%
The accuracy of the model of worker 2 on epoch 1 is 53.12%
The accuracy of the model of worker 0 on epoch 100 is 89.22%
Running on GPU 0
Files already downloaded and verified
Files already downloaded and verified
The accuracy of the model of worker 0 on epoch 0 is 10.64%
The accuracy of the model of worker 7 on epoch 11 is 83.5%
The accuracy of the model of worker 0 on epoch 1 is 59.74%
The accuracy of the model of worker 1 on epoch 11 is 86.66%
The accuracy of the model of worker 5 on epoch 11 is 85.06%
The accuracy of the model of worker 3 on epoch 11 is 84.24%
The accuracy of the model of worker 6 on epoch 11 is 84.98%
The accuracy of the model of worker 4 on epoch 11 is 78.22%
The accuracy of the model of worker 2 on epoch 11 is 81.98%
The accuracy of the model of worker 7 on epoch 21 is 89.56%
The accuracy of the model of worker 0 on epoch 11 is 83.5%
The accuracy of the model of worker 1 on epoch 21 is 85.98%
The accuracy of the model of worker 5 on epoch 21 is 86.5%
The accuracy of the model of worker 3 on epoch 21 is 88.8%
The accuracy of the model of worker 6 on epoch 21 is 88.48%
The accuracy of the model of worker 4 on epoch 21 is 90.9%
The accuracy of the model of worker 2 on epoch 21 is 87.4%
The accuracy of the model of worker 7 on epoch 31 is 91.02%
The accuracy of the model of worker 0 on epoch 21 is 88.98%
The accuracy of the model of worker 1 on epoch 31 is 84.44%
The accuracy of the model of worker 3 on epoch 31 is 90.68%
The accuracy of the model of worker 5 on epoch 31 is 85.0%
The accuracy of the model of worker 6 on epoch 31 is 90.84%
The accuracy of the model of worker 4 on epoch 31 is 84.54%
The accuracy of the model of worker 2 on epoch 31 is 91.16%
The accuracy of the model of worker 7 on epoch 41 is 91.1%
The accuracy of the model of worker 0 on epoch 31 is 90.94%
The accuracy of the model of worker 1 on epoch 41 is 91.2%
The accuracy of the model of worker 3 on epoch 41 is 92.1%
The accuracy of the model of worker 5 on epoch 41 is 92.14%
The accuracy of the model of worker 6 on epoch 41 is 91.44%
The accuracy of the model of worker 4 on epoch 41 is 82.98%
The accuracy of the model of worker 2 on epoch 41 is 91.6%
The accuracy of the model of worker 7 on epoch 51 is 89.64%
The accuracy of the model of worker 0 on epoch 41 is 91.24%
The accuracy of the model of worker 3 on epoch 51 is 92.62%
The accuracy of the model of worker 1 on epoch 51 is 88.42%
The accuracy of the model of worker 5 on epoch 51 is 86.04%
The accuracy of the model of worker 6 on epoch 51 is 91.2%
The accuracy of the model of worker 4 on epoch 51 is 92.7%
The accuracy of the model of worker 7 on epoch 61 is 87.36%
The accuracy of the model of worker 2 on epoch 51 is 92.26%
The accuracy of the model of worker 0 on epoch 51 is 91.58%
The accuracy of the model of worker 3 on epoch 61 is 92.34%
The accuracy of the model of worker 1 on epoch 61 is 88.48%
The accuracy of the model of worker 5 on epoch 61 is 90.28%
The accuracy of the model of worker 6 on epoch 61 is 89.24%
The accuracy of the model of worker 4 on epoch 61 is 91.28%
The accuracy of the model of worker 7 on epoch 71 is 89.3%
The accuracy of the model of worker 2 on epoch 61 is 91.98%
The accuracy of the model of worker 0 on epoch 61 is 90.14%
The accuracy of the model of worker 3 on epoch 71 is 91.22%
The accuracy of the model of worker 1 on epoch 71 is 91.88%
The accuracy of the model of worker 5 on epoch 71 is 92.64%
The accuracy of the model of worker 6 on epoch 71 is 86.14%
The accuracy of the model of worker 7 on epoch 81 is 89.58%
The accuracy of the model of worker 4 on epoch 71 is 81.32%
The accuracy of the model of worker 2 on epoch 71 is 89.3%
The accuracy of the model of worker 0 on epoch 71 is 89.06%
The accuracy of the model of worker 3 on epoch 81 is 90.0%
The accuracy of the model of worker 1 on epoch 81 is 88.06%
The accuracy of the model of worker 5 on epoch 81 is 85.66%
The accuracy of the model of worker 7 on epoch 91 is 91.36%
The accuracy of the model of worker 6 on epoch 81 is 86.1%
The accuracy of the model of worker 4 on epoch 81 is 91.44%
The accuracy of the model of worker 2 on epoch 81 is 88.06%
The accuracy of the model of worker 0 on epoch 81 is 87.1%
The accuracy of the model of worker 3 on epoch 91 is 88.32%
The accuracy of the model of worker 7 on epoch 100 is 92.56%
Finished. Ending GPU run
[0mThe accuracy of the model of worker 1 on epoch 91 is 89.6%
The accuracy of the model of worker 5 on epoch 91 is 92.84%
The accuracy of the model of worker 6 on epoch 91 is 88.4%
The accuracy of the model of worker 4 on epoch 91 is 93.42%
The accuracy of the model of worker 2 on epoch 91 is 85.9%
The accuracy of the model of worker 0 on epoch 91 is 90.46%
The accuracy of the model of worker 3 on epoch 100 is 87.86%
Finished. Ending GPU run
[0mThe accuracy of the model of worker 1 on epoch 100 is 92.64%
Finished. Ending GPU run
[0mThe accuracy of the model of worker 5 on epoch 100 is 89.68%
Finished. Ending GPU run
[0mThe accuracy of the model of worker 6 on epoch 100 is 89.84%
Finished. Ending GPU run
[0mThe accuracy of the model of worker 4 on epoch 100 is 88.82%
Finished. Ending GPU run
[0mThe accuracy of the model of worker 2 on epoch 100 is 89.52%
Finished. Ending GPU run
[0mThe accuracy of the model of worker 0 on epoch 100 is 89.36%
Finished. Ending GPU run
[0m