Creation of the Evaluator...
Creation of the Evaluator done with 7 worker(s)
Starting the search...
Running on GPU  1
Running on GPU  3
Running on GPU  5
Running on GPU  6
Running on GPU  7
Running on GPU  4
Running on GPU  2
Files already downloaded and verified
Files already downloaded and verified
Files already downloaded and verified
Files already downloaded and verified
Files already downloaded and verified
Files already downloaded and verified
Files already downloaded and verified
Files already downloaded and verified
Files already downloaded and verified
Files already downloaded and verified
Files already downloaded and verified
Files already downloaded and verified
Files already downloaded and verified
Files already downloaded and verified
The accuracy of the model of worker 0 on epoch 0 is 10.64%
The accuracy of the model of worker 0 on epoch 0 is 10.64%
The accuracy of the model of worker 0 on epoch 0 is 10.64%
The accuracy of the model of worker 0 on epoch 0 is 10.64%
The accuracy of the model of worker 0 on epoch 0 is 10.64%
The accuracy of the model of worker 0 on epoch 0 is 10.64%
The accuracy of the model of worker 0 on epoch 0 is 10.64%
The accuracy of the model of worker 0 on epoch 1 is 31.1%
The accuracy of the model of worker 0 on epoch 1 is 61.72%
The accuracy of the model of worker 0 on epoch 1 is 60.92%
The accuracy of the model of worker 0 on epoch 1 is 26.64%
The accuracy of the model of worker 0 on epoch 1 is 53.4%
The accuracy of the model of worker 0 on epoch 1 is 10.08%
The accuracy of the model of worker 0 on epoch 1 is 21.4%
The accuracy of the model of worker 0 on epoch 11 is 82.3%
The accuracy of the model of worker 0 on epoch 11 is 10.0%
The accuracy of the model of worker 0 on epoch 11 is 27.38%
The accuracy of the model of worker 0 on epoch 11 is 69.36%
The accuracy of the model of worker 0 on epoch 11 is 79.4%
The accuracy of the model of worker 0 on epoch 11 is 86.14%
The accuracy of the model of worker 0 on epoch 11 is 83.7%
The accuracy of the model of worker 0 on epoch 21 is 86.86%
The accuracy of the model of worker 0 on epoch 21 is 85.3%
The accuracy of the model of worker 0 on epoch 21 is 10.14%
The accuracy of the model of worker 0 on epoch 21 is 55.32%
The accuracy of the model of worker 0 on epoch 21 is 76.76%
The accuracy of the model of worker 0 on epoch 21 is 90.02%
The accuracy of the model of worker 0 on epoch 21 is 88.76%
The accuracy of the model of worker 0 on epoch 25 is 87.2%
The accuracy of the model of worker 0 on epoch 25 is 10.38%
The accuracy of the model of worker 0 on epoch 25 is 86.86%
The accuracy of the model of worker 0 on epoch 25 is 63.28%
The accuracy of the model of worker 0 on epoch 25 is 77.56%
Running on GPU  6
Files already downloaded and verified
Running on GPU  7
Running on GPU  3
Running on GPU  5
Files already downloaded and verified
Files already downloaded and verified
Running on GPU  1
The accuracy of the model of worker 0 on epoch 25 is 89.76%
Files already downloaded and verified
Files already downloaded and verified
Files already downloaded and verified
Files already downloaded and verified
Files already downloaded and verified
Files already downloaded and verified
The accuracy of the model of worker 0 on epoch 25 is 89.54%
Files already downloaded and verified
Running on GPU  2
Files already downloaded and verified
The accuracy of the model of worker 0 on epoch 0 is 10.64%
Running on GPU  4
Files already downloaded and verified
Files already downloaded and verified
The accuracy of the model of worker 0 on epoch 0 is 10.64%
The accuracy of the model of worker 0 on epoch 0 is 10.64%
The accuracy of the model of worker 0 on epoch 0 is 10.64%
The accuracy of the model of worker 0 on epoch 0 is 10.64%
Files already downloaded and verified
The accuracy of the model of worker 0 on epoch 0 is 10.64%
The accuracy of the model of worker 0 on epoch 0 is 10.64%
The accuracy of the model of worker 0 on epoch 1 is 10.14%
The accuracy of the model of worker 0 on epoch 1 is 26.88%
The accuracy of the model of worker 0 on epoch 1 is 9.88%
The accuracy of the model of worker 0 on epoch 1 is 30.04%
The accuracy of the model of worker 0 on epoch 1 is 51.7%
The accuracy of the model of worker 0 on epoch 1 is 9.62%
The accuracy of the model of worker 0 on epoch 1 is 47.26%
The accuracy of the model of worker 0 on epoch 11 is 19.7%
The accuracy of the model of worker 0 on epoch 11 is 69.48%
The accuracy of the model of worker 0 on epoch 11 is 10.02%
The accuracy of the model of worker 0 on epoch 11 is 79.42%
The accuracy of the model of worker 0 on epoch 11 is 28.86%
The accuracy of the model of worker 0 on epoch 11 is 80.94%
The accuracy of the model of worker 0 on epoch 11 is 80.34%
The accuracy of the model of worker 0 on epoch 21 is 31.14%
The accuracy of the model of worker 0 on epoch 21 is 65.56%
The accuracy of the model of worker 0 on epoch 21 is 9.42%
The accuracy of the model of worker 0 on epoch 21 is 84.26%
The accuracy of the model of worker 0 on epoch 21 is 83.46%
The accuracy of the model of worker 0 on epoch 21 is 28.92%
The accuracy of the model of worker 0 on epoch 21 is 82.58%
The accuracy of the model of worker 0 on epoch 25 is 27.18%
Running on GPU  6
Files already downloaded and verified
Files already downloaded and verified
The accuracy of the model of worker 0 on epoch 0 is 10.64%
The accuracy of the model of worker 0 on epoch 25 is 67.48%
Running on GPU  5
The accuracy of the model of worker 0 on epoch 25 is 10.12%
Files already downloaded and verified
Running on GPU  3
Files already downloaded and verified
Files already downloaded and verified
The accuracy of the model of worker 0 on epoch 25 is 88.72%
Files already downloaded and verified
Running on GPU  4
The accuracy of the model of worker 0 on epoch 25 is 15.16%
Files already downloaded and verified
The accuracy of the model of worker 0 on epoch 25 is 84.92%
Running on GPU  1
Files already downloaded and verified
Files already downloaded and verified
Running on GPU  2
The accuracy of the model of worker 0 on epoch 0 is 10.64%
Files already downloaded and verified
The accuracy of the model of worker 0 on epoch 25 is 81.62%
Files already downloaded and verified
The accuracy of the model of worker 0 on epoch 0 is 10.64%
Running on GPU  7
Files already downloaded and verified
Files already downloaded and verified
The accuracy of the model of worker 0 on epoch 0 is 10.64%
Files already downloaded and verified
The accuracy of the model of worker 0 on epoch 0 is 10.64%
The accuracy of the model of worker 0 on epoch 0 is 10.64%
The accuracy of the model of worker 0 on epoch 0 is 10.64%
The accuracy of the model of worker 0 on epoch 1 is 49.28%
The accuracy of the model of worker 0 on epoch 1 is 31.18%
The accuracy of the model of worker 0 on epoch 1 is 57.1%
The accuracy of the model of worker 0 on epoch 1 is 51.8%
The accuracy of the model of worker 0 on epoch 1 is 41.12%
The accuracy of the model of worker 0 on epoch 1 is 59.9%
The accuracy of the model of worker 0 on epoch 1 is 46.54%
The accuracy of the model of worker 0 on epoch 11 is 80.82%
The accuracy of the model of worker 0 on epoch 11 is 61.62%
The accuracy of the model of worker 0 on epoch 11 is 84.7%
The accuracy of the model of worker 0 on epoch 11 is 78.88%
The accuracy of the model of worker 0 on epoch 11 is 80.34%
The accuracy of the model of worker 0 on epoch 11 is 85.1%
The accuracy of the model of worker 0 on epoch 11 is 79.22%
The accuracy of the model of worker 0 on epoch 21 is 84.96%
The accuracy of the model of worker 0 on epoch 21 is 88.24%
The accuracy of the model of worker 0 on epoch 21 is 84.86%
The accuracy of the model of worker 0 on epoch 21 is 88.34%
The accuracy of the model of worker 0 on epoch 21 is 71.34%
The accuracy of the model of worker 0 on epoch 21 is 89.34%
The accuracy of the model of worker 0 on epoch 21 is 83.8%
The accuracy of the model of worker 0 on epoch 25 is 84.74%
Running on GPU  6
Files already downloaded and verified
Files already downloaded and verified
The accuracy of the model of worker 0 on epoch 0 is 10.64%
The accuracy of the model of worker 0 on epoch 25 is 88.3%
Running on GPU  3
Files already downloaded and verified
The accuracy of the model of worker 0 on epoch 25 is 83.2%
Files already downloaded and verified
The accuracy of the model of worker 0 on epoch 25 is 87.54%
Running on GPU  1
The accuracy of the model of worker 0 on epoch 25 is 89.48%
The accuracy of the model of worker 0 on epoch 25 is 69.74%
Files already downloaded and verified
Running on GPU  5
Files already downloaded and verified
Files already downloaded and verified
Running on GPU  2
Running on GPU  4
The accuracy of the model of worker 0 on epoch 0 is 10.64%
Files already downloaded and verified
Files already downloaded and verified
Files already downloaded and verified
Files already downloaded and verified
Files already downloaded and verified
The accuracy of the model of worker 0 on epoch 0 is 10.64%
The accuracy of the model of worker 0 on epoch 0 is 10.64%
The accuracy of the model of worker 0 on epoch 0 is 10.64%
The accuracy of the model of worker 0 on epoch 0 is 10.64%
The accuracy of the model of worker 0 on epoch 25 is 81.42%
Running on GPU  7
Files already downloaded and verified
Files already downloaded and verified
The accuracy of the model of worker 0 on epoch 0 is 10.64%
The accuracy of the model of worker 0 on epoch 1 is 42.62%
The accuracy of the model of worker 0 on epoch 1 is 46.5%
The accuracy of the model of worker 0 on epoch 1 is 56.42%
The accuracy of the model of worker 0 on epoch 1 is 54.04%
The accuracy of the model of worker 0 on epoch 1 is 57.04%
The accuracy of the model of worker 0 on epoch 1 is 48.4%
The accuracy of the model of worker 0 on epoch 1 is 56.86%
The accuracy of the model of worker 0 on epoch 11 is 80.68%
The accuracy of the model of worker 0 on epoch 11 is 79.64%
The accuracy of the model of worker 0 on epoch 11 is 85.16%
The accuracy of the model of worker 0 on epoch 11 is 82.16%
The accuracy of the model of worker 0 on epoch 11 is 83.88%
The accuracy of the model of worker 0 on epoch 11 is 85.02%
The accuracy of the model of worker 0 on epoch 11 is 85.4%
The accuracy of the model of worker 0 on epoch 21 is 85.46%
The accuracy of the model of worker 0 on epoch 21 is 83.82%
The accuracy of the model of worker 0 on epoch 21 is 88.58%
The accuracy of the model of worker 0 on epoch 21 is 86.7%
The accuracy of the model of worker 0 on epoch 21 is 89.78%
The accuracy of the model of worker 0 on epoch 21 is 87.62%
The accuracy of the model of worker 0 on epoch 21 is 88.84%
The accuracy of the model of worker 0 on epoch 25 is 88.16%
Running on GPU  6
Files already downloaded and verified
Files already downloaded and verified
The accuracy of the model of worker 0 on epoch 0 is 10.64%
The accuracy of the model of worker 0 on epoch 25 is 83.88%
Running on GPU  3
Files already downloaded and verified
Files already downloaded and verified
The accuracy of the model of worker 0 on epoch 25 is 88.2%
The accuracy of the model of worker 0 on epoch 25 is 87.94%
The accuracy of the model of worker 0 on epoch 25 is 88.4%
Running on GPU  1
Files already downloaded and verified
The accuracy of the model of worker 0 on epoch 0 is 10.64%
Running on GPU  2
Running on GPU  4
Files already downloaded and verified
Files already downloaded and verified
Files already downloaded and verified
Files already downloaded and verified
Files already downloaded and verified
The accuracy of the model of worker 0 on epoch 25 is 88.04%
Running on GPU  5
Files already downloaded and verified
The accuracy of the model of worker 0 on epoch 0 is 10.64%
Files already downloaded and verified
The accuracy of the model of worker 0 on epoch 0 is 10.64%
The accuracy of the model of worker 0 on epoch 0 is 10.64%
The accuracy of the model of worker 0 on epoch 0 is 10.64%
The accuracy of the model of worker 0 on epoch 25 is 86.98%
Running on GPU  7
Files already downloaded and verified
Files already downloaded and verified
The accuracy of the model of worker 0 on epoch 0 is 10.64%
The accuracy of the model of worker 0 on epoch 1 is 55.22%
The accuracy of the model of worker 0 on epoch 1 is 50.52%
The accuracy of the model of worker 0 on epoch 1 is 28.34%
The accuracy of the model of worker 0 on epoch 1 is 25.34%
The accuracy of the model of worker 0 on epoch 1 is 9.86%
The accuracy of the model of worker 0 on epoch 1 is 50.06%
The accuracy of the model of worker 0 on epoch 1 is 46.72%
The accuracy of the model of worker 0 on epoch 11 is 84.46%
The accuracy of the model of worker 0 on epoch 11 is 84.16%
The accuracy of the model of worker 0 on epoch 11 is 81.0%
The accuracy of the model of worker 0 on epoch 11 is 12.48%
The accuracy of the model of worker 0 on epoch 11 is 83.52%
The accuracy of the model of worker 0 on epoch 11 is 83.78%
The accuracy of the model of worker 0 on epoch 11 is 85.64%
The accuracy of the model of worker 0 on epoch 21 is 85.7%
The accuracy of the model of worker 0 on epoch 21 is 88.14%
The accuracy of the model of worker 0 on epoch 21 is 14.58%
The accuracy of the model of worker 0 on epoch 21 is 85.62%
The accuracy of the model of worker 0 on epoch 21 is 87.12%
The accuracy of the model of worker 0 on epoch 21 is 86.38%
The accuracy of the model of worker 0 on epoch 21 is 87.88%
The accuracy of the model of worker 0 on epoch 25 is 90.12%
Running on GPU  6
Files already downloaded and verified
Files already downloaded and verified
The accuracy of the model of worker 0 on epoch 0 is 10.64%
The accuracy of the model of worker 0 on epoch 25 is 89.6%
Running on GPU  3
Files already downloaded and verified
Files already downloaded and verified
The accuracy of the model of worker 0 on epoch 0 is 10.64%
The accuracy of the model of worker 0 on epoch 25 is 10.02%
Running on GPU  4
Files already downloaded and verified
The accuracy of the model of worker 0 on epoch 25 is 85.52%
Files already downloaded and verified
The accuracy of the model of worker 0 on epoch 25 is 88.86%
Running on GPU  2
Files already downloaded and verified
Running on GPU  1
Files already downloaded and verified
Files already downloaded and verified
Files already downloaded and verified
The accuracy of the model of worker 0 on epoch 0 is 10.64%
The accuracy of the model of worker 0 on epoch 25 is 88.32%
The accuracy of the model of worker 0 on epoch 0 is 10.64%
Running on GPU  5
Files already downloaded and verified
The accuracy of the model of worker 0 on epoch 0 is 10.64%
Files already downloaded and verified
The accuracy of the model of worker 0 on epoch 0 is 10.64%
The accuracy of the model of worker 0 on epoch 25 is 88.24%
Running on GPU  7
Files already downloaded and verified
Files already downloaded and verified
The accuracy of the model of worker 0 on epoch 1 is 22.08%
The accuracy of the model of worker 0 on epoch 0 is 10.64%
The accuracy of the model of worker 0 on epoch 1 is 9.76%
The accuracy of the model of worker 0 on epoch 1 is 52.96%
The accuracy of the model of worker 0 on epoch 1 is 47.3%
The accuracy of the model of worker 0 on epoch 1 is 34.76%
The accuracy of the model of worker 0 on epoch 1 is 46.56%
The accuracy of the model of worker 0 on epoch 1 is 58.54%
Search is done

The default configuration has an accuracy of 0.872. 
The best configuration found by DeepHyper has an accuracy 0.901, 
finished after 513.18 seconds of search.

The accuracy of the model of worker 0 on epoch 11 is 83.2%
The accuracy of the model of worker 0 on epoch 11 is 10.02%
The accuracy of the model of worker 0 on epoch 11 is 85.6%
The accuracy of the model of worker 0 on epoch 11 is 85.98%
The accuracy of the model of worker 0 on epoch 11 is 81.54%
The accuracy of the model of worker 0 on epoch 11 is 84.34%
The accuracy of the model of worker 0 on epoch 11 is 85.6%
The accuracy of the model of worker 0 on epoch 21 is 85.16%
The accuracy of the model of worker 0 on epoch 21 is 11.04%
The accuracy of the model of worker 0 on epoch 21 is 86.6%
The accuracy of the model of worker 0 on epoch 21 is 88.34%
The accuracy of the model of worker 0 on epoch 21 is 87.34%
The accuracy of the model of worker 0 on epoch 21 is 87.4%
The accuracy of the model of worker 0 on epoch 21 is 88.34%
The accuracy of the model of worker 0 on epoch 25 is 88.58%
The accuracy of the model of worker 0 on epoch 25 is 10.02%
The accuracy of the model of worker 0 on epoch 25 is 89.38%
The accuracy of the model of worker 0 on epoch 25 is 90.54%
The accuracy of the model of worker 0 on epoch 25 is 87.1%
The accuracy of the model of worker 0 on epoch 25 is 88.32%
The accuracy of the model of worker 0 on epoch 25 is 89.38%
[0m[0m[0m[0m[0m[0m[0m[0m